<?xml version="1.0" encoding="utf-8"?>
<bom xmlns:xsi="http://www.w3.org/2001/XMLSchema-instance" xmlns:xsd="http://www.w3.org/2001/XMLSchema" serialNumber="urn:uuid:86780050-db78-4319-a621-dfceff37448b" version="1" xmlns="http://cyclonedx.org/schema/bom/1.5">
  <metadata>
    <tools>
      <tool>
        <vendor>CycloneDX</vendor>
        <name>cargo-cyclonedx</name>
        <version>0.3.8</version>
        <hashes />
      </tool>
      <tool>
        <vendor>anchore</vendor>
        <name>syft</name>
        <version>0.55.0</version>
        <hashes />
      </tool>
    </tools>
    <component type="application" bom-ref="test-merge@1.2.3">
      <name>test-merge</name>
      <version>1.2.3</version>
    </component>
  </metadata>
  <components>
    <component type="application" bom-ref="windfarm-monitoring@0.3.7:pkg:cargo/windfarm-monitoring@0.3.7">
      <name>windfarm-monitoring</name>
      <version>0.3.7</version>
      <description>This edge module simulates metrics of a virtual windfarm device.</description>
      <scope>required</scope>
      <licenses>
        <expression>MIT OR Apache-2.0</expression>
      </licenses>
      <purl>pkg:cargo/windfarm-monitoring@0.3.7</purl>
      <externalReferences>
        <reference type="website">
          <url>https://www.omnect.io/home</url>
        </reference>
      </externalReferences>
      <components>
        <component type="library" bom-ref="windfarm-monitoring@0.3.7:pkg:cargo/actix-codec@0.5.2">
          <name>actix-codec</name>
          <version>0.5.2</version>
          <description>Codec utilities for working with framed protocols</description>
          <scope>required</scope>
          <licenses>
            <expression>MIT OR Apache-2.0</expression>
          </licenses>
          <purl>pkg:cargo/actix-codec@0.5.2</purl>
          <externalReferences>
            <reference type="vcs">
              <url>https://github.com/actix/actix-net</url>
            </reference>
          </externalReferences>
        </component>
        <component type="library" bom-ref="windfarm-monitoring@0.3.7:pkg:cargo/actix-http@3.8.0">
          <name>actix-http</name>
          <version>3.8.0</version>
          <description>HTTP types and services for the Actix ecosystem</description>
          <scope>required</scope>
          <licenses>
            <expression>MIT OR Apache-2.0</expression>
          </licenses>
          <purl>pkg:cargo/actix-http@3.8.0</purl>
          <externalReferences>
            <reference type="website">
              <url>https://actix.rs</url>
            </reference>
            <reference type="vcs">
              <url>https://github.com/actix/actix-web</url>
            </reference>
          </externalReferences>
        </component>
        <component type="library" bom-ref="windfarm-monitoring@0.3.7:pkg:cargo/actix-macros@0.2.4">
          <name>actix-macros</name>
          <version>0.2.4</version>
          <description>Macros for Actix system and runtime</description>
          <scope>required</scope>
          <licenses>
            <expression>MIT OR Apache-2.0</expression>
          </licenses>
          <purl>pkg:cargo/actix-macros@0.2.4</purl>
          <externalReferences>
            <reference type="vcs">
              <url>https://github.com/actix/actix-net.git</url>
            </reference>
          </externalReferences>
        </component>
        <component type="library" bom-ref="windfarm-monitoring@0.3.7:pkg:cargo/actix-router@0.5.3">
          <name>actix-router</name>
          <version>0.5.3</version>
          <description>Resource path matching and router</description>
          <scope>required</scope>
          <licenses>
            <expression>MIT OR Apache-2.0</expression>
          </licenses>
          <purl>pkg:cargo/actix-router@0.5.3</purl>
          <externalReferences>
            <reference type="vcs">
              <url>https://github.com/actix/actix-web</url>
            </reference>
          </externalReferences>
        </component>
        <component type="library" bom-ref="windfarm-monitoring@0.3.7:pkg:cargo/actix-rt@2.10.0">
          <name>actix-rt</name>
          <version>2.10.0</version>
          <description>Tokio-based single-threaded async runtime for the Actix ecosystem</description>
          <scope>required</scope>
          <licenses>
            <expression>MIT OR Apache-2.0</expression>
          </licenses>
          <purl>pkg:cargo/actix-rt@2.10.0</purl>
          <externalReferences>
            <reference type="website">
              <url>https://actix.rs</url>
            </reference>
            <reference type="vcs">
              <url>https://github.com/actix/actix-net</url>
            </reference>
          </externalReferences>
        </component>
        <component type="library" bom-ref="windfarm-monitoring@0.3.7:pkg:cargo/actix-server@2.4.0">
          <name>actix-server</name>
          <version>2.4.0</version>
          <description>General purpose TCP server built for the Actix ecosystem</description>
          <scope>required</scope>
          <licenses>
            <expression>MIT OR Apache-2.0</expression>
          </licenses>
          <purl>pkg:cargo/actix-server@2.4.0</purl>
          <externalReferences>
            <reference type="website">
              <url>https://actix.rs</url>
            </reference>
            <reference type="vcs">
              <url>https://github.com/actix/actix-net/tree/master/actix-server</url>
            </reference>
          </externalReferences>
        </component>
        <component type="library" bom-ref="windfarm-monitoring@0.3.7:pkg:cargo/actix-service@2.0.2">
          <name>actix-service</name>
          <version>2.0.2</version>
          <description>Service trait and combinators for representing asynchronous request/response operations.</description>
          <scope>required</scope>
          <licenses>
            <expression>MIT OR Apache-2.0</expression>
          </licenses>
          <purl>pkg:cargo/actix-service@2.0.2</purl>
          <externalReferences>
            <reference type="vcs">
              <url>https://github.com/actix/actix-net</url>
            </reference>
          </externalReferences>
        </component>
        <component type="library" bom-ref="windfarm-monitoring@0.3.7:pkg:cargo/actix-utils@3.0.1">
          <name>actix-utils</name>
          <version>3.0.1</version>
          <description>Various utilities used in the Actix ecosystem</description>
          <scope>required</scope>
          <licenses>
            <expression>MIT OR Apache-2.0</expression>
          </licenses>
          <purl>pkg:cargo/actix-utils@3.0.1</purl>
          <externalReferences>
            <reference type="vcs">
              <url>https://github.com/actix/actix-net</url>
            </reference>
          </externalReferences>
        </component>
        <component type="library" bom-ref="windfarm-monitoring@0.3.7:pkg:cargo/actix-web@4.8.0">
          <name>actix-web</name>
          <version>4.8.0</version>
          <description>Actix Web is a powerful, pragmatic, and extremely fast web framework for Rust</description>
          <scope>required</scope>
          <licenses>
            <expression>MIT OR Apache-2.0</expression>
          </licenses>
          <purl>pkg:cargo/actix-web@4.8.0</purl>
          <externalReferences>
            <reference type="website">
              <url>https://actix.rs</url>
            </reference>
            <reference type="vcs">
              <url>https://github.com/actix/actix-web</url>
            </reference>
          </externalReferences>
        </component>
        <component type="library" bom-ref="windfarm-monitoring@0.3.7:pkg:cargo/actix-web-codegen@4.3.0">
          <name>actix-web-codegen</name>
          <version>4.3.0</version>
          <description>Routing and runtime macros for Actix Web</description>
          <scope>required</scope>
          <licenses>
            <expression>MIT OR Apache-2.0</expression>
          </licenses>
          <purl>pkg:cargo/actix-web-codegen@4.3.0</purl>
          <externalReferences>
            <reference type="website">
              <url>https://actix.rs</url>
            </reference>
            <reference type="vcs">
              <url>https://github.com/actix/actix-web</url>
            </reference>
          </externalReferences>
        </component>
        <component type="library" bom-ref="windfarm-monitoring@0.3.7:pkg:cargo/addr2line@0.22.0">
          <name>addr2line</name>
          <version>0.22.0</version>
          <description>A cross-platform symbolication library written in Rust, using `gimli`</description>
          <scope>required</scope>
          <licenses>
            <expression>Apache-2.0 OR MIT</expression>
          </licenses>
          <purl>pkg:cargo/addr2line@0.22.0</purl>
          <externalReferences>
            <reference type="documentation">
              <url>https://docs.rs/addr2line</url>
            </reference>
            <reference type="vcs">
              <url>https://github.com/gimli-rs/addr2line</url>
            </reference>
          </externalReferences>
        </component>
        <component type="library" bom-ref="windfarm-monitoring@0.3.7:pkg:cargo/adler@1.0.2">
          <name>adler</name>
          <version>1.0.2</version>
          <description>A simple clean-room implementation of the Adler-32 checksum</description>
          <scope>required</scope>
          <licenses>
            <expression>0BSD OR MIT OR Apache-2.0</expression>
          </licenses>
          <purl>pkg:cargo/adler@1.0.2</purl>
          <externalReferences>
            <reference type="documentation">
              <url>https://docs.rs/adler/</url>
            </reference>
            <reference type="vcs">
              <url>https://github.com/jonas-schievink/adler.git</url>
            </reference>
          </externalReferences>
        </component>
        <component type="library" bom-ref="windfarm-monitoring@0.3.7:pkg:cargo/ahash@0.8.11">
          <name>ahash</name>
          <version>0.8.11</version>
          <description>A non-cryptographic hash function using AES-NI for high performance</description>
          <scope>required</scope>
          <licenses>
            <expression>MIT OR Apache-2.0</expression>
          </licenses>
          <purl>pkg:cargo/ahash@0.8.11</purl>
          <externalReferences>
            <reference type="documentation">
              <url>https://docs.rs/ahash</url>
            </reference>
            <reference type="vcs">
              <url>https://github.com/tkaitchuck/ahash</url>
            </reference>
          </externalReferences>
        </component>
        <component type="library" bom-ref="windfarm-monitoring@0.3.7:pkg:cargo/aho-corasick@1.1.3">
          <name>aho-corasick</name>
          <version>1.1.3</version>
          <description>Fast multiple substring searching.</description>
          <scope>required</scope>
          <licenses>
            <expression>Unlicense OR MIT</expression>
          </licenses>
          <purl>pkg:cargo/aho-corasick@1.1.3</purl>
          <externalReferences>
            <reference type="website">
              <url>https://github.com/BurntSushi/aho-corasick</url>
            </reference>
            <reference type="vcs">
              <url>https://github.com/BurntSushi/aho-corasick</url>
            </reference>
          </externalReferences>
        </component>
        <component type="library" bom-ref="windfarm-monitoring@0.3.7:pkg:cargo/alloc-no-stdlib@2.0.4">
          <name>alloc-no-stdlib</name>
          <version>2.0.4</version>
          <description>A dynamic allocator that may be used with or without the stdlib. This allows a package with nostd to allocate memory dynamically and be used either with a custom allocator, items on the stack, or by a package that wishes to simply use Box&lt;&gt;. It also provides options to use calloc or a mutable global variable for pre-zeroed memory</description>
          <scope>required</scope>
          <licenses>
            <expression>BSD-3-Clause</expression>
          </licenses>
          <purl>pkg:cargo/alloc-no-stdlib@2.0.4</purl>
          <externalReferences>
            <reference type="documentation">
              <url>https://raw.githubusercontent.com/dropbox/rust-alloc-no-stdlib/master/tests/lib.rs</url>
            </reference>
            <reference type="website">
              <url>https://github.com/dropbox/rust-alloc-no-stdlib</url>
            </reference>
            <reference type="vcs">
              <url>https://github.com/dropbox/rust-alloc-no-stdlib</url>
            </reference>
          </externalReferences>
        </component>
        <component type="library" bom-ref="windfarm-monitoring@0.3.7:pkg:cargo/alloc-stdlib@0.2.2">
          <name>alloc-stdlib</name>
          <version>0.2.2</version>
          <description>A dynamic allocator example that may be used with the stdlib</description>
          <scope>required</scope>
          <licenses>
            <expression>BSD-3-Clause</expression>
          </licenses>
          <purl>pkg:cargo/alloc-stdlib@0.2.2</purl>
          <externalReferences>
            <reference type="documentation">
              <url>https://raw.githubusercontent.com/dropbox/rust-alloc-no-stdlib/master/alloc-stdlib/tests/lib.rs</url>
            </reference>
            <reference type="website">
              <url>https://github.com/dropbox/rust-alloc-no-stdlib</url>
            </reference>
            <reference type="vcs">
              <url>https://github.com/dropbox/rust-alloc-no-stdlib</url>
            </reference>
          </externalReferences>
        </component>
        <component type="library" bom-ref="windfarm-monitoring@0.3.7:pkg:cargo/android-tzdata@0.1.1">
          <name>android-tzdata</name>
          <version>0.1.1</version>
          <description>Parser for the Android-specific tzdata file</description>
          <scope>required</scope>
          <licenses>
            <expression>MIT OR Apache-2.0</expression>
          </licenses>
          <purl>pkg:cargo/android-tzdata@0.1.1</purl>
          <externalReferences>
            <reference type="vcs">
              <url>https://github.com/RumovZ/android-tzdata</url>
            </reference>
          </externalReferences>
        </component>
        <component type="library" bom-ref="windfarm-monitoring@0.3.7:pkg:cargo/android_system_properties@0.1.5">
          <name>android_system_properties</name>
          <version>0.1.5</version>
          <description>Minimal Android system properties wrapper</description>
          <scope>required</scope>
          <licenses>
            <expression>MIT OR Apache-2.0</expression>
          </licenses>
          <purl>pkg:cargo/android_system_properties@0.1.5</purl>
          <externalReferences>
            <reference type="documentation">
              <url>https://docs.rs/android_system_properties</url>
            </reference>
            <reference type="website">
              <url>https://github.com/nical/android_system_properties</url>
            </reference>
            <reference type="vcs">
              <url>https://github.com/nical/android_system_properties</url>
            </reference>
          </externalReferences>
        </component>
        <component type="library" bom-ref="windfarm-monitoring@0.3.7:pkg:cargo/anyhow@1.0.86">
          <name>anyhow</name>
          <version>1.0.86</version>
          <description>Flexible concrete Error type built on std::error::Error</description>
          <scope>required</scope>
          <licenses>
            <expression>MIT OR Apache-2.0</expression>
          </licenses>
          <purl>pkg:cargo/anyhow@1.0.86</purl>
          <externalReferences>
            <reference type="documentation">
              <url>https://docs.rs/anyhow</url>
            </reference>
            <reference type="vcs">
              <url>https://github.com/dtolnay/anyhow</url>
            </reference>
          </externalReferences>
        </component>
        <component type="library" bom-ref="windfarm-monitoring@0.3.7:pkg:cargo/autocfg@1.3.0">
          <name>autocfg</name>
          <version>1.3.0</version>
          <description>Automatic cfg for Rust compiler features</description>
          <scope>required</scope>
          <licenses>
            <expression>Apache-2.0 OR MIT</expression>
          </licenses>
          <purl>pkg:cargo/autocfg@1.3.0</purl>
          <externalReferences>
            <reference type="documentation">
              <url>https://docs.rs/autocfg/</url>
            </reference>
            <reference type="vcs">
              <url>https://github.com/cuviper/autocfg</url>
            </reference>
          </externalReferences>
        </component>
        <component type="library" bom-ref="windfarm-monitoring@0.3.7:pkg:cargo/azure-iot-sdk@0.13.1">
          <name>azure-iot-sdk</name>
          <version>0.13.1</version>
          <scope>required</scope>
          <purl>pkg:cargo/azure-iot-sdk@0.13.1</purl>
        </component>
        <component type="library" bom-ref="windfarm-monitoring@0.3.7:pkg:cargo/azure-iot-sdk-sys@0.6.1">
          <name>azure-iot-sdk-sys</name>
          <version>0.6.1</version>
          <description>Basic sys crate to azure-iot-sdk-c lib.</description>
          <scope>required</scope>
          <licenses>
            <expression>MIT OR Apache-2.0</expression>
          </licenses>
          <purl>pkg:cargo/azure-iot-sdk-sys@0.6.1</purl>
          <externalReferences>
            <reference type="vcs">
              <url>https://github.com/omnect/azure-iot-sdk-sys</url>
            </reference>
          </externalReferences>
        </component>
        <component type="library" bom-ref="windfarm-monitoring@0.3.7:pkg:cargo/backtrace@0.3.73">
          <name>backtrace</name>
          <version>0.3.73</version>
          <description>A library to acquire a stack trace (backtrace) at runtime in a Rust program. </description>
          <scope>required</scope>
          <licenses>
            <expression>MIT OR Apache-2.0</expression>
          </licenses>
          <purl>pkg:cargo/backtrace@0.3.73</purl>
          <externalReferences>
            <reference type="documentation">
              <url>https://docs.rs/backtrace</url>
            </reference>
            <reference type="website">
              <url>https://github.com/rust-lang/backtrace-rs</url>
            </reference>
            <reference type="vcs">
              <url>https://github.com/rust-lang/backtrace-rs</url>
            </reference>
          </externalReferences>
        </component>
        <component type="library" bom-ref="windfarm-monitoring@0.3.7:pkg:cargo/base64@0.22.1">
          <name>base64</name>
          <version>0.22.1</version>
          <description>encodes and decodes base64 as bytes or utf8</description>
          <scope>required</scope>
          <licenses>
            <expression>MIT OR Apache-2.0</expression>
          </licenses>
          <purl>pkg:cargo/base64@0.22.1</purl>
          <externalReferences>
            <reference type="documentation">
              <url>https://docs.rs/base64</url>
            </reference>
            <reference type="vcs">
              <url>https://github.com/marshallpierce/rust-base64</url>
            </reference>
          </externalReferences>
        </component>
        <component type="library" bom-ref="windfarm-monitoring@0.3.7:pkg:cargo/bindgen@0.69.4">
          <name>bindgen</name>
          <version>0.69.4</version>
          <description>Automatically generates Rust FFI bindings to C and C++ libraries.</description>
          <scope>required</scope>
          <licenses>
            <expression>BSD-3-Clause</expression>
          </licenses>
          <purl>pkg:cargo/bindgen@0.69.4</purl>
          <externalReferences>
            <reference type="documentation">
              <url>https://docs.rs/bindgen</url>
            </reference>
            <reference type="website">
              <url>https://rust-lang.github.io/rust-bindgen/</url>
            </reference>
            <reference type="vcs">
              <url>https://github.com/rust-lang/rust-bindgen</url>
            </reference>
          </externalReferences>
        </component>
        <component type="library" bom-ref="windfarm-monitoring@0.3.7:pkg:cargo/bitflags@2.6.0">
          <name>bitflags</name>
          <version>2.6.0</version>
          <description>A macro to generate structures which behave like bitflags. </description>
          <scope>required</scope>
          <licenses>
            <expression>MIT OR Apache-2.0</expression>
          </licenses>
          <purl>pkg:cargo/bitflags@2.6.0</purl>
          <externalReferences>
            <reference type="documentation">
              <url>https://docs.rs/bitflags</url>
            </reference>
            <reference type="website">
              <url>https://github.com/bitflags/bitflags</url>
            </reference>
            <reference type="vcs">
              <url>https://github.com/bitflags/bitflags</url>
            </reference>
          </externalReferences>
        </component>
        <component type="library" bom-ref="windfarm-monitoring@0.3.7:pkg:cargo/block-buffer@0.10.4">
          <name>block-buffer</name>
          <version>0.10.4</version>
          <description>Buffer type for block processing of data</description>
          <scope>required</scope>
          <licenses>
            <expression>MIT OR Apache-2.0</expression>
          </licenses>
          <purl>pkg:cargo/block-buffer@0.10.4</purl>
          <externalReferences>
            <reference type="documentation">
              <url>https://docs.rs/block-buffer</url>
            </reference>
            <reference type="vcs">
              <url>https://github.com/RustCrypto/utils</url>
            </reference>
          </externalReferences>
        </component>
        <component type="library" bom-ref="windfarm-monitoring@0.3.7:pkg:cargo/brotli@6.0.0">
          <name>brotli</name>
          <version>6.0.0</version>
          <description>A brotli compressor and decompressor that with an interface avoiding the rust stdlib. This makes it suitable for embedded devices and kernels. It is designed with a pluggable allocator so that the standard lib's allocator may be employed. The default build also includes a stdlib allocator and stream interface. Disable this with --features=no-stdlib. All included code is safe.</description>
          <scope>required</scope>
          <licenses>
            <expression>BSD-3-Clause OR MIT</expression>
          </licenses>
          <purl>pkg:cargo/brotli@6.0.0</purl>
          <externalReferences>
            <reference type="documentation">
              <url>https://docs.rs/brotli/</url>
            </reference>
            <reference type="website">
              <url>https://github.com/dropbox/rust-brotli</url>
            </reference>
            <reference type="vcs">
              <url>https://github.com/dropbox/rust-brotli</url>
            </reference>
          </externalReferences>
        </component>
        <component type="library" bom-ref="windfarm-monitoring@0.3.7:pkg:cargo/brotli-decompressor@4.0.1">
          <name>brotli-decompressor</name>
          <version>4.0.1</version>
          <description>A brotli decompressor that with an interface avoiding the rust stdlib. This makes it suitable for embedded devices and kernels. It is designed with a pluggable allocator so that the standard lib's allocator may be employed. The default build also includes a stdlib allocator and stream interface. Disable this with --features=no-stdlib. Alternatively, --features=unsafe turns off array bounds checks and memory initialization but provides a safe interface for the caller.  Without adding the --features=unsafe argument, all included code is safe. For compression in addition to this library, download https://github.com/dropbox/rust-brotli </description>
          <scope>required</scope>
          <licenses>
            <expression>BSD-3-Clause OR MIT</expression>
          </licenses>
          <purl>pkg:cargo/brotli-decompressor@4.0.1</purl>
          <externalReferences>
            <reference type="documentation">
              <url>https://github.com/dropbox/rust-brotli-decompressor/blob/master/README.md</url>
            </reference>
            <reference type="website">
              <url>https://github.com/dropbox/rust-brotli-decompressor</url>
            </reference>
            <reference type="vcs">
              <url>https://github.com/dropbox/rust-brotli-decompressor</url>
            </reference>
          </externalReferences>
        </component>
        <component type="library" bom-ref="windfarm-monitoring@0.3.7:pkg:cargo/bumpalo@3.16.0">
          <name>bumpalo</name>
          <version>3.16.0</version>
          <description>A fast bump allocation arena for Rust.</description>
          <scope>required</scope>
          <licenses>
            <expression>MIT OR Apache-2.0</expression>
          </licenses>
          <purl>pkg:cargo/bumpalo@3.16.0</purl>
          <externalReferences>
            <reference type="documentation">
              <url>https://docs.rs/bumpalo</url>
            </reference>
            <reference type="vcs">
              <url>https://github.com/fitzgen/bumpalo</url>
            </reference>
          </externalReferences>
        </component>
        <component type="library" bom-ref="windfarm-monitoring@0.3.7:pkg:cargo/bytes@1.6.0">
          <name>bytes</name>
          <version>1.6.0</version>
          <description>Types and traits for working with bytes</description>
          <scope>required</scope>
          <licenses>
            <expression>MIT</expression>
          </licenses>
          <purl>pkg:cargo/bytes@1.6.0</purl>
          <externalReferences>
            <reference type="vcs">
              <url>https://github.com/tokio-rs/bytes</url>
            </reference>
          </externalReferences>
        </component>
        <component type="library" bom-ref="windfarm-monitoring@0.3.7:pkg:cargo/bytestring@1.3.1">
          <name>bytestring</name>
          <version>1.3.1</version>
          <description>A UTF-8 encoded read-only string using `Bytes` as storage</description>
          <scope>required</scope>
          <licenses>
            <expression>MIT OR Apache-2.0</expression>
          </licenses>
          <purl>pkg:cargo/bytestring@1.3.1</purl>
          <externalReferences>
            <reference type="website">
              <url>https://actix.rs</url>
            </reference>
            <reference type="vcs">
              <url>https://github.com/actix/actix-net.git</url>
            </reference>
          </externalReferences>
        </component>
        <component type="library" bom-ref="windfarm-monitoring@0.3.7:pkg:cargo/cc@1.0.104">
          <name>cc</name>
          <version>1.0.104</version>
          <description>A build-time dependency for Cargo build scripts to assist in invoking the native C compiler to compile native C code into a static archive to be linked into Rust code. </description>
          <scope>required</scope>
          <licenses>
            <expression>MIT OR Apache-2.0</expression>
          </licenses>
          <purl>pkg:cargo/cc@1.0.104</purl>
          <externalReferences>
            <reference type="documentation">
              <url>https://docs.rs/cc</url>
            </reference>
            <reference type="website">
              <url>https://github.com/rust-lang/cc-rs</url>
            </reference>
            <reference type="vcs">
              <url>https://github.com/rust-lang/cc-rs</url>
            </reference>
          </externalReferences>
        </component>
        <component type="library" bom-ref="windfarm-monitoring@0.3.7:pkg:cargo/cexpr@0.6.0">
          <name>cexpr</name>
          <version>0.6.0</version>
          <description>A C expression parser and evaluator</description>
          <scope>required</scope>
          <licenses>
            <expression>Apache-2.0 OR MIT</expression>
          </licenses>
          <purl>pkg:cargo/cexpr@0.6.0</purl>
          <externalReferences>
            <reference type="documentation">
              <url>https://docs.rs/cexpr/</url>
            </reference>
            <reference type="vcs">
              <url>https://github.com/jethrogb/rust-cexpr</url>
            </reference>
          </externalReferences>
        </component>
        <component type="library" bom-ref="windfarm-monitoring@0.3.7:pkg:cargo/cfg-if@1.0.0">
          <name>cfg-if</name>
          <version>1.0.0</version>
          <description>A macro to ergonomically define an item depending on a large number of #[cfg] parameters. Structured like an if-else chain, the first matching branch is the item that gets emitted. </description>
          <scope>required</scope>
          <licenses>
            <expression>MIT OR Apache-2.0</expression>
          </licenses>
          <purl>pkg:cargo/cfg-if@1.0.0</purl>
          <externalReferences>
            <reference type="documentation">
              <url>https://docs.rs/cfg-if</url>
            </reference>
            <reference type="website">
              <url>https://github.com/alexcrichton/cfg-if</url>
            </reference>
            <reference type="vcs">
              <url>https://github.com/alexcrichton/cfg-if</url>
            </reference>
          </externalReferences>
        </component>
        <component type="library" bom-ref="windfarm-monitoring@0.3.7:pkg:cargo/chrono@0.4.38">
          <name>chrono</name>
          <version>0.4.38</version>
          <description>Date and time library for Rust</description>
          <scope>required</scope>
          <licenses>
            <expression>MIT OR Apache-2.0</expression>
          </licenses>
          <purl>pkg:cargo/chrono@0.4.38</purl>
          <externalReferences>
            <reference type="documentation">
              <url>https://docs.rs/chrono/</url>
            </reference>
            <reference type="website">
              <url>https://github.com/chronotope/chrono</url>
            </reference>
            <reference type="vcs">
              <url>https://github.com/chronotope/chrono</url>
            </reference>
          </externalReferences>
        </component>
        <component type="library" bom-ref="windfarm-monitoring@0.3.7:pkg:cargo/clang-sys@1.8.1">
          <name>clang-sys</name>
          <version>1.8.1</version>
          <description>Rust bindings for libclang.</description>
          <scope>required</scope>
          <licenses>
            <expression>Apache-2.0</expression>
          </licenses>
          <purl>pkg:cargo/clang-sys@1.8.1</purl>
          <externalReferences>
            <reference type="documentation">
              <url>https://docs.rs/clang-sys</url>
            </reference>
            <reference type="other">
              <url>clang</url>
            </reference>
            <reference type="vcs">
              <url>https://github.com/KyleMayes/clang-sys</url>
            </reference>
          </externalReferences>
        </component>
        <component type="library" bom-ref="windfarm-monitoring@0.3.7:pkg:cargo/convert_case@0.4.0">
          <name>convert_case</name>
          <version>0.4.0</version>
          <description>Convert strings into any case</description>
          <scope>required</scope>
          <licenses>
            <expression>MIT</expression>
          </licenses>
          <purl>pkg:cargo/convert_case@0.4.0</purl>
          <externalReferences>
            <reference type="vcs">
              <url>https://github.com/rutrum/convert-case</url>
            </reference>
          </externalReferences>
        </component>
        <component type="library" bom-ref="windfarm-monitoring@0.3.7:pkg:cargo/cookie@0.16.2">
          <name>cookie</name>
          <version>0.16.2</version>
          <description>HTTP cookie parsing and cookie jar management. Supports signed and private (encrypted, authenticated) jars. </description>
          <scope>required</scope>
          <licenses>
            <expression>MIT OR Apache-2.0</expression>
          </licenses>
          <purl>pkg:cargo/cookie@0.16.2</purl>
          <externalReferences>
            <reference type="documentation">
              <url>https://docs.rs/cookie</url>
            </reference>
            <reference type="vcs">
              <url>https://github.com/SergioBenitez/cookie-rs</url>
            </reference>
          </externalReferences>
        </component>
        <component type="library" bom-ref="windfarm-monitoring@0.3.7:pkg:cargo/core-foundation-sys@0.8.6">
          <name>core-foundation-sys</name>
          <version>0.8.6</version>
          <description>Bindings to Core Foundation for macOS</description>
          <scope>required</scope>
          <licenses>
            <expression>MIT OR Apache-2.0</expression>
          </licenses>
          <purl>pkg:cargo/core-foundation-sys@0.8.6</purl>
          <externalReferences>
            <reference type="website">
              <url>https://github.com/servo/core-foundation-rs</url>
            </reference>
            <reference type="vcs">
              <url>https://github.com/servo/core-foundation-rs</url>
            </reference>
          </externalReferences>
        </component>
        <component type="library" bom-ref="windfarm-monitoring@0.3.7:pkg:cargo/cpufeatures@0.2.12">
          <name>cpufeatures</name>
          <version>0.2.12</version>
          <description>Lightweight runtime CPU feature detection for aarch64, loongarch64, and x86/x86_64 targets,  with no_std support and support for mobile targets including Android and iOS </description>
          <scope>required</scope>
          <licenses>
            <expression>MIT OR Apache-2.0</expression>
          </licenses>
          <purl>pkg:cargo/cpufeatures@0.2.12</purl>
          <externalReferences>
            <reference type="documentation">
              <url>https://docs.rs/cpufeatures</url>
            </reference>
            <reference type="vcs">
              <url>https://github.com/RustCrypto/utils</url>
            </reference>
          </externalReferences>
        </component>
        <component type="library" bom-ref="windfarm-monitoring@0.3.7:pkg:cargo/crc32fast@1.4.2">
          <name>crc32fast</name>
          <version>1.4.2</version>
          <description>Fast, SIMD-accelerated CRC32 (IEEE) checksum computation</description>
          <scope>required</scope>
          <licenses>
            <expression>MIT OR Apache-2.0</expression>
          </licenses>
          <purl>pkg:cargo/crc32fast@1.4.2</purl>
          <externalReferences>
            <reference type="vcs">
              <url>https://github.com/srijs/rust-crc32fast</url>
            </reference>
          </externalReferences>
        </component>
        <component type="library" bom-ref="windfarm-monitoring@0.3.7:pkg:cargo/crypto-common@0.1.6">
          <name>crypto-common</name>
          <version>0.1.6</version>
          <description>Common cryptographic traits</description>
          <scope>required</scope>
          <licenses>
            <expression>MIT OR Apache-2.0</expression>
          </licenses>
          <purl>pkg:cargo/crypto-common@0.1.6</purl>
          <externalReferences>
            <reference type="documentation">
              <url>https://docs.rs/crypto-common</url>
            </reference>
            <reference type="vcs">
              <url>https://github.com/RustCrypto/traits</url>
            </reference>
          </externalReferences>
        </component>
        <component type="library" bom-ref="windfarm-monitoring@0.3.7:pkg:cargo/default-env@0.1.1">
          <name>default-env</name>
          <version>0.1.1</version>
          <description>The `env!` macro but with a default value.</description>
          <scope>required</scope>
          <licenses>
            <expression>MIT</expression>
          </licenses>
          <purl>pkg:cargo/default-env@0.1.1</purl>
          <externalReferences>
            <reference type="vcs">
              <url>https://github.com/nhynes/default-env</url>
            </reference>
          </externalReferences>
        </component>
        <component type="library" bom-ref="windfarm-monitoring@0.3.7:pkg:cargo/deranged@0.3.11">
          <name>deranged</name>
          <version>0.3.11</version>
          <description>Ranged integers</description>
          <scope>required</scope>
          <licenses>
            <expression>MIT OR Apache-2.0</expression>
          </licenses>
          <purl>pkg:cargo/deranged@0.3.11</purl>
          <externalReferences>
            <reference type="vcs">
              <url>https://github.com/jhpratt/deranged</url>
            </reference>
          </externalReferences>
        </component>
        <component type="library" bom-ref="windfarm-monitoring@0.3.7:pkg:cargo/derive_more@0.99.18">
          <name>derive_more</name>
          <version>0.99.18</version>
          <description>Adds #[derive(x)] macros for more traits</description>
          <scope>required</scope>
          <licenses>
            <expression>MIT</expression>
          </licenses>
          <purl>pkg:cargo/derive_more@0.99.18</purl>
          <externalReferences>
            <reference type="documentation">
              <url>https://jeltef.github.io/derive_more/derive_more/</url>
            </reference>
            <reference type="vcs">
              <url>https://github.com/JelteF/derive_more</url>
            </reference>
          </externalReferences>
        </component>
        <component type="library" bom-ref="windfarm-monitoring@0.3.7:pkg:cargo/digest@0.10.7">
          <name>digest</name>
          <version>0.10.7</version>
          <description>Traits for cryptographic hash functions and message authentication codes</description>
          <scope>required</scope>
          <licenses>
            <expression>MIT OR Apache-2.0</expression>
          </licenses>
          <purl>pkg:cargo/digest@0.10.7</purl>
          <externalReferences>
            <reference type="documentation">
              <url>https://docs.rs/digest</url>
            </reference>
            <reference type="vcs">
              <url>https://github.com/RustCrypto/traits</url>
            </reference>
          </externalReferences>
        </component>
        <component type="library" bom-ref="windfarm-monitoring@0.3.7:pkg:cargo/either@1.13.0">
          <name>either</name>
          <version>1.13.0</version>
          <description>The enum `Either` with variants `Left` and `Right` is a general purpose sum type with two cases. </description>
          <scope>required</scope>
          <licenses>
            <expression>MIT OR Apache-2.0</expression>
          </licenses>
          <purl>pkg:cargo/either@1.13.0</purl>
          <externalReferences>
            <reference type="documentation">
              <url>https://docs.rs/either/1/</url>
            </reference>
            <reference type="vcs">
              <url>https://github.com/rayon-rs/either</url>
            </reference>
          </externalReferences>
        </component>
        <component type="library" bom-ref="windfarm-monitoring@0.3.7:pkg:cargo/encoding_rs@0.8.34">
          <name>encoding_rs</name>
          <version>0.8.34</version>
          <description>A Gecko-oriented implementation of the Encoding Standard</description>
          <scope>required</scope>
          <licenses>
            <expression>(Apache-2.0 OR MIT) AND BSD-3-Clause</expression>
          </licenses>
          <purl>pkg:cargo/encoding_rs@0.8.34</purl>
          <externalReferences>
            <reference type="documentation">
              <url>https://docs.rs/encoding_rs/</url>
            </reference>
            <reference type="website">
              <url>https://docs.rs/encoding_rs/</url>
            </reference>
            <reference type="vcs">
              <url>https://github.com/hsivonen/encoding_rs</url>
            </reference>
          </externalReferences>
        </component>
        <component type="library" bom-ref="windfarm-monitoring@0.3.7:pkg:cargo/env_filter@0.1.0">
          <name>env_filter</name>
          <version>0.1.0</version>
          <description>Filter log events using environment variables </description>
          <scope>required</scope>
          <licenses>
            <expression>MIT OR Apache-2.0</expression>
          </licenses>
          <purl>pkg:cargo/env_filter@0.1.0</purl>
          <externalReferences>
            <reference type="vcs">
              <url>https://github.com/rust-cli/env_logger</url>
            </reference>
          </externalReferences>
        </component>
        <component type="library" bom-ref="windfarm-monitoring@0.3.7:pkg:cargo/env_logger@0.11.3">
          <name>env_logger</name>
          <version>0.11.3</version>
          <description>A logging implementation for `log` which is configured via an environment variable. </description>
          <scope>required</scope>
          <licenses>
            <expression>MIT OR Apache-2.0</expression>
          </licenses>
          <purl>pkg:cargo/env_logger@0.11.3</purl>
          <externalReferences>
            <reference type="vcs">
              <url>https://github.com/rust-cli/env_logger</url>
            </reference>
          </externalReferences>
        </component>
        <component type="library" bom-ref="windfarm-monitoring@0.3.7:pkg:cargo/equivalent@1.0.1">
          <name>equivalent</name>
          <version>1.0.1</version>
          <description>Traits for key comparison in maps.</description>
          <scope>required</scope>
          <licenses>
            <expression>Apache-2.0 OR MIT</expression>
          </licenses>
          <purl>pkg:cargo/equivalent@1.0.1</purl>
          <externalReferences>
            <reference type="vcs">
              <url>https://github.com/cuviper/equivalent</url>
            </reference>
          </externalReferences>
        </component>
        <component type="library" bom-ref="windfarm-monitoring@0.3.7:pkg:cargo/errno@0.3.9">
          <name>errno</name>
          <version>0.3.9</version>
          <description>Cross-platform interface to the `errno` variable.</description>
          <scope>required</scope>
          <licenses>
            <expression>MIT OR Apache-2.0</expression>
          </licenses>
          <purl>pkg:cargo/errno@0.3.9</purl>
          <externalReferences>
            <reference type="documentation">
              <url>https://docs.rs/errno</url>
            </reference>
            <reference type="vcs">
              <url>https://github.com/lambda-fairy/rust-errno</url>
            </reference>
          </externalReferences>
        </component>
        <component type="library" bom-ref="windfarm-monitoring@0.3.7:pkg:cargo/flate2@1.0.30">
          <name>flate2</name>
          <version>1.0.30</version>
          <description>DEFLATE compression and decompression exposed as Read/BufRead/Write streams. Supports miniz_oxide and multiple zlib implementations. Supports zlib, gzip, and raw deflate streams. </description>
          <scope>required</scope>
          <licenses>
            <expression>MIT OR Apache-2.0</expression>
          </licenses>
          <purl>pkg:cargo/flate2@1.0.30</purl>
          <externalReferences>
            <reference type="documentation">
              <url>https://docs.rs/flate2</url>
            </reference>
            <reference type="website">
              <url>https://github.com/rust-lang/flate2-rs</url>
            </reference>
            <reference type="vcs">
              <url>https://github.com/rust-lang/flate2-rs</url>
            </reference>
          </externalReferences>
        </component>
        <component type="library" bom-ref="windfarm-monitoring@0.3.7:pkg:cargo/fnv@1.0.7">
          <name>fnv</name>
          <version>1.0.7</version>
          <description>Fowler–Noll–Vo hash function</description>
          <scope>required</scope>
          <licenses>
            <expression>Apache-2.0  OR  MIT</expression>
          </licenses>
          <purl>pkg:cargo/fnv@1.0.7</purl>
          <externalReferences>
            <reference type="documentation">
              <url>https://doc.servo.org/fnv/</url>
            </reference>
            <reference type="vcs">
              <url>https://github.com/servo/rust-fnv</url>
            </reference>
          </externalReferences>
        </component>
        <component type="library" bom-ref="windfarm-monitoring@0.3.7:pkg:cargo/form_urlencoded@1.2.1">
          <name>form_urlencoded</name>
          <version>1.2.1</version>
          <description>Parser and serializer for the application/x-www-form-urlencoded syntax, as used by HTML forms.</description>
          <scope>required</scope>
          <licenses>
            <expression>MIT OR Apache-2.0</expression>
          </licenses>
          <purl>pkg:cargo/form_urlencoded@1.2.1</purl>
          <externalReferences>
            <reference type="vcs">
              <url>https://github.com/servo/rust-url</url>
            </reference>
          </externalReferences>
        </component>
        <component type="library" bom-ref="windfarm-monitoring@0.3.7:pkg:cargo/futures@0.3.30">
          <name>futures</name>
          <version>0.3.30</version>
          <description>An implementation of futures and streams featuring zero allocations, composability, and iterator-like interfaces. </description>
          <scope>required</scope>
          <licenses>
            <expression>MIT OR Apache-2.0</expression>
          </licenses>
          <purl>pkg:cargo/futures@0.3.30</purl>
          <externalReferences>
            <reference type="website">
              <url>https://rust-lang.github.io/futures-rs</url>
            </reference>
            <reference type="vcs">
              <url>https://github.com/rust-lang/futures-rs</url>
            </reference>
          </externalReferences>
        </component>
        <component type="library" bom-ref="windfarm-monitoring@0.3.7:pkg:cargo/futures-channel@0.3.30">
          <name>futures-channel</name>
          <version>0.3.30</version>
          <description>Channels for asynchronous communication using futures-rs. </description>
          <scope>required</scope>
          <licenses>
            <expression>MIT OR Apache-2.0</expression>
          </licenses>
          <purl>pkg:cargo/futures-channel@0.3.30</purl>
          <externalReferences>
            <reference type="website">
              <url>https://rust-lang.github.io/futures-rs</url>
            </reference>
            <reference type="vcs">
              <url>https://github.com/rust-lang/futures-rs</url>
            </reference>
          </externalReferences>
        </component>
        <component type="library" bom-ref="windfarm-monitoring@0.3.7:pkg:cargo/futures-core@0.3.30">
          <name>futures-core</name>
          <version>0.3.30</version>
          <description>The core traits and types in for the `futures` library. </description>
          <scope>required</scope>
          <licenses>
            <expression>MIT OR Apache-2.0</expression>
          </licenses>
          <purl>pkg:cargo/futures-core@0.3.30</purl>
          <externalReferences>
            <reference type="website">
              <url>https://rust-lang.github.io/futures-rs</url>
            </reference>
            <reference type="vcs">
              <url>https://github.com/rust-lang/futures-rs</url>
            </reference>
          </externalReferences>
        </component>
        <component type="library" bom-ref="windfarm-monitoring@0.3.7:pkg:cargo/futures-executor@0.3.30">
          <name>futures-executor</name>
          <version>0.3.30</version>
          <description>Executors for asynchronous tasks based on the futures-rs library. </description>
          <scope>required</scope>
          <licenses>
            <expression>MIT OR Apache-2.0</expression>
          </licenses>
          <purl>pkg:cargo/futures-executor@0.3.30</purl>
          <externalReferences>
            <reference type="website">
              <url>https://rust-lang.github.io/futures-rs</url>
            </reference>
            <reference type="vcs">
              <url>https://github.com/rust-lang/futures-rs</url>
            </reference>
          </externalReferences>
        </component>
        <component type="library" bom-ref="windfarm-monitoring@0.3.7:pkg:cargo/futures-io@0.3.30">
          <name>futures-io</name>
          <version>0.3.30</version>
          <description>The `AsyncRead`, `AsyncWrite`, `AsyncSeek`, and `AsyncBufRead` traits for the futures-rs library. </description>
          <scope>required</scope>
          <licenses>
            <expression>MIT OR Apache-2.0</expression>
          </licenses>
          <purl>pkg:cargo/futures-io@0.3.30</purl>
          <externalReferences>
            <reference type="website">
              <url>https://rust-lang.github.io/futures-rs</url>
            </reference>
            <reference type="vcs">
              <url>https://github.com/rust-lang/futures-rs</url>
            </reference>
          </externalReferences>
        </component>
        <component type="library" bom-ref="windfarm-monitoring@0.3.7:pkg:cargo/futures-macro@0.3.30">
          <name>futures-macro</name>
          <version>0.3.30</version>
          <description>The futures-rs procedural macro implementations. </description>
          <scope>required</scope>
          <licenses>
            <expression>MIT OR Apache-2.0</expression>
          </licenses>
          <purl>pkg:cargo/futures-macro@0.3.30</purl>
          <externalReferences>
            <reference type="website">
              <url>https://rust-lang.github.io/futures-rs</url>
            </reference>
            <reference type="vcs">
              <url>https://github.com/rust-lang/futures-rs</url>
            </reference>
          </externalReferences>
        </component>
        <component type="library" bom-ref="windfarm-monitoring@0.3.7:pkg:cargo/futures-sink@0.3.30">
          <name>futures-sink</name>
          <version>0.3.30</version>
          <description>The asynchronous `Sink` trait for the futures-rs library. </description>
          <scope>required</scope>
          <licenses>
            <expression>MIT OR Apache-2.0</expression>
          </licenses>
          <purl>pkg:cargo/futures-sink@0.3.30</purl>
          <externalReferences>
            <reference type="website">
              <url>https://rust-lang.github.io/futures-rs</url>
            </reference>
            <reference type="vcs">
              <url>https://github.com/rust-lang/futures-rs</url>
            </reference>
          </externalReferences>
        </component>
        <component type="library" bom-ref="windfarm-monitoring@0.3.7:pkg:cargo/futures-task@0.3.30">
          <name>futures-task</name>
          <version>0.3.30</version>
          <description>Tools for working with tasks. </description>
          <scope>required</scope>
          <licenses>
            <expression>MIT OR Apache-2.0</expression>
          </licenses>
          <purl>pkg:cargo/futures-task@0.3.30</purl>
          <externalReferences>
            <reference type="website">
              <url>https://rust-lang.github.io/futures-rs</url>
            </reference>
            <reference type="vcs">
              <url>https://github.com/rust-lang/futures-rs</url>
            </reference>
          </externalReferences>
        </component>
        <component type="library" bom-ref="windfarm-monitoring@0.3.7:pkg:cargo/futures-util@0.3.30">
          <name>futures-util</name>
          <version>0.3.30</version>
          <description>Common utilities and extension traits for the futures-rs library. </description>
          <scope>required</scope>
          <licenses>
            <expression>MIT OR Apache-2.0</expression>
          </licenses>
          <purl>pkg:cargo/futures-util@0.3.30</purl>
          <externalReferences>
            <reference type="website">
              <url>https://rust-lang.github.io/futures-rs</url>
            </reference>
            <reference type="vcs">
              <url>https://github.com/rust-lang/futures-rs</url>
            </reference>
          </externalReferences>
        </component>
        <component type="library" bom-ref="windfarm-monitoring@0.3.7:pkg:cargo/generic-array@0.14.7">
          <name>generic-array</name>
          <version>0.14.7</version>
          <description>Generic types implementing functionality of arrays</description>
          <scope>required</scope>
          <licenses>
            <expression>MIT</expression>
          </licenses>
          <purl>pkg:cargo/generic-array@0.14.7</purl>
          <externalReferences>
            <reference type="documentation">
              <url>http://fizyk20.github.io/generic-array/generic_array/</url>
            </reference>
            <reference type="vcs">
              <url>https://github.com/fizyk20/generic-array.git</url>
            </reference>
          </externalReferences>
        </component>
        <component type="library" bom-ref="windfarm-monitoring@0.3.7:pkg:cargo/getrandom@0.2.15">
          <name>getrandom</name>
          <version>0.2.15</version>
          <description>A small cross-platform library for retrieving random data from system source</description>
          <scope>required</scope>
          <licenses>
            <expression>MIT OR Apache-2.0</expression>
          </licenses>
          <purl>pkg:cargo/getrandom@0.2.15</purl>
          <externalReferences>
            <reference type="documentation">
              <url>https://docs.rs/getrandom</url>
            </reference>
            <reference type="vcs">
              <url>https://github.com/rust-random/getrandom</url>
            </reference>
          </externalReferences>
        </component>
        <component type="library" bom-ref="windfarm-monitoring@0.3.7:pkg:cargo/gimli@0.29.0">
          <name>gimli</name>
          <version>0.29.0</version>
          <description>A library for reading and writing the DWARF debugging format.</description>
          <scope>required</scope>
          <licenses>
            <expression>MIT OR Apache-2.0</expression>
          </licenses>
          <purl>pkg:cargo/gimli@0.29.0</purl>
          <externalReferences>
            <reference type="documentation">
              <url>https://docs.rs/gimli</url>
            </reference>
            <reference type="vcs">
              <url>https://github.com/gimli-rs/gimli</url>
            </reference>
          </externalReferences>
        </component>
        <component type="library" bom-ref="windfarm-monitoring@0.3.7:pkg:cargo/glob@0.3.1">
          <name>glob</name>
          <version>0.3.1</version>
          <description>Support for matching file paths against Unix shell style patterns. </description>
          <scope>required</scope>
          <licenses>
            <expression>MIT OR Apache-2.0</expression>
          </licenses>
          <purl>pkg:cargo/glob@0.3.1</purl>
          <externalReferences>
            <reference type="documentation">
              <url>https://docs.rs/glob/0.3.1</url>
            </reference>
            <reference type="website">
              <url>https://github.com/rust-lang/glob</url>
            </reference>
            <reference type="vcs">
              <url>https://github.com/rust-lang/glob</url>
            </reference>
          </externalReferences>
        </component>
        <component type="library" bom-ref="windfarm-monitoring@0.3.7:pkg:cargo/h2@0.3.26">
          <name>h2</name>
          <version>0.3.26</version>
          <description>An HTTP/2 client and server</description>
          <scope>required</scope>
          <licenses>
            <expression>MIT</expression>
          </licenses>
          <purl>pkg:cargo/h2@0.3.26</purl>
          <externalReferences>
            <reference type="documentation">
              <url>https://docs.rs/h2</url>
            </reference>
            <reference type="vcs">
              <url>https://github.com/hyperium/h2</url>
            </reference>
          </externalReferences>
        </component>
        <component type="library" bom-ref="windfarm-monitoring@0.3.7:pkg:cargo/hashbrown@0.14.5">
          <name>hashbrown</name>
          <version>0.14.5</version>
          <description>A Rust port of Google's SwissTable hash map</description>
          <scope>required</scope>
          <licenses>
            <expression>MIT OR Apache-2.0</expression>
          </licenses>
          <purl>pkg:cargo/hashbrown@0.14.5</purl>
          <externalReferences>
            <reference type="vcs">
              <url>https://github.com/rust-lang/hashbrown</url>
            </reference>
          </externalReferences>
        </component>
        <component type="library" bom-ref="windfarm-monitoring@0.3.7:pkg:cargo/hermit-abi@0.3.9">
          <name>hermit-abi</name>
          <version>0.3.9</version>
          <description>Hermit system calls definitions.</description>
          <scope>required</scope>
          <licenses>
            <expression>MIT OR Apache-2.0</expression>
          </licenses>
          <purl>pkg:cargo/hermit-abi@0.3.9</purl>
          <externalReferences>
            <reference type="vcs">
              <url>https://github.com/hermit-os/hermit-rs</url>
            </reference>
          </externalReferences>
        </component>
        <component type="library" bom-ref="windfarm-monitoring@0.3.7:pkg:cargo/hex@0.4.3">
          <name>hex</name>
          <version>0.4.3</version>
          <description>Encoding and decoding data into/from hexadecimal representation.</description>
          <scope>required</scope>
          <licenses>
            <expression>MIT OR Apache-2.0</expression>
          </licenses>
          <purl>pkg:cargo/hex@0.4.3</purl>
          <externalReferences>
            <reference type="documentation">
              <url>https://docs.rs/hex/</url>
            </reference>
            <reference type="vcs">
              <url>https://github.com/KokaKiwi/rust-hex</url>
            </reference>
          </externalReferences>
        </component>
        <component type="library" bom-ref="windfarm-monitoring@0.3.7:pkg:cargo/home@0.5.9">
          <name>home</name>
          <version>0.5.9</version>
          <description>Shared definitions of home directories.</description>
          <scope>required</scope>
          <licenses>
            <expression>MIT OR Apache-2.0</expression>
          </licenses>
          <purl>pkg:cargo/home@0.5.9</purl>
          <externalReferences>
            <reference type="documentation">
              <url>https://docs.rs/home</url>
            </reference>
            <reference type="vcs">
              <url>https://github.com/rust-lang/cargo</url>
            </reference>
          </externalReferences>
        </component>
        <component type="library" bom-ref="windfarm-monitoring@0.3.7:pkg:cargo/http@0.2.12">
          <name>http</name>
          <version>0.2.12</version>
          <description>A set of types for representing HTTP requests and responses. </description>
          <scope>required</scope>
          <licenses>
            <expression>MIT OR Apache-2.0</expression>
          </licenses>
          <purl>pkg:cargo/http@0.2.12</purl>
          <externalReferences>
            <reference type="documentation">
              <url>https://docs.rs/http</url>
            </reference>
            <reference type="vcs">
              <url>https://github.com/hyperium/http</url>
            </reference>
          </externalReferences>
        </component>
        <component type="library" bom-ref="windfarm-monitoring@0.3.7:pkg:cargo/httparse@1.9.4">
          <name>httparse</name>
          <version>1.9.4</version>
          <description>A tiny, safe, speedy, zero-copy HTTP/1.x parser.</description>
          <scope>required</scope>
          <licenses>
            <expression>MIT OR Apache-2.0</expression>
          </licenses>
          <purl>pkg:cargo/httparse@1.9.4</purl>
          <externalReferences>
            <reference type="documentation">
              <url>https://docs.rs/httparse</url>
            </reference>
            <reference type="vcs">
              <url>https://github.com/seanmonstar/httparse</url>
            </reference>
          </externalReferences>
        </component>
        <component type="library" bom-ref="windfarm-monitoring@0.3.7:pkg:cargo/httpdate@1.0.3">
          <name>httpdate</name>
          <version>1.0.3</version>
          <description>HTTP date parsing and formatting</description>
          <scope>required</scope>
          <licenses>
            <expression>MIT OR Apache-2.0</expression>
          </licenses>
          <purl>pkg:cargo/httpdate@1.0.3</purl>
          <externalReferences>
            <reference type="vcs">
              <url>https://github.com/pyfisch/httpdate</url>
            </reference>
          </externalReferences>
        </component>
        <component type="library" bom-ref="windfarm-monitoring@0.3.7:pkg:cargo/iana-time-zone@0.1.60">
          <name>iana-time-zone</name>
          <version>0.1.60</version>
          <description>get the IANA time zone for the current system</description>
          <scope>required</scope>
          <licenses>
            <expression>MIT OR Apache-2.0</expression>
          </licenses>
          <purl>pkg:cargo/iana-time-zone@0.1.60</purl>
          <externalReferences>
            <reference type="vcs">
              <url>https://github.com/strawlab/iana-time-zone</url>
            </reference>
          </externalReferences>
        </component>
        <component type="library" bom-ref="windfarm-monitoring@0.3.7:pkg:cargo/iana-time-zone-haiku@0.1.2">
          <name>iana-time-zone-haiku</name>
          <version>0.1.2</version>
          <description>iana-time-zone support crate for Haiku OS</description>
          <scope>required</scope>
          <licenses>
            <expression>MIT OR Apache-2.0</expression>
          </licenses>
          <purl>pkg:cargo/iana-time-zone-haiku@0.1.2</purl>
          <externalReferences>
            <reference type="vcs">
              <url>https://github.com/strawlab/iana-time-zone</url>
            </reference>
          </externalReferences>
        </component>
        <component type="library" bom-ref="windfarm-monitoring@0.3.7:pkg:cargo/idna@0.5.0">
          <name>idna</name>
          <version>0.5.0</version>
          <description>IDNA (Internationalizing Domain Names in Applications) and Punycode.</description>
          <scope>required</scope>
          <licenses>
            <expression>MIT OR Apache-2.0</expression>
          </licenses>
          <purl>pkg:cargo/idna@0.5.0</purl>
          <externalReferences>
            <reference type="vcs">
              <url>https://github.com/servo/rust-url/</url>
            </reference>
          </externalReferences>
        </component>
        <component type="library" bom-ref="windfarm-monitoring@0.3.7:pkg:cargo/indexmap@2.2.6">
          <name>indexmap</name>
          <version>2.2.6</version>
          <description>A hash table with consistent order and fast iteration.</description>
          <scope>required</scope>
          <licenses>
            <expression>Apache-2.0 OR MIT</expression>
          </licenses>
          <purl>pkg:cargo/indexmap@2.2.6</purl>
          <externalReferences>
            <reference type="documentation">
              <url>https://docs.rs/indexmap/</url>
            </reference>
            <reference type="vcs">
              <url>https://github.com/indexmap-rs/indexmap</url>
            </reference>
          </externalReferences>
        </component>
        <component type="library" bom-ref="windfarm-monitoring@0.3.7:pkg:cargo/itertools@0.12.1">
          <name>itertools</name>
          <version>0.12.1</version>
          <description>Extra iterator adaptors, iterator methods, free functions, and macros.</description>
          <scope>required</scope>
          <licenses>
            <expression>MIT OR Apache-2.0</expression>
          </licenses>
          <purl>pkg:cargo/itertools@0.12.1</purl>
          <externalReferences>
            <reference type="documentation">
              <url>https://docs.rs/itertools/</url>
            </reference>
            <reference type="vcs">
              <url>https://github.com/rust-itertools/itertools</url>
            </reference>
          </externalReferences>
        </component>
        <component type="library" bom-ref="windfarm-monitoring@0.3.7:pkg:cargo/itoa@1.0.11">
          <name>itoa</name>
          <version>1.0.11</version>
          <description>Fast integer primitive to string conversion</description>
          <scope>required</scope>
          <licenses>
            <expression>MIT OR Apache-2.0</expression>
          </licenses>
          <purl>pkg:cargo/itoa@1.0.11</purl>
          <externalReferences>
            <reference type="documentation">
              <url>https://docs.rs/itoa</url>
            </reference>
            <reference type="vcs">
              <url>https://github.com/dtolnay/itoa</url>
            </reference>
          </externalReferences>
        </component>
        <component type="library" bom-ref="windfarm-monitoring@0.3.7:pkg:cargo/jobserver@0.1.31">
          <name>jobserver</name>
          <version>0.1.31</version>
          <description>An implementation of the GNU Make jobserver for Rust. </description>
          <scope>required</scope>
          <licenses>
            <expression>MIT OR Apache-2.0</expression>
          </licenses>
          <purl>pkg:cargo/jobserver@0.1.31</purl>
          <externalReferences>
            <reference type="documentation">
              <url>https://docs.rs/jobserver</url>
            </reference>
            <reference type="website">
              <url>https://github.com/rust-lang/jobserver-rs</url>
            </reference>
            <reference type="vcs">
              <url>https://github.com/rust-lang/jobserver-rs</url>
            </reference>
          </externalReferences>
        </component>
        <component type="library" bom-ref="windfarm-monitoring@0.3.7:pkg:cargo/js-sys@0.3.69">
          <name>js-sys</name>
          <version>0.3.69</version>
          <description>Bindings for all JS global objects and functions in all JS environments like Node.js and browsers, built on `#[wasm_bindgen]` using the `wasm-bindgen` crate. </description>
          <scope>required</scope>
          <licenses>
            <expression>MIT OR Apache-2.0</expression>
          </licenses>
          <purl>pkg:cargo/js-sys@0.3.69</purl>
          <externalReferences>
            <reference type="documentation">
              <url>https://docs.rs/js-sys</url>
            </reference>
            <reference type="website">
              <url>https://rustwasm.github.io/wasm-bindgen/</url>
            </reference>
            <reference type="vcs">
              <url>https://github.com/rustwasm/wasm-bindgen/tree/master/crates/js-sys</url>
            </reference>
          </externalReferences>
        </component>
        <component type="library" bom-ref="windfarm-monitoring@0.3.7:pkg:cargo/language-tags@0.3.2">
          <name>language-tags</name>
          <version>0.3.2</version>
          <description>Language tags for Rust</description>
          <scope>required</scope>
          <licenses>
            <expression>MIT OR Apache-2.0</expression>
          </licenses>
          <purl>pkg:cargo/language-tags@0.3.2</purl>
          <externalReferences>
            <reference type="vcs">
              <url>https://github.com/pyfisch/rust-language-tags</url>
            </reference>
          </externalReferences>
        </component>
        <component type="library" bom-ref="windfarm-monitoring@0.3.7:pkg:cargo/lazy_static@1.5.0">
          <name>lazy_static</name>
          <version>1.5.0</version>
          <description>A macro for declaring lazily evaluated statics in Rust.</description>
          <scope>required</scope>
          <licenses>
            <expression>MIT OR Apache-2.0</expression>
          </licenses>
          <purl>pkg:cargo/lazy_static@1.5.0</purl>
          <externalReferences>
            <reference type="documentation">
              <url>https://docs.rs/lazy_static</url>
            </reference>
            <reference type="vcs">
              <url>https://github.com/rust-lang-nursery/lazy-static.rs</url>
            </reference>
          </externalReferences>
        </component>
        <component type="library" bom-ref="windfarm-monitoring@0.3.7:pkg:cargo/lazycell@1.3.0">
          <name>lazycell</name>
          <version>1.3.0</version>
          <description>A library providing a lazily filled Cell struct</description>
          <scope>required</scope>
          <licenses>
            <expression>MIT OR Apache-2.0</expression>
          </licenses>
          <purl>pkg:cargo/lazycell@1.3.0</purl>
          <externalReferences>
            <reference type="documentation">
              <url>http://indiv0.github.io/lazycell/lazycell/</url>
            </reference>
            <reference type="vcs">
              <url>https://github.com/indiv0/lazycell</url>
            </reference>
          </externalReferences>
        </component>
        <component type="library" bom-ref="windfarm-monitoring@0.3.7:pkg:cargo/libc@0.2.155">
          <name>libc</name>
          <version>0.2.155</version>
          <description>Raw FFI bindings to platform libraries like libc. </description>
          <scope>required</scope>
          <licenses>
            <expression>MIT OR Apache-2.0</expression>
          </licenses>
          <purl>pkg:cargo/libc@0.2.155</purl>
          <externalReferences>
            <reference type="documentation">
              <url>https://docs.rs/libc/</url>
            </reference>
            <reference type="website">
              <url>https://github.com/rust-lang/libc</url>
            </reference>
            <reference type="vcs">
              <url>https://github.com/rust-lang/libc</url>
            </reference>
          </externalReferences>
        </component>
        <component type="library" bom-ref="windfarm-monitoring@0.3.7:pkg:cargo/libloading@0.8.4">
          <name>libloading</name>
          <version>0.8.4</version>
          <description>Bindings around the platform's dynamic library loading primitives with greatly improved memory safety.</description>
          <scope>required</scope>
          <licenses>
            <expression>ISC</expression>
          </licenses>
          <purl>pkg:cargo/libloading@0.8.4</purl>
          <externalReferences>
            <reference type="documentation">
              <url>https://docs.rs/libloading/</url>
            </reference>
            <reference type="vcs">
              <url>https://github.com/nagisa/rust_libloading/</url>
            </reference>
          </externalReferences>
        </component>
        <component type="library" bom-ref="windfarm-monitoring@0.3.7:pkg:cargo/linux-raw-sys@0.4.14">
          <name>linux-raw-sys</name>
          <version>0.4.14</version>
          <description>Generated bindings for Linux's userspace API</description>
          <scope>required</scope>
          <licenses>
            <expression>Apache-2.0 WITH LLVM-exception OR Apache-2.0 OR MIT</expression>
          </licenses>
          <purl>pkg:cargo/linux-raw-sys@0.4.14</purl>
          <externalReferences>
            <reference type="documentation">
              <url>https://docs.rs/linux-raw-sys</url>
            </reference>
            <reference type="vcs">
              <url>https://github.com/sunfishcode/linux-raw-sys</url>
            </reference>
          </externalReferences>
        </component>
        <component type="library" bom-ref="windfarm-monitoring@0.3.7:pkg:cargo/local-channel@0.1.5">
          <name>local-channel</name>
          <version>0.1.5</version>
          <description>A non-threadsafe multi-producer, single-consumer, futures-aware, FIFO queue</description>
          <scope>required</scope>
          <licenses>
            <expression>MIT OR Apache-2.0</expression>
          </licenses>
          <purl>pkg:cargo/local-channel@0.1.5</purl>
          <externalReferences>
            <reference type="vcs">
              <url>https://github.com/actix/actix-net</url>
            </reference>
          </externalReferences>
        </component>
        <component type="library" bom-ref="windfarm-monitoring@0.3.7:pkg:cargo/local-waker@0.1.4">
          <name>local-waker</name>
          <version>0.1.4</version>
          <description>A synchronization primitive for thread-local task wakeup</description>
          <scope>required</scope>
          <licenses>
            <expression>MIT OR Apache-2.0</expression>
          </licenses>
          <purl>pkg:cargo/local-waker@0.1.4</purl>
          <externalReferences>
            <reference type="vcs">
              <url>https://github.com/actix/actix-net</url>
            </reference>
          </externalReferences>
        </component>
        <component type="library" bom-ref="windfarm-monitoring@0.3.7:pkg:cargo/lock_api@0.4.12">
          <name>lock_api</name>
          <version>0.4.12</version>
          <description>Wrappers to create fully-featured Mutex and RwLock types. Compatible with no_std.</description>
          <scope>required</scope>
          <licenses>
            <expression>MIT OR Apache-2.0</expression>
          </licenses>
          <purl>pkg:cargo/lock_api@0.4.12</purl>
          <externalReferences>
            <reference type="vcs">
              <url>https://github.com/Amanieu/parking_lot</url>
            </reference>
          </externalReferences>
        </component>
        <component type="library" bom-ref="windfarm-monitoring@0.3.7:pkg:cargo/log@0.4.22">
          <name>log</name>
          <version>0.4.22</version>
          <description>A lightweight logging facade for Rust </description>
          <scope>required</scope>
          <licenses>
            <expression>MIT OR Apache-2.0</expression>
          </licenses>
          <purl>pkg:cargo/log@0.4.22</purl>
          <externalReferences>
            <reference type="documentation">
              <url>https://docs.rs/log</url>
            </reference>
            <reference type="vcs">
              <url>https://github.com/rust-lang/log</url>
            </reference>
          </externalReferences>
        </component>
        <component type="library" bom-ref="windfarm-monitoring@0.3.7:pkg:cargo/log-panics@2.1.0">
          <name>log-panics</name>
          <version>2.1.0</version>
          <description>A panic hook which logs panic messages rather than printing them</description>
          <scope>required</scope>
          <licenses>
            <expression>MIT OR Apache-2.0</expression>
          </licenses>
          <purl>pkg:cargo/log-panics@2.1.0</purl>
          <externalReferences>
            <reference type="vcs">
              <url>https://github.com/sfackler/rust-log-panics</url>
            </reference>
          </externalReferences>
        </component>
        <component type="library" bom-ref="windfarm-monitoring@0.3.7:pkg:cargo/memchr@2.7.4">
          <name>memchr</name>
          <version>2.7.4</version>
          <description>Provides extremely fast (uses SIMD on x86_64, aarch64 and wasm32) routines for 1, 2 or 3 byte search and single substring search. </description>
          <scope>required</scope>
          <licenses>
            <expression>Unlicense OR MIT</expression>
          </licenses>
          <purl>pkg:cargo/memchr@2.7.4</purl>
          <externalReferences>
            <reference type="documentation">
              <url>https://docs.rs/memchr/</url>
            </reference>
            <reference type="website">
              <url>https://github.com/BurntSushi/memchr</url>
            </reference>
            <reference type="vcs">
              <url>https://github.com/BurntSushi/memchr</url>
            </reference>
          </externalReferences>
        </component>
        <component type="library" bom-ref="windfarm-monitoring@0.3.7:pkg:cargo/mime@0.3.17">
          <name>mime</name>
          <version>0.3.17</version>
          <description>Strongly Typed Mimes</description>
          <scope>required</scope>
          <licenses>
            <expression>MIT OR Apache-2.0</expression>
          </licenses>
          <purl>pkg:cargo/mime@0.3.17</purl>
          <externalReferences>
            <reference type="documentation">
              <url>https://docs.rs/mime</url>
            </reference>
            <reference type="vcs">
              <url>https://github.com/hyperium/mime</url>
            </reference>
          </externalReferences>
        </component>
        <component type="library" bom-ref="windfarm-monitoring@0.3.7:pkg:cargo/minimal-lexical@0.2.1">
          <name>minimal-lexical</name>
          <version>0.2.1</version>
          <description>Fast float parsing conversion routines.</description>
          <scope>required</scope>
          <licenses>
            <expression>MIT OR Apache-2.0</expression>
          </licenses>
          <purl>pkg:cargo/minimal-lexical@0.2.1</purl>
          <externalReferences>
            <reference type="documentation">
              <url>https://docs.rs/minimal-lexical</url>
            </reference>
            <reference type="vcs">
              <url>https://github.com/Alexhuszagh/minimal-lexical</url>
            </reference>
          </externalReferences>
        </component>
        <component type="library" bom-ref="windfarm-monitoring@0.3.7:pkg:cargo/miniz_oxide@0.7.4">
          <name>miniz_oxide</name>
          <version>0.7.4</version>
          <description>DEFLATE compression and decompression library rewritten in Rust based on miniz</description>
          <scope>required</scope>
          <licenses>
            <expression>MIT OR Zlib OR Apache-2.0</expression>
          </licenses>
          <purl>pkg:cargo/miniz_oxide@0.7.4</purl>
          <externalReferences>
            <reference type="documentation">
              <url>https://docs.rs/miniz_oxide</url>
            </reference>
            <reference type="website">
              <url>https://github.com/Frommi/miniz_oxide/tree/master/miniz_oxide</url>
            </reference>
            <reference type="vcs">
              <url>https://github.com/Frommi/miniz_oxide/tree/master/miniz_oxide</url>
            </reference>
          </externalReferences>
        </component>
        <component type="library" bom-ref="windfarm-monitoring@0.3.7:pkg:cargo/mio@0.8.11">
          <name>mio</name>
          <version>0.8.11</version>
          <description>Lightweight non-blocking I/O.</description>
          <scope>required</scope>
          <licenses>
            <expression>MIT</expression>
          </licenses>
          <purl>pkg:cargo/mio@0.8.11</purl>
          <externalReferences>
            <reference type="website">
              <url>https://github.com/tokio-rs/mio</url>
            </reference>
            <reference type="vcs">
              <url>https://github.com/tokio-rs/mio</url>
            </reference>
          </externalReferences>
        </component>
        <component type="library" bom-ref="windfarm-monitoring@0.3.7:pkg:cargo/nom@7.1.3">
          <name>nom</name>
          <version>7.1.3</version>
          <description>A byte-oriented, zero-copy, parser combinators library</description>
          <scope>required</scope>
          <licenses>
            <expression>MIT</expression>
          </licenses>
          <purl>pkg:cargo/nom@7.1.3</purl>
          <externalReferences>
            <reference type="documentation">
              <url>https://docs.rs/nom</url>
            </reference>
            <reference type="vcs">
              <url>https://github.com/Geal/nom</url>
            </reference>
          </externalReferences>
        </component>
        <component type="library" bom-ref="windfarm-monitoring@0.3.7:pkg:cargo/num-conv@0.1.0">
          <name>num-conv</name>
          <version>0.1.0</version>
          <description>`num_conv` is a crate to convert between integer types without using `as` casts. This provides better certainty when refactoring, makes the exact behavior of code more explicit, and allows using turbofish syntax. </description>
          <scope>required</scope>
          <licenses>
            <expression>MIT OR Apache-2.0</expression>
          </licenses>
          <purl>pkg:cargo/num-conv@0.1.0</purl>
          <externalReferences>
            <reference type="vcs">
              <url>https://github.com/jhpratt/num-conv</url>
            </reference>
          </externalReferences>
        </component>
        <component type="library" bom-ref="windfarm-monitoring@0.3.7:pkg:cargo/num-traits@0.2.19">
          <name>num-traits</name>
          <version>0.2.19</version>
          <description>Numeric traits for generic mathematics</description>
          <scope>required</scope>
          <licenses>
            <expression>MIT OR Apache-2.0</expression>
          </licenses>
          <purl>pkg:cargo/num-traits@0.2.19</purl>
          <externalReferences>
            <reference type="documentation">
              <url>https://docs.rs/num-traits</url>
            </reference>
            <reference type="website">
              <url>https://github.com/rust-num/num-traits</url>
            </reference>
            <reference type="vcs">
              <url>https://github.com/rust-num/num-traits</url>
            </reference>
          </externalReferences>
        </component>
        <component type="library" bom-ref="windfarm-monitoring@0.3.7:pkg:cargo/num_cpus@1.16.0">
          <name>num_cpus</name>
          <version>1.16.0</version>
          <description>Get the number of CPUs on a machine.</description>
          <scope>required</scope>
          <licenses>
            <expression>MIT OR Apache-2.0</expression>
          </licenses>
          <purl>pkg:cargo/num_cpus@1.16.0</purl>
          <externalReferences>
            <reference type="documentation">
              <url>https://docs.rs/num_cpus</url>
            </reference>
            <reference type="vcs">
              <url>https://github.com/seanmonstar/num_cpus</url>
            </reference>
          </externalReferences>
        </component>
        <component type="library" bom-ref="windfarm-monitoring@0.3.7:pkg:cargo/object@0.36.1">
          <name>object</name>
          <version>0.36.1</version>
          <description>A unified interface for reading and writing object file formats.</description>
          <scope>required</scope>
          <licenses>
            <expression>Apache-2.0 OR MIT</expression>
          </licenses>
          <purl>pkg:cargo/object@0.36.1</purl>
          <externalReferences>
            <reference type="vcs">
              <url>https://github.com/gimli-rs/object</url>
            </reference>
          </externalReferences>
        </component>
        <component type="library" bom-ref="windfarm-monitoring@0.3.7:pkg:cargo/once_cell@1.19.0">
          <name>once_cell</name>
          <version>1.19.0</version>
          <description>Single assignment cells and lazy values.</description>
          <scope>required</scope>
          <licenses>
            <expression>MIT OR Apache-2.0</expression>
          </licenses>
          <purl>pkg:cargo/once_cell@1.19.0</purl>
          <externalReferences>
            <reference type="documentation">
              <url>https://docs.rs/once_cell</url>
            </reference>
            <reference type="vcs">
              <url>https://github.com/matklad/once_cell</url>
            </reference>
          </externalReferences>
        </component>
        <component type="library" bom-ref="windfarm-monitoring@0.3.7:pkg:cargo/parking_lot@0.12.3">
          <name>parking_lot</name>
          <version>0.12.3</version>
          <description>More compact and efficient implementations of the standard synchronization primitives.</description>
          <scope>required</scope>
          <licenses>
            <expression>MIT OR Apache-2.0</expression>
          </licenses>
          <purl>pkg:cargo/parking_lot@0.12.3</purl>
          <externalReferences>
            <reference type="vcs">
              <url>https://github.com/Amanieu/parking_lot</url>
            </reference>
          </externalReferences>
        </component>
        <component type="library" bom-ref="windfarm-monitoring@0.3.7:pkg:cargo/parking_lot_core@0.9.10">
          <name>parking_lot_core</name>
          <version>0.9.10</version>
          <description>An advanced API for creating custom synchronization primitives.</description>
          <scope>required</scope>
          <licenses>
            <expression>MIT OR Apache-2.0</expression>
          </licenses>
          <purl>pkg:cargo/parking_lot_core@0.9.10</purl>
          <externalReferences>
            <reference type="vcs">
              <url>https://github.com/Amanieu/parking_lot</url>
            </reference>
          </externalReferences>
        </component>
        <component type="library" bom-ref="windfarm-monitoring@0.3.7:pkg:cargo/paste@1.0.15">
          <name>paste</name>
          <version>1.0.15</version>
          <description>Macros for all your token pasting needs</description>
          <scope>required</scope>
          <licenses>
            <expression>MIT OR Apache-2.0</expression>
          </licenses>
          <purl>pkg:cargo/paste@1.0.15</purl>
          <externalReferences>
            <reference type="documentation">
              <url>https://docs.rs/paste</url>
            </reference>
            <reference type="vcs">
              <url>https://github.com/dtolnay/paste</url>
            </reference>
          </externalReferences>
        </component>
        <component type="library" bom-ref="windfarm-monitoring@0.3.7:pkg:cargo/percent-encoding@2.3.1">
          <name>percent-encoding</name>
          <version>2.3.1</version>
          <description>Percent encoding and decoding</description>
          <scope>required</scope>
          <licenses>
            <expression>MIT OR Apache-2.0</expression>
          </licenses>
          <purl>pkg:cargo/percent-encoding@2.3.1</purl>
          <externalReferences>
            <reference type="vcs">
              <url>https://github.com/servo/rust-url/</url>
            </reference>
          </externalReferences>
        </component>
        <component type="library" bom-ref="windfarm-monitoring@0.3.7:pkg:cargo/pin-project-lite@0.2.14">
          <name>pin-project-lite</name>
          <version>0.2.14</version>
          <description>A lightweight version of pin-project written with declarative macros. </description>
          <scope>required</scope>
          <licenses>
            <expression>Apache-2.0 OR MIT</expression>
          </licenses>
          <purl>pkg:cargo/pin-project-lite@0.2.14</purl>
          <externalReferences>
            <reference type="vcs">
              <url>https://github.com/taiki-e/pin-project-lite</url>
            </reference>
          </externalReferences>
        </component>
        <component type="library" bom-ref="windfarm-monitoring@0.3.7:pkg:cargo/pin-utils@0.1.0">
          <name>pin-utils</name>
          <version>0.1.0</version>
          <description>Utilities for pinning </description>
          <scope>required</scope>
          <licenses>
            <expression>MIT OR Apache-2.0</expression>
          </licenses>
          <purl>pkg:cargo/pin-utils@0.1.0</purl>
          <externalReferences>
            <reference type="documentation">
              <url>https://docs.rs/pin-utils</url>
            </reference>
            <reference type="vcs">
              <url>https://github.com/rust-lang-nursery/pin-utils</url>
            </reference>
          </externalReferences>
        </component>
        <component type="library" bom-ref="windfarm-monitoring@0.3.7:pkg:cargo/pkg-config@0.3.30">
          <name>pkg-config</name>
          <version>0.3.30</version>
          <description>A library to run the pkg-config system tool at build time in order to be used in Cargo build scripts. </description>
          <scope>required</scope>
          <licenses>
            <expression>MIT OR Apache-2.0</expression>
          </licenses>
          <purl>pkg:cargo/pkg-config@0.3.30</purl>
          <externalReferences>
            <reference type="documentation">
              <url>https://docs.rs/pkg-config</url>
            </reference>
            <reference type="vcs">
              <url>https://github.com/rust-lang/pkg-config-rs</url>
            </reference>
          </externalReferences>
        </component>
        <component type="library" bom-ref="windfarm-monitoring@0.3.7:pkg:cargo/powerfmt@0.2.0">
          <name>powerfmt</name>
          <version>0.2.0</version>
          <description>    `powerfmt` is a library that provides utilities for formatting values. This crate makes it     significantly easier to support filling to a minimum width with alignment, avoid heap     allocation, and avoid repetitive calculations. </description>
          <scope>required</scope>
          <licenses>
            <expression>MIT OR Apache-2.0</expression>
          </licenses>
          <purl>pkg:cargo/powerfmt@0.2.0</purl>
          <externalReferences>
            <reference type="vcs">
              <url>https://github.com/jhpratt/powerfmt</url>
            </reference>
          </externalReferences>
        </component>
        <component type="library" bom-ref="windfarm-monitoring@0.3.7:pkg:cargo/ppv-lite86@0.2.17">
          <name>ppv-lite86</name>
          <version>0.2.17</version>
          <description>Implementation of the crypto-simd API for x86</description>
          <scope>required</scope>
          <licenses>
            <expression>MIT OR Apache-2.0</expression>
          </licenses>
          <purl>pkg:cargo/ppv-lite86@0.2.17</purl>
          <externalReferences>
            <reference type="vcs">
              <url>https://github.com/cryptocorrosion/cryptocorrosion</url>
            </reference>
          </externalReferences>
        </component>
        <component type="library" bom-ref="windfarm-monitoring@0.3.7:pkg:cargo/prettyplease@0.2.20">
          <name>prettyplease</name>
          <version>0.2.20</version>
          <description>A minimal `syn` syntax tree pretty-printer</description>
          <scope>required</scope>
          <licenses>
            <expression>MIT OR Apache-2.0</expression>
          </licenses>
          <purl>pkg:cargo/prettyplease@0.2.20</purl>
          <externalReferences>
            <reference type="documentation">
              <url>https://docs.rs/prettyplease</url>
            </reference>
            <reference type="other">
              <url>prettyplease02</url>
            </reference>
            <reference type="vcs">
              <url>https://github.com/dtolnay/prettyplease</url>
            </reference>
          </externalReferences>
        </component>
        <component type="library" bom-ref="windfarm-monitoring@0.3.7:pkg:cargo/proc-macro2@0.4.30">
          <name>proc-macro2</name>
          <version>0.4.30</version>
          <description>A stable implementation of the upcoming new `proc_macro` API. Comes with an option, off by default, to also reimplement itself in terms of the upstream unstable API. </description>
          <scope>required</scope>
          <licenses>
            <expression>MIT OR Apache-2.0</expression>
          </licenses>
          <purl>pkg:cargo/proc-macro2@0.4.30</purl>
          <externalReferences>
            <reference type="documentation">
              <url>https://docs.rs/proc-macro2</url>
            </reference>
            <reference type="website">
              <url>https://github.com/alexcrichton/proc-macro2</url>
            </reference>
            <reference type="vcs">
              <url>https://github.com/alexcrichton/proc-macro2</url>
            </reference>
          </externalReferences>
        </component>
        <component type="library" bom-ref="windfarm-monitoring@0.3.7:pkg:cargo/proc-macro2@1.0.86">
          <name>proc-macro2</name>
          <version>1.0.86</version>
          <description>A substitute implementation of the compiler's `proc_macro` API to decouple token-based libraries from the procedural macro use case.</description>
          <scope>required</scope>
          <licenses>
            <expression>MIT OR Apache-2.0</expression>
          </licenses>
          <purl>pkg:cargo/proc-macro2@1.0.86</purl>
          <externalReferences>
            <reference type="documentation">
              <url>https://docs.rs/proc-macro2</url>
            </reference>
            <reference type="vcs">
              <url>https://github.com/dtolnay/proc-macro2</url>
            </reference>
          </externalReferences>
        </component>
        <component type="library" bom-ref="windfarm-monitoring@0.3.7:pkg:cargo/procfs@0.16.0">
          <name>procfs</name>
          <version>0.16.0</version>
          <description>Interface to the linux procfs pseudo-filesystem</description>
          <scope>required</scope>
          <licenses>
            <expression>MIT OR Apache-2.0</expression>
          </licenses>
          <purl>pkg:cargo/procfs@0.16.0</purl>
          <externalReferences>
            <reference type="documentation">
              <url>https://docs.rs/procfs/</url>
            </reference>
            <reference type="vcs">
              <url>https://github.com/eminence/procfs</url>
            </reference>
          </externalReferences>
        </component>
        <component type="library" bom-ref="windfarm-monitoring@0.3.7:pkg:cargo/procfs-core@0.16.0">
          <name>procfs-core</name>
          <version>0.16.0</version>
          <description>Data structures and parsing for the linux procfs pseudo-filesystem</description>
          <scope>required</scope>
          <licenses>
            <expression>MIT OR Apache-2.0</expression>
          </licenses>
          <purl>pkg:cargo/procfs-core@0.16.0</purl>
          <externalReferences>
            <reference type="documentation">
              <url>https://docs.rs/procfs-core/</url>
            </reference>
            <reference type="vcs">
              <url>https://github.com/eminence/procfs</url>
            </reference>
          </externalReferences>
        </component>
        <component type="library" bom-ref="windfarm-monitoring@0.3.7:pkg:cargo/prometheus@0.13.4">
          <name>prometheus</name>
          <version>0.13.4</version>
          <description>Prometheus instrumentation library for Rust applications.</description>
          <scope>required</scope>
          <licenses>
            <expression>Apache-2.0</expression>
          </licenses>
          <purl>pkg:cargo/prometheus@0.13.4</purl>
          <externalReferences>
            <reference type="documentation">
              <url>https://docs.rs/prometheus</url>
            </reference>
            <reference type="website">
              <url>https://github.com/tikv/rust-prometheus</url>
            </reference>
            <reference type="vcs">
              <url>https://github.com/tikv/rust-prometheus</url>
            </reference>
          </externalReferences>
        </component>
        <component type="library" bom-ref="windfarm-monitoring@0.3.7:pkg:cargo/protobuf@2.28.0">
          <name>protobuf</name>
          <version>2.28.0</version>
          <description>Rust implementation of Google protocol buffers </description>
          <scope>required</scope>
          <licenses>
            <expression>MIT</expression>
          </licenses>
          <purl>pkg:cargo/protobuf@2.28.0</purl>
          <externalReferences>
            <reference type="documentation">
              <url>https://github.com/stepancheg/rust-protobuf/blob/master/README.md</url>
            </reference>
            <reference type="website">
              <url>https://github.com/stepancheg/rust-protobuf/</url>
            </reference>
            <reference type="vcs">
              <url>https://github.com/stepancheg/rust-protobuf/</url>
            </reference>
          </externalReferences>
        </component>
        <component type="library" bom-ref="windfarm-monitoring@0.3.7:pkg:cargo/quote@0.6.13">
          <name>quote</name>
          <version>0.6.13</version>
          <description>Quasi-quoting macro quote!(...)</description>
          <scope>required</scope>
          <licenses>
            <expression>MIT OR Apache-2.0</expression>
          </licenses>
          <purl>pkg:cargo/quote@0.6.13</purl>
          <externalReferences>
            <reference type="documentation">
              <url>https://docs.rs/quote/</url>
            </reference>
            <reference type="vcs">
              <url>https://github.com/dtolnay/quote</url>
            </reference>
          </externalReferences>
        </component>
        <component type="library" bom-ref="windfarm-monitoring@0.3.7:pkg:cargo/quote@1.0.36">
          <name>quote</name>
          <version>1.0.36</version>
          <description>Quasi-quoting macro quote!(...)</description>
          <scope>required</scope>
          <licenses>
            <expression>MIT OR Apache-2.0</expression>
          </licenses>
          <purl>pkg:cargo/quote@1.0.36</purl>
          <externalReferences>
            <reference type="documentation">
              <url>https://docs.rs/quote/</url>
            </reference>
            <reference type="vcs">
              <url>https://github.com/dtolnay/quote</url>
            </reference>
          </externalReferences>
        </component>
        <component type="library" bom-ref="windfarm-monitoring@0.3.7:pkg:cargo/rand@0.8.5">
          <name>rand</name>
          <version>0.8.5</version>
          <description>Random number generators and other randomness functionality. </description>
          <scope>required</scope>
          <licenses>
            <expression>MIT OR Apache-2.0</expression>
          </licenses>
          <purl>pkg:cargo/rand@0.8.5</purl>
          <externalReferences>
            <reference type="documentation">
              <url>https://docs.rs/rand</url>
            </reference>
            <reference type="website">
              <url>https://rust-random.github.io/book</url>
            </reference>
            <reference type="vcs">
              <url>https://github.com/rust-random/rand</url>
            </reference>
          </externalReferences>
        </component>
        <component type="library" bom-ref="windfarm-monitoring@0.3.7:pkg:cargo/rand_chacha@0.3.1">
          <name>rand_chacha</name>
          <version>0.3.1</version>
          <description>ChaCha random number generator </description>
          <scope>required</scope>
          <licenses>
            <expression>MIT OR Apache-2.0</expression>
          </licenses>
          <purl>pkg:cargo/rand_chacha@0.3.1</purl>
          <externalReferences>
            <reference type="documentation">
              <url>https://docs.rs/rand_chacha</url>
            </reference>
            <reference type="website">
              <url>https://rust-random.github.io/book</url>
            </reference>
            <reference type="vcs">
              <url>https://github.com/rust-random/rand</url>
            </reference>
          </externalReferences>
        </component>
        <component type="library" bom-ref="windfarm-monitoring@0.3.7:pkg:cargo/rand_core@0.6.4">
          <name>rand_core</name>
          <version>0.6.4</version>
          <description>Core random number generator traits and tools for implementation. </description>
          <scope>required</scope>
          <licenses>
            <expression>MIT OR Apache-2.0</expression>
          </licenses>
          <purl>pkg:cargo/rand_core@0.6.4</purl>
          <externalReferences>
            <reference type="documentation">
              <url>https://docs.rs/rand_core</url>
            </reference>
            <reference type="website">
              <url>https://rust-random.github.io/book</url>
            </reference>
            <reference type="vcs">
              <url>https://github.com/rust-random/rand</url>
            </reference>
          </externalReferences>
        </component>
        <component type="library" bom-ref="windfarm-monitoring@0.3.7:pkg:cargo/redox_syscall@0.5.2">
          <name>redox_syscall</name>
          <version>0.5.2</version>
          <description>A Rust library to access raw Redox system calls</description>
          <scope>required</scope>
          <licenses>
            <expression>MIT</expression>
          </licenses>
          <purl>pkg:cargo/redox_syscall@0.5.2</purl>
          <externalReferences>
            <reference type="documentation">
              <url>https://docs.rs/redox_syscall</url>
            </reference>
            <reference type="vcs">
              <url>https://gitlab.redox-os.org/redox-os/syscall</url>
            </reference>
          </externalReferences>
        </component>
        <component type="library" bom-ref="windfarm-monitoring@0.3.7:pkg:cargo/regex@1.10.5">
          <name>regex</name>
          <version>1.10.5</version>
          <description>An implementation of regular expressions for Rust. This implementation uses finite automata and guarantees linear time matching on all inputs. </description>
          <scope>required</scope>
          <licenses>
            <expression>MIT OR Apache-2.0</expression>
          </licenses>
          <purl>pkg:cargo/regex@1.10.5</purl>
          <externalReferences>
            <reference type="documentation">
              <url>https://docs.rs/regex</url>
            </reference>
            <reference type="website">
              <url>https://github.com/rust-lang/regex</url>
            </reference>
            <reference type="vcs">
              <url>https://github.com/rust-lang/regex</url>
            </reference>
          </externalReferences>
        </component>
        <component type="library" bom-ref="windfarm-monitoring@0.3.7:pkg:cargo/regex-automata@0.4.7">
          <name>regex-automata</name>
          <version>0.4.7</version>
          <description>Automata construction and matching using regular expressions.</description>
          <scope>required</scope>
          <licenses>
            <expression>MIT OR Apache-2.0</expression>
          </licenses>
          <purl>pkg:cargo/regex-automata@0.4.7</purl>
          <externalReferences>
            <reference type="documentation">
              <url>https://docs.rs/regex-automata</url>
            </reference>
            <reference type="vcs">
              <url>https://github.com/rust-lang/regex/tree/master/regex-automata</url>
            </reference>
          </externalReferences>
        </component>
        <component type="library" bom-ref="windfarm-monitoring@0.3.7:pkg:cargo/regex-lite@0.1.6">
          <name>regex-lite</name>
          <version>0.1.6</version>
          <description>A lightweight regex engine that optimizes for binary size and compilation time. </description>
          <scope>required</scope>
          <licenses>
            <expression>MIT OR Apache-2.0</expression>
          </licenses>
          <purl>pkg:cargo/regex-lite@0.1.6</purl>
          <externalReferences>
            <reference type="documentation">
              <url>https://docs.rs/regex-lite</url>
            </reference>
            <reference type="vcs">
              <url>https://github.com/rust-lang/regex/tree/master/regex-lite</url>
            </reference>
          </externalReferences>
        </component>
        <component type="library" bom-ref="windfarm-monitoring@0.3.7:pkg:cargo/regex-syntax@0.8.4">
          <name>regex-syntax</name>
          <version>0.8.4</version>
          <description>A regular expression parser.</description>
          <scope>required</scope>
          <licenses>
            <expression>MIT OR Apache-2.0</expression>
          </licenses>
          <purl>pkg:cargo/regex-syntax@0.8.4</purl>
          <externalReferences>
            <reference type="documentation">
              <url>https://docs.rs/regex-syntax</url>
            </reference>
            <reference type="vcs">
              <url>https://github.com/rust-lang/regex/tree/master/regex-syntax</url>
            </reference>
          </externalReferences>
        </component>
        <component type="library" bom-ref="windfarm-monitoring@0.3.7:pkg:cargo/rustc-demangle@0.1.24">
          <name>rustc-demangle</name>
          <version>0.1.24</version>
          <description>Rust compiler symbol demangling. </description>
          <scope>required</scope>
          <licenses>
            <expression>MIT OR Apache-2.0</expression>
          </licenses>
          <purl>pkg:cargo/rustc-demangle@0.1.24</purl>
          <externalReferences>
            <reference type="documentation">
              <url>https://docs.rs/rustc-demangle</url>
            </reference>
            <reference type="website">
              <url>https://github.com/rust-lang/rustc-demangle</url>
            </reference>
            <reference type="vcs">
              <url>https://github.com/rust-lang/rustc-demangle</url>
            </reference>
          </externalReferences>
        </component>
        <component type="library" bom-ref="windfarm-monitoring@0.3.7:pkg:cargo/rustc-hash@1.1.0">
          <name>rustc-hash</name>
          <version>1.1.0</version>
          <description>speed, non-cryptographic hash used in rustc</description>
          <scope>required</scope>
          <licenses>
            <expression>Apache-2.0 OR MIT</expression>
          </licenses>
          <purl>pkg:cargo/rustc-hash@1.1.0</purl>
          <externalReferences>
            <reference type="vcs">
              <url>https://github.com/rust-lang-nursery/rustc-hash</url>
            </reference>
          </externalReferences>
        </component>
        <component type="library" bom-ref="windfarm-monitoring@0.3.7:pkg:cargo/rustc_version@0.4.0">
          <name>rustc_version</name>
          <version>0.4.0</version>
          <description>A library for querying the version of a installed rustc compiler</description>
          <scope>required</scope>
          <licenses>
            <expression>MIT OR Apache-2.0</expression>
          </licenses>
          <purl>pkg:cargo/rustc_version@0.4.0</purl>
          <externalReferences>
            <reference type="documentation">
              <url>https://docs.rs/rustc_version/</url>
            </reference>
            <reference type="vcs">
              <url>https://github.com/Kimundi/rustc-version-rs</url>
            </reference>
          </externalReferences>
        </component>
        <component type="library" bom-ref="windfarm-monitoring@0.3.7:pkg:cargo/rustix@0.38.34">
          <name>rustix</name>
          <version>0.38.34</version>
          <description>Safe Rust bindings to POSIX/Unix/Linux/Winsock-like syscalls</description>
          <scope>required</scope>
          <licenses>
            <expression>Apache-2.0 WITH LLVM-exception OR Apache-2.0 OR MIT</expression>
          </licenses>
          <purl>pkg:cargo/rustix@0.38.34</purl>
          <externalReferences>
            <reference type="documentation">
              <url>https://docs.rs/rustix</url>
            </reference>
            <reference type="vcs">
              <url>https://github.com/bytecodealliance/rustix</url>
            </reference>
          </externalReferences>
        </component>
        <component type="library" bom-ref="windfarm-monitoring@0.3.7:pkg:cargo/ryu@1.0.18">
          <name>ryu</name>
          <version>1.0.18</version>
          <description>Fast floating point to string conversion</description>
          <scope>required</scope>
          <licenses>
            <expression>Apache-2.0 OR BSL-1.0</expression>
          </licenses>
          <purl>pkg:cargo/ryu@1.0.18</purl>
          <externalReferences>
            <reference type="documentation">
              <url>https://docs.rs/ryu</url>
            </reference>
            <reference type="vcs">
              <url>https://github.com/dtolnay/ryu</url>
            </reference>
          </externalReferences>
        </component>
        <component type="library" bom-ref="windfarm-monitoring@0.3.7:pkg:cargo/scopeguard@1.2.0">
          <name>scopeguard</name>
          <version>1.2.0</version>
          <description>A RAII scope guard that will run a given closure when it goes out of scope, even if the code between panics (assuming unwinding panic).  Defines the macros `defer!`, `defer_on_unwind!`, `defer_on_success!` as shorthands for guards with one of the implemented strategies. </description>
          <scope>required</scope>
          <licenses>
            <expression>MIT OR Apache-2.0</expression>
          </licenses>
          <purl>pkg:cargo/scopeguard@1.2.0</purl>
          <externalReferences>
            <reference type="documentation">
              <url>https://docs.rs/scopeguard/</url>
            </reference>
            <reference type="vcs">
              <url>https://github.com/bluss/scopeguard</url>
            </reference>
          </externalReferences>
        </component>
        <component type="library" bom-ref="windfarm-monitoring@0.3.7:pkg:cargo/semver@1.0.23">
          <name>semver</name>
          <version>1.0.23</version>
          <description>Parser and evaluator for Cargo's flavor of Semantic Versioning</description>
          <scope>required</scope>
          <licenses>
            <expression>MIT OR Apache-2.0</expression>
          </licenses>
          <purl>pkg:cargo/semver@1.0.23</purl>
          <externalReferences>
            <reference type="documentation">
              <url>https://docs.rs/semver</url>
            </reference>
            <reference type="vcs">
              <url>https://github.com/dtolnay/semver</url>
            </reference>
          </externalReferences>
        </component>
        <component type="library" bom-ref="windfarm-monitoring@0.3.7:pkg:cargo/serde@1.0.203">
          <name>serde</name>
          <version>1.0.203</version>
          <description>A generic serialization/deserialization framework</description>
          <scope>required</scope>
          <licenses>
            <expression>MIT OR Apache-2.0</expression>
          </licenses>
          <purl>pkg:cargo/serde@1.0.203</purl>
          <externalReferences>
            <reference type="documentation">
              <url>https://docs.rs/serde</url>
            </reference>
            <reference type="website">
              <url>https://serde.rs</url>
            </reference>
            <reference type="vcs">
              <url>https://github.com/serde-rs/serde</url>
            </reference>
          </externalReferences>
        </component>
        <component type="library" bom-ref="windfarm-monitoring@0.3.7:pkg:cargo/serde_derive@1.0.203">
          <name>serde_derive</name>
          <version>1.0.203</version>
          <description>Macros 1.1 implementation of #[derive(Serialize, Deserialize)]</description>
          <scope>required</scope>
          <licenses>
            <expression>MIT OR Apache-2.0</expression>
          </licenses>
          <purl>pkg:cargo/serde_derive@1.0.203</purl>
          <externalReferences>
            <reference type="documentation">
              <url>https://serde.rs/derive.html</url>
            </reference>
            <reference type="website">
              <url>https://serde.rs</url>
            </reference>
            <reference type="vcs">
              <url>https://github.com/serde-rs/serde</url>
            </reference>
          </externalReferences>
        </component>
        <component type="library" bom-ref="windfarm-monitoring@0.3.7:pkg:cargo/serde_json@1.0.120">
          <name>serde_json</name>
          <version>1.0.120</version>
          <description>A JSON serialization file format</description>
          <scope>required</scope>
          <licenses>
            <expression>MIT OR Apache-2.0</expression>
          </licenses>
          <purl>pkg:cargo/serde_json@1.0.120</purl>
          <externalReferences>
            <reference type="documentation">
              <url>https://docs.rs/serde_json</url>
            </reference>
            <reference type="vcs">
              <url>https://github.com/serde-rs/json</url>
            </reference>
          </externalReferences>
        </component>
        <component type="library" bom-ref="windfarm-monitoring@0.3.7:pkg:cargo/serde_urlencoded@0.7.1">
          <name>serde_urlencoded</name>
          <version>0.7.1</version>
          <description>`x-www-form-urlencoded` meets Serde</description>
          <scope>required</scope>
          <licenses>
            <expression>MIT OR Apache-2.0</expression>
          </licenses>
          <purl>pkg:cargo/serde_urlencoded@0.7.1</purl>
          <externalReferences>
            <reference type="documentation">
              <url>https://docs.rs/serde_urlencoded/0.7.1/serde_urlencoded/</url>
            </reference>
            <reference type="vcs">
              <url>https://github.com/nox/serde_urlencoded</url>
            </reference>
          </externalReferences>
        </component>
        <component type="library" bom-ref="windfarm-monitoring@0.3.7:pkg:cargo/sha1@0.10.6">
          <name>sha1</name>
          <version>0.10.6</version>
          <description>SHA-1 hash function</description>
          <scope>required</scope>
          <licenses>
            <expression>MIT OR Apache-2.0</expression>
          </licenses>
          <purl>pkg:cargo/sha1@0.10.6</purl>
          <externalReferences>
            <reference type="documentation">
              <url>https://docs.rs/sha1</url>
            </reference>
            <reference type="vcs">
              <url>https://github.com/RustCrypto/hashes</url>
            </reference>
          </externalReferences>
        </component>
        <component type="library" bom-ref="windfarm-monitoring@0.3.7:pkg:cargo/shlex@1.3.0">
          <name>shlex</name>
          <version>1.3.0</version>
          <description>Split a string into shell words, like Python's shlex.</description>
          <scope>required</scope>
          <licenses>
            <expression>MIT OR Apache-2.0</expression>
          </licenses>
          <purl>pkg:cargo/shlex@1.3.0</purl>
          <externalReferences>
            <reference type="vcs">
              <url>https://github.com/comex/rust-shlex</url>
            </reference>
          </externalReferences>
        </component>
        <component type="library" bom-ref="windfarm-monitoring@0.3.7:pkg:cargo/signal-hook-registry@1.4.2">
          <name>signal-hook-registry</name>
          <version>1.4.2</version>
          <description>Backend crate for signal-hook</description>
          <scope>required</scope>
          <licenses>
            <expression>Apache-2.0 OR MIT</expression>
          </licenses>
          <purl>pkg:cargo/signal-hook-registry@1.4.2</purl>
          <externalReferences>
            <reference type="documentation">
              <url>https://docs.rs/signal-hook-registry</url>
            </reference>
            <reference type="vcs">
              <url>https://github.com/vorner/signal-hook</url>
            </reference>
          </externalReferences>
        </component>
        <component type="library" bom-ref="windfarm-monitoring@0.3.7:pkg:cargo/slab@0.4.9">
          <name>slab</name>
          <version>0.4.9</version>
          <description>Pre-allocated storage for a uniform data type</description>
          <scope>required</scope>
          <licenses>
            <expression>MIT</expression>
          </licenses>
          <purl>pkg:cargo/slab@0.4.9</purl>
          <externalReferences>
            <reference type="vcs">
              <url>https://github.com/tokio-rs/slab</url>
            </reference>
          </externalReferences>
        </component>
        <component type="library" bom-ref="windfarm-monitoring@0.3.7:pkg:cargo/smallvec@1.13.2">
          <name>smallvec</name>
          <version>1.13.2</version>
          <description>'Small vector' optimization: store up to a small number of items on the stack</description>
          <scope>required</scope>
          <licenses>
            <expression>MIT OR Apache-2.0</expression>
          </licenses>
          <purl>pkg:cargo/smallvec@1.13.2</purl>
          <externalReferences>
            <reference type="documentation">
              <url>https://docs.rs/smallvec/</url>
            </reference>
            <reference type="vcs">
              <url>https://github.com/servo/rust-smallvec</url>
            </reference>
          </externalReferences>
        </component>
        <component type="library" bom-ref="windfarm-monitoring@0.3.7:pkg:cargo/socket2@0.5.7">
          <name>socket2</name>
          <version>0.5.7</version>
          <description>Utilities for handling networking sockets with a maximal amount of configuration possible intended. </description>
          <scope>required</scope>
          <licenses>
            <expression>MIT OR Apache-2.0</expression>
          </licenses>
          <purl>pkg:cargo/socket2@0.5.7</purl>
          <externalReferences>
            <reference type="documentation">
              <url>https://docs.rs/socket2</url>
            </reference>
            <reference type="website">
              <url>https://github.com/rust-lang/socket2</url>
            </reference>
            <reference type="vcs">
              <url>https://github.com/rust-lang/socket2</url>
            </reference>
          </externalReferences>
        </component>
        <component type="library" bom-ref="windfarm-monitoring@0.3.7:pkg:cargo/syn@0.15.44">
          <name>syn</name>
          <version>0.15.44</version>
          <description>Parser for Rust source code</description>
          <scope>required</scope>
          <licenses>
            <expression>MIT OR Apache-2.0</expression>
          </licenses>
          <purl>pkg:cargo/syn@0.15.44</purl>
          <externalReferences>
            <reference type="documentation">
              <url>https://docs.rs/syn</url>
            </reference>
            <reference type="vcs">
              <url>https://github.com/dtolnay/syn</url>
            </reference>
          </externalReferences>
        </component>
        <component type="library" bom-ref="windfarm-monitoring@0.3.7:pkg:cargo/syn@2.0.68">
          <name>syn</name>
          <version>2.0.68</version>
          <description>Parser for Rust source code</description>
          <scope>required</scope>
          <licenses>
            <expression>MIT OR Apache-2.0</expression>
          </licenses>
          <purl>pkg:cargo/syn@2.0.68</purl>
          <externalReferences>
            <reference type="documentation">
              <url>https://docs.rs/syn</url>
            </reference>
            <reference type="vcs">
              <url>https://github.com/dtolnay/syn</url>
            </reference>
          </externalReferences>
        </component>
        <component type="library" bom-ref="windfarm-monitoring@0.3.7:pkg:cargo/thiserror@1.0.61">
          <name>thiserror</name>
          <version>1.0.61</version>
          <description>derive(Error)</description>
          <scope>required</scope>
          <licenses>
            <expression>MIT OR Apache-2.0</expression>
          </licenses>
          <purl>pkg:cargo/thiserror@1.0.61</purl>
          <externalReferences>
            <reference type="documentation">
              <url>https://docs.rs/thiserror</url>
            </reference>
            <reference type="vcs">
              <url>https://github.com/dtolnay/thiserror</url>
            </reference>
          </externalReferences>
        </component>
        <component type="library" bom-ref="windfarm-monitoring@0.3.7:pkg:cargo/thiserror-impl@1.0.61">
          <name>thiserror-impl</name>
          <version>1.0.61</version>
          <description>Implementation detail of the `thiserror` crate</description>
          <scope>required</scope>
          <licenses>
            <expression>MIT OR Apache-2.0</expression>
          </licenses>
          <purl>pkg:cargo/thiserror-impl@1.0.61</purl>
          <externalReferences>
            <reference type="vcs">
              <url>https://github.com/dtolnay/thiserror</url>
            </reference>
          </externalReferences>
        </component>
        <component type="library" bom-ref="windfarm-monitoring@0.3.7:pkg:cargo/time@0.3.36">
          <name>time</name>
          <version>0.3.36</version>
          <description>Date and time library. Fully interoperable with the standard library. Mostly compatible with #![no_std].</description>
          <scope>required</scope>
          <licenses>
            <expression>MIT OR Apache-2.0</expression>
          </licenses>
          <purl>pkg:cargo/time@0.3.36</purl>
          <externalReferences>
            <reference type="website">
              <url>https://time-rs.github.io</url>
            </reference>
            <reference type="vcs">
              <url>https://github.com/time-rs/time</url>
            </reference>
          </externalReferences>
        </component>
        <component type="library" bom-ref="windfarm-monitoring@0.3.7:pkg:cargo/time-core@0.1.2">
          <name>time-core</name>
          <version>0.1.2</version>
          <description>This crate is an implementation detail and should not be relied upon directly.</description>
          <scope>required</scope>
          <licenses>
            <expression>MIT OR Apache-2.0</expression>
          </licenses>
          <purl>pkg:cargo/time-core@0.1.2</purl>
          <externalReferences>
            <reference type="vcs">
              <url>https://github.com/time-rs/time</url>
            </reference>
          </externalReferences>
        </component>
        <component type="library" bom-ref="windfarm-monitoring@0.3.7:pkg:cargo/time-macros@0.2.18">
          <name>time-macros</name>
          <version>0.2.18</version>
          <description>    Procedural macros for the time crate.     This crate is an implementation detail and should not be relied upon directly. </description>
          <scope>required</scope>
          <licenses>
            <expression>MIT OR Apache-2.0</expression>
          </licenses>
          <purl>pkg:cargo/time-macros@0.2.18</purl>
          <externalReferences>
            <reference type="vcs">
              <url>https://github.com/time-rs/time</url>
            </reference>
          </externalReferences>
        </component>
        <component type="library" bom-ref="windfarm-monitoring@0.3.7:pkg:cargo/tinyvec@1.6.1">
          <name>tinyvec</name>
          <version>1.6.1</version>
          <description>`tinyvec` provides 100% safe vec-like data structures.</description>
          <scope>required</scope>
          <licenses>
            <expression>Zlib OR Apache-2.0 OR MIT</expression>
          </licenses>
          <purl>pkg:cargo/tinyvec@1.6.1</purl>
          <externalReferences>
            <reference type="vcs">
              <url>https://github.com/Lokathor/tinyvec</url>
            </reference>
          </externalReferences>
        </component>
        <component type="library" bom-ref="windfarm-monitoring@0.3.7:pkg:cargo/tinyvec_macros@0.1.1">
          <name>tinyvec_macros</name>
          <version>0.1.1</version>
          <description>Some macros for tiny containers</description>
          <scope>required</scope>
          <licenses>
            <expression>MIT OR Apache-2.0 OR Zlib</expression>
          </licenses>
          <purl>pkg:cargo/tinyvec_macros@0.1.1</purl>
          <externalReferences>
            <reference type="vcs">
              <url>https://github.com/Soveu/tinyvec_macros</url>
            </reference>
          </externalReferences>
        </component>
        <component type="library" bom-ref="windfarm-monitoring@0.3.7:pkg:cargo/tokio@1.38.0">
          <name>tokio</name>
          <version>1.38.0</version>
          <description>An event-driven, non-blocking I/O platform for writing asynchronous I/O backed applications. </description>
          <scope>required</scope>
          <licenses>
            <expression>MIT</expression>
          </licenses>
          <purl>pkg:cargo/tokio@1.38.0</purl>
          <externalReferences>
            <reference type="website">
              <url>https://tokio.rs</url>
            </reference>
            <reference type="vcs">
              <url>https://github.com/tokio-rs/tokio</url>
            </reference>
          </externalReferences>
        </component>
        <component type="library" bom-ref="windfarm-monitoring@0.3.7:pkg:cargo/tokio-macros@2.3.0">
          <name>tokio-macros</name>
          <version>2.3.0</version>
          <description>Tokio's proc macros. </description>
          <scope>required</scope>
          <licenses>
            <expression>MIT</expression>
          </licenses>
          <purl>pkg:cargo/tokio-macros@2.3.0</purl>
          <externalReferences>
            <reference type="website">
              <url>https://tokio.rs</url>
            </reference>
            <reference type="vcs">
              <url>https://github.com/tokio-rs/tokio</url>
            </reference>
          </externalReferences>
        </component>
        <component type="library" bom-ref="windfarm-monitoring@0.3.7:pkg:cargo/tokio-util@0.7.11">
          <name>tokio-util</name>
          <version>0.7.11</version>
          <description>Additional utilities for working with Tokio. </description>
          <scope>required</scope>
          <licenses>
            <expression>MIT</expression>
          </licenses>
          <purl>pkg:cargo/tokio-util@0.7.11</purl>
          <externalReferences>
            <reference type="website">
              <url>https://tokio.rs</url>
            </reference>
            <reference type="vcs">
              <url>https://github.com/tokio-rs/tokio</url>
            </reference>
          </externalReferences>
        </component>
        <component type="library" bom-ref="windfarm-monitoring@0.3.7:pkg:cargo/tracing@0.1.40">
          <name>tracing</name>
          <version>0.1.40</version>
          <description>Application-level tracing for Rust. </description>
          <scope>required</scope>
          <licenses>
            <expression>MIT</expression>
          </licenses>
          <purl>pkg:cargo/tracing@0.1.40</purl>
          <externalReferences>
            <reference type="website">
              <url>https://tokio.rs</url>
            </reference>
            <reference type="vcs">
              <url>https://github.com/tokio-rs/tracing</url>
            </reference>
          </externalReferences>
        </component>
        <component type="library" bom-ref="windfarm-monitoring@0.3.7:pkg:cargo/tracing-core@0.1.32">
          <name>tracing-core</name>
          <version>0.1.32</version>
          <description>Core primitives for application-level tracing. </description>
          <scope>required</scope>
          <licenses>
            <expression>MIT</expression>
          </licenses>
          <purl>pkg:cargo/tracing-core@0.1.32</purl>
          <externalReferences>
            <reference type="website">
              <url>https://tokio.rs</url>
            </reference>
            <reference type="vcs">
              <url>https://github.com/tokio-rs/tracing</url>
            </reference>
          </externalReferences>
        </component>
        <component type="library" bom-ref="windfarm-monitoring@0.3.7:pkg:cargo/typenum@1.17.0">
          <name>typenum</name>
          <version>1.17.0</version>
          <description>Typenum is a Rust library for type-level numbers evaluated at     compile time. It currently supports bits, unsigned integers, and signed     integers. It also provides a type-level array of type-level numbers, but its     implementation is incomplete.</description>
          <scope>required</scope>
          <licenses>
            <expression>MIT OR Apache-2.0</expression>
          </licenses>
          <purl>pkg:cargo/typenum@1.17.0</purl>
          <externalReferences>
            <reference type="documentation">
              <url>https://docs.rs/typenum</url>
            </reference>
            <reference type="vcs">
              <url>https://github.com/paholg/typenum</url>
            </reference>
          </externalReferences>
        </component>
        <component type="library" bom-ref="windfarm-monitoring@0.3.7:pkg:cargo/unicode-bidi@0.3.15">
          <name>unicode-bidi</name>
          <version>0.3.15</version>
          <description>Implementation of the Unicode Bidirectional Algorithm</description>
          <scope>required</scope>
          <licenses>
            <expression>MIT OR Apache-2.0</expression>
          </licenses>
          <purl>pkg:cargo/unicode-bidi@0.3.15</purl>
          <externalReferences>
            <reference type="documentation">
              <url>https://docs.rs/unicode-bidi/</url>
            </reference>
            <reference type="vcs">
              <url>https://github.com/servo/unicode-bidi</url>
            </reference>
          </externalReferences>
        </component>
        <component type="library" bom-ref="windfarm-monitoring@0.3.7:pkg:cargo/unicode-ident@1.0.12">
          <name>unicode-ident</name>
          <version>1.0.12</version>
          <description>Determine whether characters have the XID_Start or XID_Continue properties according to Unicode Standard Annex #31</description>
          <scope>required</scope>
          <licenses>
            <expression>(MIT OR Apache-2.0) AND Unicode-DFS-2016</expression>
          </licenses>
          <purl>pkg:cargo/unicode-ident@1.0.12</purl>
          <externalReferences>
            <reference type="documentation">
              <url>https://docs.rs/unicode-ident</url>
            </reference>
            <reference type="vcs">
              <url>https://github.com/dtolnay/unicode-ident</url>
            </reference>
          </externalReferences>
        </component>
        <component type="library" bom-ref="windfarm-monitoring@0.3.7:pkg:cargo/unicode-normalization@0.1.23">
          <name>unicode-normalization</name>
          <version>0.1.23</version>
          <description>This crate provides functions for normalization of Unicode strings, including Canonical and Compatible Decomposition and Recomposition, as described in Unicode Standard Annex #15. </description>
          <scope>required</scope>
          <licenses>
            <expression>MIT OR Apache-2.0</expression>
          </licenses>
          <purl>pkg:cargo/unicode-normalization@0.1.23</purl>
          <externalReferences>
            <reference type="documentation">
              <url>https://docs.rs/unicode-normalization/</url>
            </reference>
            <reference type="website">
              <url>https://github.com/unicode-rs/unicode-normalization</url>
            </reference>
            <reference type="vcs">
              <url>https://github.com/unicode-rs/unicode-normalization</url>
            </reference>
          </externalReferences>
        </component>
        <component type="library" bom-ref="windfarm-monitoring@0.3.7:pkg:cargo/unicode-xid@0.1.0">
          <name>unicode-xid</name>
          <version>0.1.0</version>
          <description>Determine whether characters have the XID_Start or XID_Continue properties according to Unicode Standard Annex #31. </description>
          <scope>required</scope>
          <licenses>
            <expression>MIT OR Apache-2.0</expression>
          </licenses>
          <purl>pkg:cargo/unicode-xid@0.1.0</purl>
          <externalReferences>
            <reference type="documentation">
              <url>https://unicode-rs.github.io/unicode-xid</url>
            </reference>
            <reference type="website">
              <url>https://github.com/unicode-rs/unicode-xid</url>
            </reference>
            <reference type="vcs">
              <url>https://github.com/unicode-rs/unicode-xid</url>
            </reference>
          </externalReferences>
        </component>
        <component type="library" bom-ref="windfarm-monitoring@0.3.7:pkg:cargo/url@2.5.2">
          <name>url</name>
          <version>2.5.2</version>
          <description>URL library for Rust, based on the WHATWG URL Standard</description>
          <scope>required</scope>
          <licenses>
            <expression>MIT OR Apache-2.0</expression>
          </licenses>
          <purl>pkg:cargo/url@2.5.2</purl>
          <externalReferences>
            <reference type="documentation">
              <url>https://docs.rs/url</url>
            </reference>
            <reference type="vcs">
              <url>https://github.com/servo/rust-url</url>
            </reference>
          </externalReferences>
        </component>
        <component type="library" bom-ref="windfarm-monitoring@0.3.7:pkg:cargo/version_check@0.9.4">
          <name>version_check</name>
          <version>0.9.4</version>
          <description>Tiny crate to check the version of the installed/running rustc.</description>
          <scope>required</scope>
          <licenses>
            <expression>MIT OR Apache-2.0</expression>
          </licenses>
          <purl>pkg:cargo/version_check@0.9.4</purl>
          <externalReferences>
            <reference type="documentation">
              <url>https://docs.rs/version_check/</url>
            </reference>
            <reference type="vcs">
              <url>https://github.com/SergioBenitez/version_check</url>
            </reference>
          </externalReferences>
        </component>
        <component type="library" bom-ref="windfarm-monitoring@0.3.7:pkg:cargo/wasi@0.11.0+wasi-snapshot-preview1">
          <name>wasi</name>
          <version>0.11.0+wasi-snapshot-preview1</version>
          <description>Experimental WASI API bindings for Rust</description>
          <scope>required</scope>
          <licenses>
            <expression>Apache-2.0 WITH LLVM-exception OR Apache-2.0 OR MIT</expression>
          </licenses>
          <purl>pkg:cargo/wasi@0.11.0+wasi-snapshot-preview1</purl>
          <externalReferences>
            <reference type="documentation">
              <url>https://docs.rs/wasi</url>
            </reference>
            <reference type="vcs">
              <url>https://github.com/bytecodealliance/wasi</url>
            </reference>
          </externalReferences>
        </component>
        <component type="library" bom-ref="windfarm-monitoring@0.3.7:pkg:cargo/wasm-bindgen@0.2.92">
          <name>wasm-bindgen</name>
          <version>0.2.92</version>
          <description>Easy support for interacting between JS and Rust. </description>
          <scope>required</scope>
          <licenses>
            <expression>MIT OR Apache-2.0</expression>
          </licenses>
          <purl>pkg:cargo/wasm-bindgen@0.2.92</purl>
          <externalReferences>
            <reference type="documentation">
              <url>https://docs.rs/wasm-bindgen</url>
            </reference>
            <reference type="website">
              <url>https://rustwasm.github.io/</url>
            </reference>
            <reference type="vcs">
              <url>https://github.com/rustwasm/wasm-bindgen</url>
            </reference>
          </externalReferences>
        </component>
        <component type="library" bom-ref="windfarm-monitoring@0.3.7:pkg:cargo/wasm-bindgen-backend@0.2.92">
          <name>wasm-bindgen-backend</name>
          <version>0.2.92</version>
          <description>Backend code generation of the wasm-bindgen tool </description>
          <scope>required</scope>
          <licenses>
            <expression>MIT OR Apache-2.0</expression>
          </licenses>
          <purl>pkg:cargo/wasm-bindgen-backend@0.2.92</purl>
          <externalReferences>
            <reference type="documentation">
              <url>https://docs.rs/wasm-bindgen-backend</url>
            </reference>
            <reference type="website">
              <url>https://rustwasm.github.io/wasm-bindgen/</url>
            </reference>
            <reference type="vcs">
              <url>https://github.com/rustwasm/wasm-bindgen/tree/master/crates/backend</url>
            </reference>
          </externalReferences>
        </component>
        <component type="library" bom-ref="windfarm-monitoring@0.3.7:pkg:cargo/wasm-bindgen-macro@0.2.92">
          <name>wasm-bindgen-macro</name>
          <version>0.2.92</version>
          <description>Definition of the `#[wasm_bindgen]` attribute, an internal dependency </description>
          <scope>required</scope>
          <licenses>
            <expression>MIT OR Apache-2.0</expression>
          </licenses>
          <purl>pkg:cargo/wasm-bindgen-macro@0.2.92</purl>
          <externalReferences>
            <reference type="documentation">
              <url>https://docs.rs/wasm-bindgen</url>
            </reference>
            <reference type="website">
              <url>https://rustwasm.github.io/wasm-bindgen/</url>
            </reference>
            <reference type="vcs">
              <url>https://github.com/rustwasm/wasm-bindgen/tree/master/crates/macro</url>
            </reference>
          </externalReferences>
        </component>
        <component type="library" bom-ref="windfarm-monitoring@0.3.7:pkg:cargo/wasm-bindgen-macro-support@0.2.92">
          <name>wasm-bindgen-macro-support</name>
          <version>0.2.92</version>
          <description>The part of the implementation of the `#[wasm_bindgen]` attribute that is not in the shared backend crate </description>
          <scope>required</scope>
          <licenses>
            <expression>MIT OR Apache-2.0</expression>
          </licenses>
          <purl>pkg:cargo/wasm-bindgen-macro-support@0.2.92</purl>
          <externalReferences>
            <reference type="documentation">
              <url>https://docs.rs/wasm-bindgen</url>
            </reference>
            <reference type="website">
              <url>https://rustwasm.github.io/wasm-bindgen/</url>
            </reference>
            <reference type="vcs">
              <url>https://github.com/rustwasm/wasm-bindgen/tree/master/crates/macro-support</url>
            </reference>
          </externalReferences>
        </component>
        <component type="library" bom-ref="windfarm-monitoring@0.3.7:pkg:cargo/wasm-bindgen-shared@0.2.92">
          <name>wasm-bindgen-shared</name>
          <version>0.2.92</version>
          <description>Shared support between wasm-bindgen and wasm-bindgen cli, an internal dependency. </description>
          <scope>required</scope>
          <licenses>
            <expression>MIT OR Apache-2.0</expression>
          </licenses>
          <purl>pkg:cargo/wasm-bindgen-shared@0.2.92</purl>
          <externalReferences>
            <reference type="documentation">
              <url>https://docs.rs/wasm-bindgen-shared</url>
            </reference>
            <reference type="website">
              <url>https://rustwasm.github.io/wasm-bindgen/</url>
            </reference>
            <reference type="other">
              <url>wasm_bindgen</url>
            </reference>
            <reference type="vcs">
              <url>https://github.com/rustwasm/wasm-bindgen/tree/master/crates/shared</url>
            </reference>
          </externalReferences>
        </component>
        <component type="library" bom-ref="windfarm-monitoring@0.3.7:pkg:cargo/which@4.4.2">
          <name>which</name>
          <version>4.4.2</version>
          <description>A Rust equivalent of Unix command "which". Locate installed executable in cross platforms.</description>
          <scope>required</scope>
          <licenses>
            <expression>MIT</expression>
          </licenses>
          <purl>pkg:cargo/which@4.4.2</purl>
          <externalReferences>
            <reference type="documentation">
              <url>https://docs.rs/which/</url>
            </reference>
            <reference type="vcs">
              <url>https://github.com/harryfei/which-rs.git</url>
            </reference>
          </externalReferences>
        </component>
        <component type="library" bom-ref="windfarm-monitoring@0.3.7:pkg:cargo/windows-core@0.52.0">
          <name>windows-core</name>
          <version>0.52.0</version>
          <description>Rust for Windows</description>
          <scope>required</scope>
          <licenses>
            <expression>MIT OR Apache-2.0</expression>
          </licenses>
          <purl>pkg:cargo/windows-core@0.52.0</purl>
          <externalReferences>
            <reference type="vcs">
              <url>https://github.com/microsoft/windows-rs</url>
            </reference>
          </externalReferences>
        </component>
        <component type="library" bom-ref="windfarm-monitoring@0.3.7:pkg:cargo/windows-sys@0.48.0">
          <name>windows-sys</name>
          <version>0.48.0</version>
          <description>Rust for Windows</description>
          <scope>required</scope>
          <licenses>
            <expression>MIT OR Apache-2.0</expression>
          </licenses>
          <purl>pkg:cargo/windows-sys@0.48.0</purl>
          <externalReferences>
            <reference type="vcs">
              <url>https://github.com/microsoft/windows-rs</url>
            </reference>
          </externalReferences>
        </component>
        <component type="library" bom-ref="windfarm-monitoring@0.3.7:pkg:cargo/windows-sys@0.52.0">
          <name>windows-sys</name>
          <version>0.52.0</version>
          <description>Rust for Windows</description>
          <scope>required</scope>
          <licenses>
            <expression>MIT OR Apache-2.0</expression>
          </licenses>
          <purl>pkg:cargo/windows-sys@0.52.0</purl>
          <externalReferences>
            <reference type="vcs">
              <url>https://github.com/microsoft/windows-rs</url>
            </reference>
          </externalReferences>
        </component>
        <component type="library" bom-ref="windfarm-monitoring@0.3.7:pkg:cargo/windows-targets@0.48.5">
          <name>windows-targets</name>
          <version>0.48.5</version>
          <description>Import libs for Windows</description>
          <scope>required</scope>
          <licenses>
            <expression>MIT OR Apache-2.0</expression>
          </licenses>
          <purl>pkg:cargo/windows-targets@0.48.5</purl>
          <externalReferences>
            <reference type="vcs">
              <url>https://github.com/microsoft/windows-rs</url>
            </reference>
          </externalReferences>
        </component>
        <component type="library" bom-ref="windfarm-monitoring@0.3.7:pkg:cargo/windows-targets@0.52.5">
          <name>windows-targets</name>
          <version>0.52.5</version>
          <description>Import libs for Windows</description>
          <scope>required</scope>
          <licenses>
            <expression>MIT OR Apache-2.0</expression>
          </licenses>
          <purl>pkg:cargo/windows-targets@0.52.5</purl>
          <externalReferences>
            <reference type="vcs">
              <url>https://github.com/microsoft/windows-rs</url>
            </reference>
          </externalReferences>
        </component>
        <component type="library" bom-ref="windfarm-monitoring@0.3.7:pkg:cargo/windows_aarch64_gnullvm@0.48.5">
          <name>windows_aarch64_gnullvm</name>
          <version>0.48.5</version>
          <description>Import lib for Windows</description>
          <scope>required</scope>
          <licenses>
            <expression>MIT OR Apache-2.0</expression>
          </licenses>
          <purl>pkg:cargo/windows_aarch64_gnullvm@0.48.5</purl>
          <externalReferences>
            <reference type="vcs">
              <url>https://github.com/microsoft/windows-rs</url>
            </reference>
          </externalReferences>
        </component>
        <component type="library" bom-ref="windfarm-monitoring@0.3.7:pkg:cargo/windows_aarch64_gnullvm@0.52.5">
          <name>windows_aarch64_gnullvm</name>
          <version>0.52.5</version>
          <description>Import lib for Windows</description>
          <scope>required</scope>
          <licenses>
            <expression>MIT OR Apache-2.0</expression>
          </licenses>
          <purl>pkg:cargo/windows_aarch64_gnullvm@0.52.5</purl>
          <externalReferences>
            <reference type="vcs">
              <url>https://github.com/microsoft/windows-rs</url>
            </reference>
          </externalReferences>
        </component>
        <component type="library" bom-ref="windfarm-monitoring@0.3.7:pkg:cargo/windows_aarch64_msvc@0.48.5">
          <name>windows_aarch64_msvc</name>
          <version>0.48.5</version>
          <description>Import lib for Windows</description>
          <scope>required</scope>
          <licenses>
            <expression>MIT OR Apache-2.0</expression>
          </licenses>
          <purl>pkg:cargo/windows_aarch64_msvc@0.48.5</purl>
          <externalReferences>
            <reference type="vcs">
              <url>https://github.com/microsoft/windows-rs</url>
            </reference>
          </externalReferences>
        </component>
        <component type="library" bom-ref="windfarm-monitoring@0.3.7:pkg:cargo/windows_aarch64_msvc@0.52.5">
          <name>windows_aarch64_msvc</name>
          <version>0.52.5</version>
          <description>Import lib for Windows</description>
          <scope>required</scope>
          <licenses>
            <expression>MIT OR Apache-2.0</expression>
          </licenses>
          <purl>pkg:cargo/windows_aarch64_msvc@0.52.5</purl>
          <externalReferences>
            <reference type="vcs">
              <url>https://github.com/microsoft/windows-rs</url>
            </reference>
          </externalReferences>
        </component>
        <component type="library" bom-ref="windfarm-monitoring@0.3.7:pkg:cargo/windows_i686_gnu@0.48.5">
          <name>windows_i686_gnu</name>
          <version>0.48.5</version>
          <description>Import lib for Windows</description>
          <scope>required</scope>
          <licenses>
            <expression>MIT OR Apache-2.0</expression>
          </licenses>
          <purl>pkg:cargo/windows_i686_gnu@0.48.5</purl>
          <externalReferences>
            <reference type="vcs">
              <url>https://github.com/microsoft/windows-rs</url>
            </reference>
          </externalReferences>
        </component>
        <component type="library" bom-ref="windfarm-monitoring@0.3.7:pkg:cargo/windows_i686_gnu@0.52.5">
          <name>windows_i686_gnu</name>
          <version>0.52.5</version>
          <description>Import lib for Windows</description>
          <scope>required</scope>
          <licenses>
            <expression>MIT OR Apache-2.0</expression>
          </licenses>
          <purl>pkg:cargo/windows_i686_gnu@0.52.5</purl>
          <externalReferences>
            <reference type="vcs">
              <url>https://github.com/microsoft/windows-rs</url>
            </reference>
          </externalReferences>
        </component>
        <component type="library" bom-ref="windfarm-monitoring@0.3.7:pkg:cargo/windows_i686_gnullvm@0.52.5">
          <name>windows_i686_gnullvm</name>
          <version>0.52.5</version>
          <description>Import lib for Windows</description>
          <scope>required</scope>
          <licenses>
            <expression>MIT OR Apache-2.0</expression>
          </licenses>
          <purl>pkg:cargo/windows_i686_gnullvm@0.52.5</purl>
          <externalReferences>
            <reference type="vcs">
              <url>https://github.com/microsoft/windows-rs</url>
            </reference>
          </externalReferences>
        </component>
        <component type="library" bom-ref="windfarm-monitoring@0.3.7:pkg:cargo/windows_i686_msvc@0.48.5">
          <name>windows_i686_msvc</name>
          <version>0.48.5</version>
          <description>Import lib for Windows</description>
          <scope>required</scope>
          <licenses>
            <expression>MIT OR Apache-2.0</expression>
          </licenses>
          <purl>pkg:cargo/windows_i686_msvc@0.48.5</purl>
          <externalReferences>
            <reference type="vcs">
              <url>https://github.com/microsoft/windows-rs</url>
            </reference>
          </externalReferences>
        </component>
        <component type="library" bom-ref="windfarm-monitoring@0.3.7:pkg:cargo/windows_i686_msvc@0.52.5">
          <name>windows_i686_msvc</name>
          <version>0.52.5</version>
          <description>Import lib for Windows</description>
          <scope>required</scope>
          <licenses>
            <expression>MIT OR Apache-2.0</expression>
          </licenses>
          <purl>pkg:cargo/windows_i686_msvc@0.52.5</purl>
          <externalReferences>
            <reference type="vcs">
              <url>https://github.com/microsoft/windows-rs</url>
            </reference>
          </externalReferences>
        </component>
        <component type="library" bom-ref="windfarm-monitoring@0.3.7:pkg:cargo/windows_x86_64_gnu@0.48.5">
          <name>windows_x86_64_gnu</name>
          <version>0.48.5</version>
          <description>Import lib for Windows</description>
          <scope>required</scope>
          <licenses>
            <expression>MIT OR Apache-2.0</expression>
          </licenses>
          <purl>pkg:cargo/windows_x86_64_gnu@0.48.5</purl>
          <externalReferences>
            <reference type="vcs">
              <url>https://github.com/microsoft/windows-rs</url>
            </reference>
          </externalReferences>
        </component>
        <component type="library" bom-ref="windfarm-monitoring@0.3.7:pkg:cargo/windows_x86_64_gnu@0.52.5">
          <name>windows_x86_64_gnu</name>
          <version>0.52.5</version>
          <description>Import lib for Windows</description>
          <scope>required</scope>
          <licenses>
            <expression>MIT OR Apache-2.0</expression>
          </licenses>
          <purl>pkg:cargo/windows_x86_64_gnu@0.52.5</purl>
          <externalReferences>
            <reference type="vcs">
              <url>https://github.com/microsoft/windows-rs</url>
            </reference>
          </externalReferences>
        </component>
        <component type="library" bom-ref="windfarm-monitoring@0.3.7:pkg:cargo/windows_x86_64_gnullvm@0.48.5">
          <name>windows_x86_64_gnullvm</name>
          <version>0.48.5</version>
          <description>Import lib for Windows</description>
          <scope>required</scope>
          <licenses>
            <expression>MIT OR Apache-2.0</expression>
          </licenses>
          <purl>pkg:cargo/windows_x86_64_gnullvm@0.48.5</purl>
          <externalReferences>
            <reference type="vcs">
              <url>https://github.com/microsoft/windows-rs</url>
            </reference>
          </externalReferences>
        </component>
        <component type="library" bom-ref="windfarm-monitoring@0.3.7:pkg:cargo/windows_x86_64_gnullvm@0.52.5">
          <name>windows_x86_64_gnullvm</name>
          <version>0.52.5</version>
          <description>Import lib for Windows</description>
          <scope>required</scope>
          <licenses>
            <expression>MIT OR Apache-2.0</expression>
          </licenses>
          <purl>pkg:cargo/windows_x86_64_gnullvm@0.52.5</purl>
          <externalReferences>
            <reference type="vcs">
              <url>https://github.com/microsoft/windows-rs</url>
            </reference>
          </externalReferences>
        </component>
        <component type="library" bom-ref="windfarm-monitoring@0.3.7:pkg:cargo/windows_x86_64_msvc@0.48.5">
          <name>windows_x86_64_msvc</name>
          <version>0.48.5</version>
          <description>Import lib for Windows</description>
          <scope>required</scope>
          <licenses>
            <expression>MIT OR Apache-2.0</expression>
          </licenses>
          <purl>pkg:cargo/windows_x86_64_msvc@0.48.5</purl>
          <externalReferences>
            <reference type="vcs">
              <url>https://github.com/microsoft/windows-rs</url>
            </reference>
          </externalReferences>
        </component>
        <component type="library" bom-ref="windfarm-monitoring@0.3.7:pkg:cargo/windows_x86_64_msvc@0.52.5">
          <name>windows_x86_64_msvc</name>
          <version>0.52.5</version>
          <description>Import lib for Windows</description>
          <scope>required</scope>
          <licenses>
            <expression>MIT OR Apache-2.0</expression>
          </licenses>
          <purl>pkg:cargo/windows_x86_64_msvc@0.52.5</purl>
          <externalReferences>
            <reference type="vcs">
              <url>https://github.com/microsoft/windows-rs</url>
            </reference>
          </externalReferences>
        </component>
        <component type="library" bom-ref="windfarm-monitoring@0.3.7:pkg:cargo/zerocopy@0.7.35">
          <name>zerocopy</name>
          <version>0.7.35</version>
          <description>Utilities for zero-copy parsing and serialization</description>
          <scope>required</scope>
          <licenses>
            <expression>BSD-2-Clause OR Apache-2.0 OR MIT</expression>
          </licenses>
          <purl>pkg:cargo/zerocopy@0.7.35</purl>
          <externalReferences>
            <reference type="vcs">
              <url>https://github.com/google/zerocopy</url>
            </reference>
          </externalReferences>
        </component>
        <component type="library" bom-ref="windfarm-monitoring@0.3.7:pkg:cargo/zerocopy-derive@0.7.35">
          <name>zerocopy-derive</name>
          <version>0.7.35</version>
          <description>Custom derive for traits from the zerocopy crate</description>
          <scope>required</scope>
          <licenses>
            <expression>BSD-2-Clause OR Apache-2.0 OR MIT</expression>
          </licenses>
          <purl>pkg:cargo/zerocopy-derive@0.7.35</purl>
          <externalReferences>
            <reference type="vcs">
              <url>https://github.com/google/zerocopy</url>
            </reference>
          </externalReferences>
        </component>
        <component type="library" bom-ref="windfarm-monitoring@0.3.7:pkg:cargo/zstd@0.13.1">
          <name>zstd</name>
          <version>0.13.1</version>
          <description>Binding for the zstd compression library.</description>
          <scope>required</scope>
          <licenses>
            <expression>MIT</expression>
          </licenses>
          <purl>pkg:cargo/zstd@0.13.1</purl>
          <externalReferences>
            <reference type="documentation">
              <url>https://docs.rs/zstd</url>
            </reference>
            <reference type="vcs">
              <url>https://github.com/gyscos/zstd-rs</url>
            </reference>
          </externalReferences>
        </component>
        <component type="library" bom-ref="windfarm-monitoring@0.3.7:pkg:cargo/zstd-safe@7.1.0">
          <name>zstd-safe</name>
          <version>7.1.0</version>
          <description>Safe low-level bindings for the zstd compression library.</description>
          <scope>required</scope>
          <licenses>
            <expression>MIT OR Apache-2.0</expression>
          </licenses>
          <purl>pkg:cargo/zstd-safe@7.1.0</purl>
          <externalReferences>
            <reference type="vcs">
              <url>https://github.com/gyscos/zstd-rs</url>
            </reference>
          </externalReferences>
        </component>
        <component type="library" bom-ref="windfarm-monitoring@0.3.7:pkg:cargo/zstd-sys@2.0.11+zstd.1.5.6">
          <name>zstd-sys</name>
          <version>2.0.11+zstd.1.5.6</version>
          <description>Low-level bindings for the zstd compression library.</description>
          <scope>required</scope>
          <licenses>
            <expression>MIT OR Apache-2.0</expression>
          </licenses>
          <purl>pkg:cargo/zstd-sys@2.0.11+zstd.1.5.6</purl>
          <externalReferences>
            <reference type="other">
              <url>zstd</url>
            </reference>
            <reference type="vcs">
              <url>https://github.com/gyscos/zstd-rs</url>
            </reference>
          </externalReferences>
        </component>
      </components>
    </component>
    <component type="container" bom-ref="omnect/omnect-portal-windfarm-monitoring:0.9.0@sha256:c32f717524b63e69e5d7a90990b4b61034b53d44b173c8d80735daae59d7d5f1:dfc15bac4446567d">
      <name>omnect/omnect-portal-windfarm-monitoring:0.9.0</name>
      <version>sha256:c32f717524b63e69e5d7a90990b4b61034b53d44b173c8d80735daae59d7d5f1</version>
      <components>
        <component type="library" bom-ref="omnect/omnect-portal-windfarm-monitoring:0.9.0@sha256:c32f717524b63e69e5d7a90990b4b61034b53d44b173c8d80735daae59d7d5f1:pkg:deb/debian/base-files@12.4+deb12u6?arch=amd64&amp;distro=debian-12&amp;package-id=313b60ab0cdcb8ea">
          <publisher>Santiago Vila &lt;sanvila@debian.org&gt;</publisher>
          <name>base-files</name>
          <version>12.4+deb12u6</version>
          <cpe>cpe:2.3:a:base-files:base-files:12.4\+deb12u6:*:*:*:*:*:*:*</cpe>
          <purl>pkg:deb/debian/base-files@12.4+deb12u6?arch=amd64&amp;distro=debian-12</purl>
          <properties>
            <property name="syft:package:foundBy">dpkgdb-cataloger</property>
            <property name="syft:package:metadataType">DpkgMetadata</property>
            <property name="syft:package:type">deb</property>
            <property name="syft:cpe23">cpe:2.3:a:base-files:base_files:12.4\+deb12u6:*:*:*:*:*:*:*</property>
            <property name="syft:cpe23">cpe:2.3:a:base_files:base-files:12.4\+deb12u6:*:*:*:*:*:*:*</property>
            <property name="syft:cpe23">cpe:2.3:a:base_files:base_files:12.4\+deb12u6:*:*:*:*:*:*:*</property>
            <property name="syft:cpe23">cpe:2.3:a:base:base-files:12.4\+deb12u6:*:*:*:*:*:*:*</property>
            <property name="syft:cpe23">cpe:2.3:a:base:base_files:12.4\+deb12u6:*:*:*:*:*:*:*</property>
            <property name="syft:location:0:layerID">sha256:f144bb4c7c7f0d2aa7eeffd36d934ec40db1ee167be727e326aad9fdc616f475</property>
            <property name="syft:location:0:path">/usr/share/doc/base-files/copyright</property>
            <property name="syft:location:1:layerID">sha256:f144bb4c7c7f0d2aa7eeffd36d934ec40db1ee167be727e326aad9fdc616f475</property>
            <property name="syft:location:1:path">/var/lib/dpkg/status.d/base-files</property>
            <property name="syft:metadata:installedSize">341</property>
          </properties>
        </component>
        <component type="library" bom-ref="omnect/omnect-portal-windfarm-monitoring:0.9.0@sha256:c32f717524b63e69e5d7a90990b4b61034b53d44b173c8d80735daae59d7d5f1:pkg:deb/debian/libbrotli1@1.0.9-2+b6?arch=amd64&amp;upstream=brotli%401.0.9-2&amp;distro=debian-12&amp;package-id=1e6ab302686c6933">
          <publisher>Tomasz Buchert &lt;tomasz@debian.org&gt;</publisher>
          <name>libbrotli1</name>
          <version>1.0.9-2+b6</version>
          <cpe>cpe:2.3:a:libbrotli1:libbrotli1:1.0.9-2\+b6:*:*:*:*:*:*:*</cpe>
          <purl>pkg:deb/debian/libbrotli1@1.0.9-2+b6?arch=amd64&amp;upstream=brotli%401.0.9-2&amp;distro=debian-12</purl>
          <properties>
            <property name="syft:package:foundBy">dpkgdb-cataloger</property>
            <property name="syft:package:metadataType">DpkgMetadata</property>
            <property name="syft:package:type">deb</property>
            <property name="syft:location:0:layerID">sha256:fc2b159037d52a7e91b536606174fd69e8e39be1e374d6e2146fb958d95e264b</property>
            <property name="syft:location:0:path">/var/lib/dpkg/status.d/libbrotli1</property>
            <property name="syft:metadata:installedSize">783</property>
            <property name="syft:metadata:source">brotli</property>
            <property name="syft:metadata:sourceVersion">1.0.9-2</property>
          </properties>
        </component>
        <component type="library" bom-ref="omnect/omnect-portal-windfarm-monitoring:0.9.0@sha256:c32f717524b63e69e5d7a90990b4b61034b53d44b173c8d80735daae59d7d5f1:pkg:deb/debian/libc6@2.36-9+deb12u7?arch=amd64&amp;upstream=glibc&amp;distro=debian-12&amp;package-id=10b24b976aca8e0">
          <publisher>GNU Libc Maintainers &lt;debian-glibc@lists.debian.org&gt;</publisher>
          <name>libc6</name>
          <version>2.36-9+deb12u7</version>
          <licenses>
            <license>
              <id>GPL-2.0-only</id>
            </license>
          </licenses>
          <cpe>cpe:2.3:a:libc6:libc6:2.36-9\+deb12u7:*:*:*:*:*:*:*</cpe>
          <purl>pkg:deb/debian/libc6@2.36-9+deb12u7?arch=amd64&amp;upstream=glibc&amp;distro=debian-12</purl>
          <properties>
            <property name="syft:package:foundBy">dpkgdb-cataloger</property>
            <property name="syft:package:metadataType">DpkgMetadata</property>
            <property name="syft:package:type">deb</property>
            <property name="syft:location:0:layerID">sha256:642674950c6fdd58c7023a7f34f526007b73f3b1a04398759ce26221d4c81f37</property>
            <property name="syft:location:0:path">/usr/share/doc/libc6/copyright</property>
            <property name="syft:location:1:layerID">sha256:642674950c6fdd58c7023a7f34f526007b73f3b1a04398759ce26221d4c81f37</property>
            <property name="syft:location:1:path">/var/lib/dpkg/status.d/libc6</property>
            <property name="syft:metadata:installedSize">12986</property>
            <property name="syft:metadata:source">glibc</property>
          </properties>
        </component>
        <component type="library" bom-ref="omnect/omnect-portal-windfarm-monitoring:0.9.0@sha256:c32f717524b63e69e5d7a90990b4b61034b53d44b173c8d80735daae59d7d5f1:pkg:deb/debian/libcom-err2@1.47.0-2?arch=amd64&amp;upstream=e2fsprogs&amp;distro=debian-12&amp;package-id=66871837bb6052e7">
          <publisher>Theodore Y. Ts'o &lt;tytso@mit.edu&gt;</publisher>
          <name>libcom-err2</name>
          <version>1.47.0-2</version>
          <cpe>cpe:2.3:a:libcom-err2:libcom-err2:1.47.0-2:*:*:*:*:*:*:*</cpe>
          <purl>pkg:deb/debian/libcom-err2@1.47.0-2?arch=amd64&amp;upstream=e2fsprogs&amp;distro=debian-12</purl>
          <properties>
            <property name="syft:package:foundBy">dpkgdb-cataloger</property>
            <property name="syft:package:metadataType">DpkgMetadata</property>
            <property name="syft:package:type">deb</property>
            <property name="syft:cpe23">cpe:2.3:a:libcom-err2:libcom_err2:1.47.0-2:*:*:*:*:*:*:*</property>
            <property name="syft:cpe23">cpe:2.3:a:libcom_err2:libcom-err2:1.47.0-2:*:*:*:*:*:*:*</property>
            <property name="syft:cpe23">cpe:2.3:a:libcom_err2:libcom_err2:1.47.0-2:*:*:*:*:*:*:*</property>
            <property name="syft:cpe23">cpe:2.3:a:libcom:libcom-err2:1.47.0-2:*:*:*:*:*:*:*</property>
            <property name="syft:cpe23">cpe:2.3:a:libcom:libcom_err2:1.47.0-2:*:*:*:*:*:*:*</property>
            <property name="syft:location:0:layerID">sha256:fc2b159037d52a7e91b536606174fd69e8e39be1e374d6e2146fb958d95e264b</property>
            <property name="syft:location:0:path">/var/lib/dpkg/status.d/libcom-err2</property>
            <property name="syft:metadata:installedSize">54</property>
            <property name="syft:metadata:source">e2fsprogs</property>
          </properties>
        </component>
        <component type="library" bom-ref="omnect/omnect-portal-windfarm-monitoring:0.9.0@sha256:c32f717524b63e69e5d7a90990b4b61034b53d44b173c8d80735daae59d7d5f1:pkg:deb/debian/libcurl4@7.88.1-10+deb12u5?arch=amd64&amp;upstream=curl&amp;distro=debian-12&amp;package-id=8ec6feb6d2d13fe9">
          <publisher>Alessandro Ghedini &lt;ghedo@debian.org&gt;</publisher>
          <name>libcurl4</name>
          <version>7.88.1-10+deb12u5</version>
          <cpe>cpe:2.3:a:libcurl4:libcurl4:7.88.1-10\+deb12u5:*:*:*:*:*:*:*</cpe>
          <purl>pkg:deb/debian/libcurl4@7.88.1-10+deb12u5?arch=amd64&amp;upstream=curl&amp;distro=debian-12</purl>
          <properties>
            <property name="syft:package:foundBy">dpkgdb-cataloger</property>
            <property name="syft:package:metadataType">DpkgMetadata</property>
            <property name="syft:package:type">deb</property>
            <property name="syft:location:0:layerID">sha256:fc2b159037d52a7e91b536606174fd69e8e39be1e374d6e2146fb958d95e264b</property>
            <property name="syft:location:0:path">/var/lib/dpkg/status.d/libcurl4</property>
            <property name="syft:metadata:installedSize">843</property>
            <property name="syft:metadata:source">curl</property>
          </properties>
        </component>
        <component type="library" bom-ref="omnect/omnect-portal-windfarm-monitoring:0.9.0@sha256:c32f717524b63e69e5d7a90990b4b61034b53d44b173c8d80735daae59d7d5f1:pkg:deb/debian/libcurl4-openssl-dev@7.88.1-10+deb12u5?arch=amd64&amp;upstream=curl&amp;distro=debian-12&amp;package-id=8e204e51f93cd8a4">
          <publisher>Alessandro Ghedini &lt;ghedo@debian.org&gt;</publisher>
          <name>libcurl4-openssl-dev</name>
          <version>7.88.1-10+deb12u5</version>
          <cpe>cpe:2.3:a:libcurl4-openssl-dev:libcurl4-openssl-dev:7.88.1-10\+deb12u5:*:*:*:*:*:*:*</cpe>
          <purl>pkg:deb/debian/libcurl4-openssl-dev@7.88.1-10+deb12u5?arch=amd64&amp;upstream=curl&amp;distro=debian-12</purl>
          <properties>
            <property name="syft:package:foundBy">dpkgdb-cataloger</property>
            <property name="syft:package:metadataType">DpkgMetadata</property>
            <property name="syft:package:type">deb</property>
            <property name="syft:cpe23">cpe:2.3:a:libcurl4-openssl-dev:libcurl4_openssl_dev:7.88.1-10\+deb12u5:*:*:*:*:*:*:*</property>
            <property name="syft:cpe23">cpe:2.3:a:libcurl4_openssl_dev:libcurl4-openssl-dev:7.88.1-10\+deb12u5:*:*:*:*:*:*:*</property>
            <property name="syft:cpe23">cpe:2.3:a:libcurl4_openssl_dev:libcurl4_openssl_dev:7.88.1-10\+deb12u5:*:*:*:*:*:*:*</property>
            <property name="syft:cpe23">cpe:2.3:a:libcurl4-openssl:libcurl4-openssl-dev:7.88.1-10\+deb12u5:*:*:*:*:*:*:*</property>
            <property name="syft:cpe23">cpe:2.3:a:libcurl4-openssl:libcurl4_openssl_dev:7.88.1-10\+deb12u5:*:*:*:*:*:*:*</property>
            <property name="syft:cpe23">cpe:2.3:a:libcurl4_openssl:libcurl4-openssl-dev:7.88.1-10\+deb12u5:*:*:*:*:*:*:*</property>
            <property name="syft:cpe23">cpe:2.3:a:libcurl4_openssl:libcurl4_openssl_dev:7.88.1-10\+deb12u5:*:*:*:*:*:*:*</property>
            <property name="syft:cpe23">cpe:2.3:a:libcurl4:libcurl4-openssl-dev:7.88.1-10\+deb12u5:*:*:*:*:*:*:*</property>
            <property name="syft:cpe23">cpe:2.3:a:libcurl4:libcurl4_openssl_dev:7.88.1-10\+deb12u5:*:*:*:*:*:*:*</property>
            <property name="syft:location:0:layerID">sha256:fc2b159037d52a7e91b536606174fd69e8e39be1e374d6e2146fb958d95e264b</property>
            <property name="syft:location:0:path">/var/lib/dpkg/status.d/libcurl4</property>
            <property name="syft:metadata:installedSize">1780</property>
            <property name="syft:metadata:source">curl</property>
          </properties>
        </component>
        <component type="library" bom-ref="omnect/omnect-portal-windfarm-monitoring:0.9.0@sha256:c32f717524b63e69e5d7a90990b4b61034b53d44b173c8d80735daae59d7d5f1:pkg:deb/debian/libffi8@3.4.4-1?arch=amd64&amp;upstream=libffi&amp;distro=debian-12&amp;package-id=5e3451b87a670f26">
          <publisher>Debian GCC Maintainers &lt;debian-gcc@lists.debian.org&gt;</publisher>
          <name>libffi8</name>
          <version>3.4.4-1</version>
          <cpe>cpe:2.3:a:libffi8:libffi8:3.4.4-1:*:*:*:*:*:*:*</cpe>
          <purl>pkg:deb/debian/libffi8@3.4.4-1?arch=amd64&amp;upstream=libffi&amp;distro=debian-12</purl>
          <properties>
            <property name="syft:package:foundBy">dpkgdb-cataloger</property>
            <property name="syft:package:metadataType">DpkgMetadata</property>
            <property name="syft:package:type">deb</property>
            <property name="syft:location:0:layerID">sha256:fc2b159037d52a7e91b536606174fd69e8e39be1e374d6e2146fb958d95e264b</property>
            <property name="syft:location:0:path">/var/lib/dpkg/status.d/libffi8</property>
            <property name="syft:metadata:installedSize">68</property>
            <property name="syft:metadata:source">libffi</property>
          </properties>
        </component>
        <component type="library" bom-ref="omnect/omnect-portal-windfarm-monitoring:0.9.0@sha256:c32f717524b63e69e5d7a90990b4b61034b53d44b173c8d80735daae59d7d5f1:pkg:deb/debian/libgcc-s1@12.2.0-14?arch=amd64&amp;upstream=gcc-12&amp;distro=debian-12&amp;package-id=a7299d6876f43166">
          <publisher>Debian GCC Maintainers &lt;debian-gcc@lists.debian.org&gt;</publisher>
          <name>libgcc-s1</name>
          <version>12.2.0-14</version>
          <cpe>cpe:2.3:a:libgcc-s1:libgcc-s1:12.2.0-14:*:*:*:*:*:*:*</cpe>
          <purl>pkg:deb/debian/libgcc-s1@12.2.0-14?arch=amd64&amp;upstream=gcc-12&amp;distro=debian-12</purl>
          <properties>
            <property name="syft:package:foundBy">dpkgdb-cataloger</property>
            <property name="syft:package:metadataType">DpkgMetadata</property>
            <property name="syft:package:type">deb</property>
            <property name="syft:cpe23">cpe:2.3:a:libgcc-s1:libgcc_s1:12.2.0-14:*:*:*:*:*:*:*</property>
            <property name="syft:cpe23">cpe:2.3:a:libgcc_s1:libgcc-s1:12.2.0-14:*:*:*:*:*:*:*</property>
            <property name="syft:cpe23">cpe:2.3:a:libgcc_s1:libgcc_s1:12.2.0-14:*:*:*:*:*:*:*</property>
            <property name="syft:cpe23">cpe:2.3:a:libgcc:libgcc-s1:12.2.0-14:*:*:*:*:*:*:*</property>
            <property name="syft:cpe23">cpe:2.3:a:libgcc:libgcc_s1:12.2.0-14:*:*:*:*:*:*:*</property>
            <property name="syft:location:0:layerID">sha256:7f628e8d08c3e49e838bbdb37051b605cfbde422d2f5d1778f33cac93cc7af74</property>
            <property name="syft:location:0:path">/var/lib/dpkg/status.d/libgcc-s1</property>
            <property name="syft:metadata:installedSize">140</property>
            <property name="syft:metadata:source">gcc-12</property>
          </properties>
        </component>
        <component type="library" bom-ref="omnect/omnect-portal-windfarm-monitoring:0.9.0@sha256:c32f717524b63e69e5d7a90990b4b61034b53d44b173c8d80735daae59d7d5f1:pkg:deb/debian/libgmp10@2:6.2.1+dfsg1-1.1?arch=amd64&amp;upstream=gmp&amp;distro=debian-12&amp;package-id=379c54a1359faef9">
          <publisher>Debian Science Team &lt;debian-science-maintainers@lists.alioth.debian.org&gt;</publisher>
          <name>libgmp10</name>
          <version>2:6.2.1+dfsg1-1.1</version>
          <cpe>cpe:2.3:a:libgmp10:libgmp10:2\:6.2.1\+dfsg1-1.1:*:*:*:*:*:*:*</cpe>
          <purl>pkg:deb/debian/libgmp10@2:6.2.1+dfsg1-1.1?arch=amd64&amp;upstream=gmp&amp;distro=debian-12</purl>
          <properties>
            <property name="syft:package:foundBy">dpkgdb-cataloger</property>
            <property name="syft:package:metadataType">DpkgMetadata</property>
            <property name="syft:package:type">deb</property>
            <property name="syft:location:0:layerID">sha256:fc2b159037d52a7e91b536606174fd69e8e39be1e374d6e2146fb958d95e264b</property>
            <property name="syft:location:0:path">/var/lib/dpkg/status.d/libgmp10</property>
            <property name="syft:metadata:installedSize">855</property>
            <property name="syft:metadata:source">gmp</property>
          </properties>
        </component>
        <component type="library" bom-ref="omnect/omnect-portal-windfarm-monitoring:0.9.0@sha256:c32f717524b63e69e5d7a90990b4b61034b53d44b173c8d80735daae59d7d5f1:pkg:deb/debian/libgnutls30@3.7.9-2+deb12u2?arch=amd64&amp;upstream=gnutls28&amp;distro=debian-12&amp;package-id=eaff84765b7a79e3">
          <publisher>Debian GnuTLS Maintainers &lt;pkg-gnutls-maint@lists.alioth.debian.org&gt;</publisher>
          <name>libgnutls30</name>
          <version>3.7.9-2+deb12u2</version>
          <cpe>cpe:2.3:a:libgnutls30:libgnutls30:3.7.9-2\+deb12u2:*:*:*:*:*:*:*</cpe>
          <purl>pkg:deb/debian/libgnutls30@3.7.9-2+deb12u2?arch=amd64&amp;upstream=gnutls28&amp;distro=debian-12</purl>
          <properties>
            <property name="syft:package:foundBy">dpkgdb-cataloger</property>
            <property name="syft:package:metadataType">DpkgMetadata</property>
            <property name="syft:package:type">deb</property>
            <property name="syft:location:0:layerID">sha256:fc2b159037d52a7e91b536606174fd69e8e39be1e374d6e2146fb958d95e264b</property>
            <property name="syft:location:0:path">/var/lib/dpkg/status.d/libgnutls30</property>
            <property name="syft:metadata:installedSize">3381</property>
            <property name="syft:metadata:source">gnutls28</property>
          </properties>
        </component>
        <component type="library" bom-ref="omnect/omnect-portal-windfarm-monitoring:0.9.0@sha256:c32f717524b63e69e5d7a90990b4b61034b53d44b173c8d80735daae59d7d5f1:pkg:deb/debian/libgomp1@12.2.0-14?arch=amd64&amp;upstream=gcc-12&amp;distro=debian-12&amp;package-id=1b773b4ce4bec6f1">
          <publisher>Debian GCC Maintainers &lt;debian-gcc@lists.debian.org&gt;</publisher>
          <name>libgomp1</name>
          <version>12.2.0-14</version>
          <cpe>cpe:2.3:a:libgomp1:libgomp1:12.2.0-14:*:*:*:*:*:*:*</cpe>
          <purl>pkg:deb/debian/libgomp1@12.2.0-14?arch=amd64&amp;upstream=gcc-12&amp;distro=debian-12</purl>
          <properties>
            <property name="syft:package:foundBy">dpkgdb-cataloger</property>
            <property name="syft:package:metadataType">DpkgMetadata</property>
            <property name="syft:package:type">deb</property>
            <property name="syft:location:0:layerID">sha256:fb9f72b7ede893dbc10753f66a3e3e5a9b3b37f0a43b2e76565c5fca350b4c13</property>
            <property name="syft:location:0:path">/var/lib/dpkg/status.d/libgomp1</property>
            <property name="syft:metadata:installedSize">312</property>
            <property name="syft:metadata:source">gcc-12</property>
          </properties>
        </component>
        <component type="library" bom-ref="omnect/omnect-portal-windfarm-monitoring:0.9.0@sha256:c32f717524b63e69e5d7a90990b4b61034b53d44b173c8d80735daae59d7d5f1:pkg:deb/debian/libgssapi-krb5-2@1.20.1-2+deb12u1?arch=amd64&amp;upstream=krb5&amp;distro=debian-12&amp;package-id=3e3f09d96db8cc07">
          <publisher>Sam Hartman &lt;hartmans@debian.org&gt;</publisher>
          <name>libgssapi-krb5-2</name>
          <version>1.20.1-2+deb12u1</version>
          <cpe>cpe:2.3:a:libgssapi-krb5-2:libgssapi-krb5-2:1.20.1-2\+deb12u1:*:*:*:*:*:*:*</cpe>
          <purl>pkg:deb/debian/libgssapi-krb5-2@1.20.1-2+deb12u1?arch=amd64&amp;upstream=krb5&amp;distro=debian-12</purl>
          <properties>
            <property name="syft:package:foundBy">dpkgdb-cataloger</property>
            <property name="syft:package:metadataType">DpkgMetadata</property>
            <property name="syft:package:type">deb</property>
            <property name="syft:cpe23">cpe:2.3:a:libgssapi-krb5-2:libgssapi_krb5_2:1.20.1-2\+deb12u1:*:*:*:*:*:*:*</property>
            <property name="syft:cpe23">cpe:2.3:a:libgssapi_krb5_2:libgssapi-krb5-2:1.20.1-2\+deb12u1:*:*:*:*:*:*:*</property>
            <property name="syft:cpe23">cpe:2.3:a:libgssapi_krb5_2:libgssapi_krb5_2:1.20.1-2\+deb12u1:*:*:*:*:*:*:*</property>
            <property name="syft:cpe23">cpe:2.3:a:libgssapi-krb5:libgssapi-krb5-2:1.20.1-2\+deb12u1:*:*:*:*:*:*:*</property>
            <property name="syft:cpe23">cpe:2.3:a:libgssapi-krb5:libgssapi_krb5_2:1.20.1-2\+deb12u1:*:*:*:*:*:*:*</property>
            <property name="syft:cpe23">cpe:2.3:a:libgssapi_krb5:libgssapi-krb5-2:1.20.1-2\+deb12u1:*:*:*:*:*:*:*</property>
            <property name="syft:cpe23">cpe:2.3:a:libgssapi_krb5:libgssapi_krb5_2:1.20.1-2\+deb12u1:*:*:*:*:*:*:*</property>
            <property name="syft:cpe23">cpe:2.3:a:libgssapi:libgssapi-krb5-2:1.20.1-2\+deb12u1:*:*:*:*:*:*:*</property>
            <property name="syft:cpe23">cpe:2.3:a:libgssapi:libgssapi_krb5_2:1.20.1-2\+deb12u1:*:*:*:*:*:*:*</property>
            <property name="syft:location:0:layerID">sha256:fc2b159037d52a7e91b536606174fd69e8e39be1e374d6e2146fb958d95e264b</property>
            <property name="syft:location:0:path">/var/lib/dpkg/status.d/libgssapi-krb5-2</property>
            <property name="syft:metadata:installedSize">420</property>
            <property name="syft:metadata:source">krb5</property>
          </properties>
        </component>
        <component type="library" bom-ref="omnect/omnect-portal-windfarm-monitoring:0.9.0@sha256:c32f717524b63e69e5d7a90990b4b61034b53d44b173c8d80735daae59d7d5f1:pkg:deb/debian/libhogweed6@3.8.1-2?arch=amd64&amp;upstream=nettle&amp;distro=debian-12&amp;package-id=698bc9db2f5a005e">
          <publisher>Magnus Holmgren &lt;holmgren@debian.org&gt;</publisher>
          <name>libhogweed6</name>
          <version>3.8.1-2</version>
          <cpe>cpe:2.3:a:libhogweed6:libhogweed6:3.8.1-2:*:*:*:*:*:*:*</cpe>
          <purl>pkg:deb/debian/libhogweed6@3.8.1-2?arch=amd64&amp;upstream=nettle&amp;distro=debian-12</purl>
          <properties>
            <property name="syft:package:foundBy">dpkgdb-cataloger</property>
            <property name="syft:package:metadataType">DpkgMetadata</property>
            <property name="syft:package:type">deb</property>
            <property name="syft:location:0:layerID">sha256:fc2b159037d52a7e91b536606174fd69e8e39be1e374d6e2146fb958d95e264b</property>
            <property name="syft:location:0:path">/var/lib/dpkg/status.d/libhogweed6</property>
            <property name="syft:metadata:installedSize">463</property>
            <property name="syft:metadata:source">nettle</property>
          </properties>
        </component>
        <component type="library" bom-ref="omnect/omnect-portal-windfarm-monitoring:0.9.0@sha256:c32f717524b63e69e5d7a90990b4b61034b53d44b173c8d80735daae59d7d5f1:pkg:deb/debian/libidn2-0@2.3.3-1+b1?arch=amd64&amp;upstream=libidn2%402.3.3-1&amp;distro=debian-12&amp;package-id=d55bc92b85423474">
          <publisher>Debian Libidn team &lt;help-libidn@gnu.org&gt;</publisher>
          <name>libidn2-0</name>
          <version>2.3.3-1+b1</version>
          <cpe>cpe:2.3:a:libidn2-0:libidn2-0:2.3.3-1\+b1:*:*:*:*:*:*:*</cpe>
          <purl>pkg:deb/debian/libidn2-0@2.3.3-1+b1?arch=amd64&amp;upstream=libidn2%402.3.3-1&amp;distro=debian-12</purl>
          <properties>
            <property name="syft:package:foundBy">dpkgdb-cataloger</property>
            <property name="syft:package:metadataType">DpkgMetadata</property>
            <property name="syft:package:type">deb</property>
            <property name="syft:cpe23">cpe:2.3:a:libidn2-0:libidn2_0:2.3.3-1\+b1:*:*:*:*:*:*:*</property>
            <property name="syft:cpe23">cpe:2.3:a:libidn2_0:libidn2-0:2.3.3-1\+b1:*:*:*:*:*:*:*</property>
            <property name="syft:cpe23">cpe:2.3:a:libidn2_0:libidn2_0:2.3.3-1\+b1:*:*:*:*:*:*:*</property>
            <property name="syft:cpe23">cpe:2.3:a:libidn2:libidn2-0:2.3.3-1\+b1:*:*:*:*:*:*:*</property>
            <property name="syft:cpe23">cpe:2.3:a:libidn2:libidn2_0:2.3.3-1\+b1:*:*:*:*:*:*:*</property>
            <property name="syft:location:0:layerID">sha256:fc2b159037d52a7e91b536606174fd69e8e39be1e374d6e2146fb958d95e264b</property>
            <property name="syft:location:0:path">/var/lib/dpkg/status.d/libidn2-0</property>
            <property name="syft:metadata:installedSize">439</property>
            <property name="syft:metadata:source">libidn2</property>
            <property name="syft:metadata:sourceVersion">2.3.3-1</property>
          </properties>
        </component>
        <component type="library" bom-ref="omnect/omnect-portal-windfarm-monitoring:0.9.0@sha256:c32f717524b63e69e5d7a90990b4b61034b53d44b173c8d80735daae59d7d5f1:pkg:deb/debian/libk5crypto3@1.20.1-2+deb12u1?arch=amd64&amp;upstream=krb5&amp;distro=debian-12&amp;package-id=7464b348ba1fc5d0">
          <publisher>Sam Hartman &lt;hartmans@debian.org&gt;</publisher>
          <name>libk5crypto3</name>
          <version>1.20.1-2+deb12u1</version>
          <cpe>cpe:2.3:a:libk5crypto3:libk5crypto3:1.20.1-2\+deb12u1:*:*:*:*:*:*:*</cpe>
          <purl>pkg:deb/debian/libk5crypto3@1.20.1-2+deb12u1?arch=amd64&amp;upstream=krb5&amp;distro=debian-12</purl>
          <properties>
            <property name="syft:package:foundBy">dpkgdb-cataloger</property>
            <property name="syft:package:metadataType">DpkgMetadata</property>
            <property name="syft:package:type">deb</property>
            <property name="syft:location:0:layerID">sha256:fc2b159037d52a7e91b536606174fd69e8e39be1e374d6e2146fb958d95e264b</property>
            <property name="syft:location:0:path">/var/lib/dpkg/status.d/libk5crypto3</property>
            <property name="syft:metadata:installedSize">260</property>
            <property name="syft:metadata:source">krb5</property>
          </properties>
        </component>
        <component type="library" bom-ref="omnect/omnect-portal-windfarm-monitoring:0.9.0@sha256:c32f717524b63e69e5d7a90990b4b61034b53d44b173c8d80735daae59d7d5f1:pkg:deb/debian/libkeyutils1@1.6.3-2?arch=amd64&amp;upstream=keyutils&amp;distro=debian-12&amp;package-id=cbaea10aee07acdf">
          <publisher>Christian Kastner &lt;ckk@debian.org&gt;</publisher>
          <name>libkeyutils1</name>
          <version>1.6.3-2</version>
          <cpe>cpe:2.3:a:libkeyutils1:libkeyutils1:1.6.3-2:*:*:*:*:*:*:*</cpe>
          <purl>pkg:deb/debian/libkeyutils1@1.6.3-2?arch=amd64&amp;upstream=keyutils&amp;distro=debian-12</purl>
          <properties>
            <property name="syft:package:foundBy">dpkgdb-cataloger</property>
            <property name="syft:package:metadataType">DpkgMetadata</property>
            <property name="syft:package:type">deb</property>
            <property name="syft:location:0:layerID">sha256:fc2b159037d52a7e91b536606174fd69e8e39be1e374d6e2146fb958d95e264b</property>
            <property name="syft:location:0:path">/var/lib/dpkg/status.d/libkeyutils1</property>
            <property name="syft:metadata:installedSize">40</property>
            <property name="syft:metadata:source">keyutils</property>
          </properties>
        </component>
        <component type="library" bom-ref="omnect/omnect-portal-windfarm-monitoring:0.9.0@sha256:c32f717524b63e69e5d7a90990b4b61034b53d44b173c8d80735daae59d7d5f1:pkg:deb/debian/libkrb5-3@1.20.1-2+deb12u1?arch=amd64&amp;upstream=krb5&amp;distro=debian-12&amp;package-id=19d9475a68b60cf3">
          <publisher>Sam Hartman &lt;hartmans@debian.org&gt;</publisher>
          <name>libkrb5-3</name>
          <version>1.20.1-2+deb12u1</version>
          <cpe>cpe:2.3:a:libkrb5-3:libkrb5-3:1.20.1-2\+deb12u1:*:*:*:*:*:*:*</cpe>
          <purl>pkg:deb/debian/libkrb5-3@1.20.1-2+deb12u1?arch=amd64&amp;upstream=krb5&amp;distro=debian-12</purl>
          <properties>
            <property name="syft:package:foundBy">dpkgdb-cataloger</property>
            <property name="syft:package:metadataType">DpkgMetadata</property>
            <property name="syft:package:type">deb</property>
            <property name="syft:cpe23">cpe:2.3:a:libkrb5-3:libkrb5_3:1.20.1-2\+deb12u1:*:*:*:*:*:*:*</property>
            <property name="syft:cpe23">cpe:2.3:a:libkrb5_3:libkrb5-3:1.20.1-2\+deb12u1:*:*:*:*:*:*:*</property>
            <property name="syft:cpe23">cpe:2.3:a:libkrb5_3:libkrb5_3:1.20.1-2\+deb12u1:*:*:*:*:*:*:*</property>
            <property name="syft:cpe23">cpe:2.3:a:libkrb5:libkrb5-3:1.20.1-2\+deb12u1:*:*:*:*:*:*:*</property>
            <property name="syft:cpe23">cpe:2.3:a:libkrb5:libkrb5_3:1.20.1-2\+deb12u1:*:*:*:*:*:*:*</property>
            <property name="syft:location:0:layerID">sha256:fc2b159037d52a7e91b536606174fd69e8e39be1e374d6e2146fb958d95e264b</property>
            <property name="syft:location:0:path">/var/lib/dpkg/status.d/libkrb5-3</property>
            <property name="syft:metadata:installedSize">1076</property>
            <property name="syft:metadata:source">krb5</property>
          </properties>
        </component>
        <component type="library" bom-ref="omnect/omnect-portal-windfarm-monitoring:0.9.0@sha256:c32f717524b63e69e5d7a90990b4b61034b53d44b173c8d80735daae59d7d5f1:pkg:deb/debian/libkrb5support0@1.20.1-2+deb12u1?arch=amd64&amp;upstream=krb5&amp;distro=debian-12&amp;package-id=987fa6f2cc44affa">
          <publisher>Sam Hartman &lt;hartmans@debian.org&gt;</publisher>
          <name>libkrb5support0</name>
          <version>1.20.1-2+deb12u1</version>
          <cpe>cpe:2.3:a:libkrb5support0:libkrb5support0:1.20.1-2\+deb12u1:*:*:*:*:*:*:*</cpe>
          <purl>pkg:deb/debian/libkrb5support0@1.20.1-2+deb12u1?arch=amd64&amp;upstream=krb5&amp;distro=debian-12</purl>
          <properties>
            <property name="syft:package:foundBy">dpkgdb-cataloger</property>
            <property name="syft:package:metadataType">DpkgMetadata</property>
            <property name="syft:package:type">deb</property>
            <property name="syft:location:0:layerID">sha256:fc2b159037d52a7e91b536606174fd69e8e39be1e374d6e2146fb958d95e264b</property>
            <property name="syft:location:0:path">/var/lib/dpkg/status.d/libkrb5support0</property>
            <property name="syft:metadata:installedSize">133</property>
            <property name="syft:metadata:source">krb5</property>
          </properties>
        </component>
        <component type="library" bom-ref="omnect/omnect-portal-windfarm-monitoring:0.9.0@sha256:c32f717524b63e69e5d7a90990b4b61034b53d44b173c8d80735daae59d7d5f1:pkg:deb/debian/libldap-2.5-0@2.5.13+dfsg-5?arch=amd64&amp;upstream=openldap&amp;distro=debian-12&amp;package-id=600563feb8128181">
          <publisher>Debian OpenLDAP Maintainers &lt;pkg-openldap-devel@lists.alioth.debian.org&gt;</publisher>
          <name>libldap-2.5-0</name>
          <version>2.5.13+dfsg-5</version>
          <cpe>cpe:2.3:a:libldap-2.5-0:libldap-2.5-0:2.5.13\+dfsg-5:*:*:*:*:*:*:*</cpe>
          <purl>pkg:deb/debian/libldap-2.5-0@2.5.13+dfsg-5?arch=amd64&amp;upstream=openldap&amp;distro=debian-12</purl>
          <properties>
            <property name="syft:package:foundBy">dpkgdb-cataloger</property>
            <property name="syft:package:metadataType">DpkgMetadata</property>
            <property name="syft:package:type">deb</property>
            <property name="syft:cpe23">cpe:2.3:a:libldap-2.5-0:libldap_2.5_0:2.5.13\+dfsg-5:*:*:*:*:*:*:*</property>
            <property name="syft:cpe23">cpe:2.3:a:libldap_2.5_0:libldap-2.5-0:2.5.13\+dfsg-5:*:*:*:*:*:*:*</property>
            <property name="syft:cpe23">cpe:2.3:a:libldap_2.5_0:libldap_2.5_0:2.5.13\+dfsg-5:*:*:*:*:*:*:*</property>
            <property name="syft:cpe23">cpe:2.3:a:libldap-2.5:libldap-2.5-0:2.5.13\+dfsg-5:*:*:*:*:*:*:*</property>
            <property name="syft:cpe23">cpe:2.3:a:libldap-2.5:libldap_2.5_0:2.5.13\+dfsg-5:*:*:*:*:*:*:*</property>
            <property name="syft:cpe23">cpe:2.3:a:libldap_2.5:libldap-2.5-0:2.5.13\+dfsg-5:*:*:*:*:*:*:*</property>
            <property name="syft:cpe23">cpe:2.3:a:libldap_2.5:libldap_2.5_0:2.5.13\+dfsg-5:*:*:*:*:*:*:*</property>
            <property name="syft:cpe23">cpe:2.3:a:libldap:libldap-2.5-0:2.5.13\+dfsg-5:*:*:*:*:*:*:*</property>
            <property name="syft:cpe23">cpe:2.3:a:libldap:libldap_2.5_0:2.5.13\+dfsg-5:*:*:*:*:*:*:*</property>
            <property name="syft:location:0:layerID">sha256:fc2b159037d52a7e91b536606174fd69e8e39be1e374d6e2146fb958d95e264b</property>
            <property name="syft:location:0:path">/var/lib/dpkg/status.d/libldap-2.5-0</property>
            <property name="syft:metadata:installedSize">553</property>
            <property name="syft:metadata:source">openldap</property>
          </properties>
        </component>
        <component type="library" bom-ref="omnect/omnect-portal-windfarm-monitoring:0.9.0@sha256:c32f717524b63e69e5d7a90990b4b61034b53d44b173c8d80735daae59d7d5f1:pkg:deb/debian/libnettle8@3.8.1-2?arch=amd64&amp;upstream=nettle&amp;distro=debian-12&amp;package-id=c3d7936bdbb71332">
          <publisher>Magnus Holmgren &lt;holmgren@debian.org&gt;</publisher>
          <name>libnettle8</name>
          <version>3.8.1-2</version>
          <cpe>cpe:2.3:a:libnettle8:libnettle8:3.8.1-2:*:*:*:*:*:*:*</cpe>
          <purl>pkg:deb/debian/libnettle8@3.8.1-2?arch=amd64&amp;upstream=nettle&amp;distro=debian-12</purl>
          <properties>
            <property name="syft:package:foundBy">dpkgdb-cataloger</property>
            <property name="syft:package:metadataType">DpkgMetadata</property>
            <property name="syft:package:type">deb</property>
            <property name="syft:location:0:layerID">sha256:fc2b159037d52a7e91b536606174fd69e8e39be1e374d6e2146fb958d95e264b</property>
            <property name="syft:location:0:path">/var/lib/dpkg/status.d/libnettle8</property>
            <property name="syft:metadata:installedSize">520</property>
            <property name="syft:metadata:source">nettle</property>
          </properties>
        </component>
        <component type="library" bom-ref="omnect/omnect-portal-windfarm-monitoring:0.9.0@sha256:c32f717524b63e69e5d7a90990b4b61034b53d44b173c8d80735daae59d7d5f1:pkg:deb/debian/libnghttp2-14@1.52.0-1+deb12u1?arch=amd64&amp;upstream=nghttp2&amp;distro=debian-12&amp;package-id=45396a723ba4e788">
          <publisher>Tomasz Buchert &lt;tomasz@debian.org&gt;</publisher>
          <name>libnghttp2-14</name>
          <version>1.52.0-1+deb12u1</version>
          <cpe>cpe:2.3:a:libnghttp2-14:libnghttp2-14:1.52.0-1\+deb12u1:*:*:*:*:*:*:*</cpe>
          <purl>pkg:deb/debian/libnghttp2-14@1.52.0-1+deb12u1?arch=amd64&amp;upstream=nghttp2&amp;distro=debian-12</purl>
          <properties>
            <property name="syft:package:foundBy">dpkgdb-cataloger</property>
            <property name="syft:package:metadataType">DpkgMetadata</property>
            <property name="syft:package:type">deb</property>
            <property name="syft:cpe23">cpe:2.3:a:libnghttp2-14:libnghttp2_14:1.52.0-1\+deb12u1:*:*:*:*:*:*:*</property>
            <property name="syft:cpe23">cpe:2.3:a:libnghttp2_14:libnghttp2-14:1.52.0-1\+deb12u1:*:*:*:*:*:*:*</property>
            <property name="syft:cpe23">cpe:2.3:a:libnghttp2_14:libnghttp2_14:1.52.0-1\+deb12u1:*:*:*:*:*:*:*</property>
            <property name="syft:cpe23">cpe:2.3:a:libnghttp2:libnghttp2-14:1.52.0-1\+deb12u1:*:*:*:*:*:*:*</property>
            <property name="syft:cpe23">cpe:2.3:a:libnghttp2:libnghttp2_14:1.52.0-1\+deb12u1:*:*:*:*:*:*:*</property>
            <property name="syft:location:0:layerID">sha256:fc2b159037d52a7e91b536606174fd69e8e39be1e374d6e2146fb958d95e264b</property>
            <property name="syft:location:0:path">/var/lib/dpkg/status.d/libnghttp2-14</property>
            <property name="syft:metadata:installedSize">220</property>
            <property name="syft:metadata:source">nghttp2</property>
          </properties>
        </component>
        <component type="library" bom-ref="omnect/omnect-portal-windfarm-monitoring:0.9.0@sha256:c32f717524b63e69e5d7a90990b4b61034b53d44b173c8d80735daae59d7d5f1:pkg:deb/debian/libp11-kit0@0.24.1-2?arch=amd64&amp;upstream=p11-kit&amp;distro=debian-12&amp;package-id=76cd1ae478d56251">
          <publisher>Debian GnuTLS Maintainers &lt;pkg-gnutls-maint@lists.alioth.debian.org&gt;</publisher>
          <name>libp11-kit0</name>
          <version>0.24.1-2</version>
          <cpe>cpe:2.3:a:libp11-kit0:libp11-kit0:0.24.1-2:*:*:*:*:*:*:*</cpe>
          <purl>pkg:deb/debian/libp11-kit0@0.24.1-2?arch=amd64&amp;upstream=p11-kit&amp;distro=debian-12</purl>
          <properties>
            <property name="syft:package:foundBy">dpkgdb-cataloger</property>
            <property name="syft:package:metadataType">DpkgMetadata</property>
            <property name="syft:package:type">deb</property>
            <property name="syft:cpe23">cpe:2.3:a:libp11-kit0:libp11_kit0:0.24.1-2:*:*:*:*:*:*:*</property>
            <property name="syft:cpe23">cpe:2.3:a:libp11_kit0:libp11-kit0:0.24.1-2:*:*:*:*:*:*:*</property>
            <property name="syft:cpe23">cpe:2.3:a:libp11_kit0:libp11_kit0:0.24.1-2:*:*:*:*:*:*:*</property>
            <property name="syft:cpe23">cpe:2.3:a:libp11:libp11-kit0:0.24.1-2:*:*:*:*:*:*:*</property>
            <property name="syft:cpe23">cpe:2.3:a:libp11:libp11_kit0:0.24.1-2:*:*:*:*:*:*:*</property>
            <property name="syft:location:0:layerID">sha256:fc2b159037d52a7e91b536606174fd69e8e39be1e374d6e2146fb958d95e264b</property>
            <property name="syft:location:0:path">/var/lib/dpkg/status.d/libp11-kit0</property>
            <property name="syft:metadata:installedSize">1408</property>
            <property name="syft:metadata:source">p11-kit</property>
          </properties>
        </component>
        <component type="library" bom-ref="omnect/omnect-portal-windfarm-monitoring:0.9.0@sha256:c32f717524b63e69e5d7a90990b4b61034b53d44b173c8d80735daae59d7d5f1:pkg:deb/debian/libpsl5@0.21.2-1?arch=amd64&amp;upstream=libpsl&amp;distro=debian-12&amp;package-id=7da7bbf666aa6f50">
          <publisher>Tim Rühsen &lt;tim.ruehsen@gmx.de&gt;</publisher>
          <name>libpsl5</name>
          <version>0.21.2-1</version>
          <cpe>cpe:2.3:a:libpsl5:libpsl5:0.21.2-1:*:*:*:*:*:*:*</cpe>
          <purl>pkg:deb/debian/libpsl5@0.21.2-1?arch=amd64&amp;upstream=libpsl&amp;distro=debian-12</purl>
          <properties>
            <property name="syft:package:foundBy">dpkgdb-cataloger</property>
            <property name="syft:package:metadataType">DpkgMetadata</property>
            <property name="syft:package:type">deb</property>
            <property name="syft:location:0:layerID">sha256:fc2b159037d52a7e91b536606174fd69e8e39be1e374d6e2146fb958d95e264b</property>
            <property name="syft:location:0:path">/var/lib/dpkg/status.d/libpsl5</property>
            <property name="syft:metadata:installedSize">96</property>
            <property name="syft:metadata:source">libpsl</property>
          </properties>
        </component>
        <component type="library" bom-ref="omnect/omnect-portal-windfarm-monitoring:0.9.0@sha256:c32f717524b63e69e5d7a90990b4b61034b53d44b173c8d80735daae59d7d5f1:pkg:deb/debian/librtmp1@2.4+20151223.gitfa8646d.1-2+b2?arch=amd64&amp;upstream=rtmpdump%402.4+20151223.gitfa8646d.1-2&amp;distro=debian-12&amp;package-id=94ab2cce20a80c7a">
          <publisher>Debian Multimedia Maintainers &lt;debian-multimedia@lists.debian.org&gt;</publisher>
          <name>librtmp1</name>
          <version>2.4+20151223.gitfa8646d.1-2+b2</version>
          <cpe>cpe:2.3:a:librtmp1:librtmp1:2.4\+20151223.gitfa8646d.1-2\+b2:*:*:*:*:*:*:*</cpe>
          <purl>pkg:deb/debian/librtmp1@2.4+20151223.gitfa8646d.1-2+b2?arch=amd64&amp;upstream=rtmpdump%402.4+20151223.gitfa8646d.1-2&amp;distro=debian-12</purl>
          <properties>
            <property name="syft:package:foundBy">dpkgdb-cataloger</property>
            <property name="syft:package:metadataType">DpkgMetadata</property>
            <property name="syft:package:type">deb</property>
            <property name="syft:location:0:layerID">sha256:fc2b159037d52a7e91b536606174fd69e8e39be1e374d6e2146fb958d95e264b</property>
            <property name="syft:location:0:path">/var/lib/dpkg/status.d/librtmp1</property>
            <property name="syft:metadata:installedSize">146</property>
            <property name="syft:metadata:source">rtmpdump</property>
            <property name="syft:metadata:sourceVersion">2.4+20151223.gitfa8646d.1-2</property>
          </properties>
        </component>
        <component type="library" bom-ref="omnect/omnect-portal-windfarm-monitoring:0.9.0@sha256:c32f717524b63e69e5d7a90990b4b61034b53d44b173c8d80735daae59d7d5f1:pkg:deb/debian/libsasl2-2@2.1.28+dfsg-10?arch=amd64&amp;upstream=cyrus-sasl2&amp;distro=debian-12&amp;package-id=56b9a42dabac6897">
          <publisher>Debian Cyrus Team &lt;team+cyrus@tracker.debian.org&gt;</publisher>
          <name>libsasl2-2</name>
          <version>2.1.28+dfsg-10</version>
          <cpe>cpe:2.3:a:libsasl2-2:libsasl2-2:2.1.28\+dfsg-10:*:*:*:*:*:*:*</cpe>
          <purl>pkg:deb/debian/libsasl2-2@2.1.28+dfsg-10?arch=amd64&amp;upstream=cyrus-sasl2&amp;distro=debian-12</purl>
          <properties>
            <property name="syft:package:foundBy">dpkgdb-cataloger</property>
            <property name="syft:package:metadataType">DpkgMetadata</property>
            <property name="syft:package:type">deb</property>
            <property name="syft:cpe23">cpe:2.3:a:libsasl2-2:libsasl2_2:2.1.28\+dfsg-10:*:*:*:*:*:*:*</property>
            <property name="syft:cpe23">cpe:2.3:a:libsasl2_2:libsasl2-2:2.1.28\+dfsg-10:*:*:*:*:*:*:*</property>
            <property name="syft:cpe23">cpe:2.3:a:libsasl2_2:libsasl2_2:2.1.28\+dfsg-10:*:*:*:*:*:*:*</property>
            <property name="syft:cpe23">cpe:2.3:a:libsasl2:libsasl2-2:2.1.28\+dfsg-10:*:*:*:*:*:*:*</property>
            <property name="syft:cpe23">cpe:2.3:a:libsasl2:libsasl2_2:2.1.28\+dfsg-10:*:*:*:*:*:*:*</property>
            <property name="syft:location:0:layerID">sha256:fc2b159037d52a7e91b536606174fd69e8e39be1e374d6e2146fb958d95e264b</property>
            <property name="syft:location:0:path">/var/lib/dpkg/status.d/libsasl2-2</property>
            <property name="syft:metadata:installedSize">167</property>
            <property name="syft:metadata:source">cyrus-sasl2</property>
          </properties>
        </component>
        <component type="library" bom-ref="omnect/omnect-portal-windfarm-monitoring:0.9.0@sha256:c32f717524b63e69e5d7a90990b4b61034b53d44b173c8d80735daae59d7d5f1:pkg:deb/debian/libssh2-1@1.10.0-3+b1?arch=amd64&amp;upstream=libssh2%401.10.0-3&amp;distro=debian-12&amp;package-id=39171b5cad142893">
          <publisher>Nicolas Mora &lt;babelouest@debian.org&gt;</publisher>
          <name>libssh2-1</name>
          <version>1.10.0-3+b1</version>
          <cpe>cpe:2.3:a:libssh2-1:libssh2-1:1.10.0-3\+b1:*:*:*:*:*:*:*</cpe>
          <purl>pkg:deb/debian/libssh2-1@1.10.0-3+b1?arch=amd64&amp;upstream=libssh2%401.10.0-3&amp;distro=debian-12</purl>
          <properties>
            <property name="syft:package:foundBy">dpkgdb-cataloger</property>
            <property name="syft:package:metadataType">DpkgMetadata</property>
            <property name="syft:package:type">deb</property>
            <property name="syft:cpe23">cpe:2.3:a:libssh2-1:libssh2_1:1.10.0-3\+b1:*:*:*:*:*:*:*</property>
            <property name="syft:cpe23">cpe:2.3:a:libssh2_1:libssh2-1:1.10.0-3\+b1:*:*:*:*:*:*:*</property>
            <property name="syft:cpe23">cpe:2.3:a:libssh2_1:libssh2_1:1.10.0-3\+b1:*:*:*:*:*:*:*</property>
            <property name="syft:cpe23">cpe:2.3:a:libssh2:libssh2-1:1.10.0-3\+b1:*:*:*:*:*:*:*</property>
            <property name="syft:cpe23">cpe:2.3:a:libssh2:libssh2_1:1.10.0-3\+b1:*:*:*:*:*:*:*</property>
            <property name="syft:location:0:layerID">sha256:fc2b159037d52a7e91b536606174fd69e8e39be1e374d6e2146fb958d95e264b</property>
            <property name="syft:location:0:path">/var/lib/dpkg/status.d/libssh2-1</property>
            <property name="syft:metadata:installedSize">357</property>
            <property name="syft:metadata:source">libssh2</property>
            <property name="syft:metadata:sourceVersion">1.10.0-3</property>
          </properties>
        </component>
        <component type="library" bom-ref="omnect/omnect-portal-windfarm-monitoring:0.9.0@sha256:c32f717524b63e69e5d7a90990b4b61034b53d44b173c8d80735daae59d7d5f1:pkg:deb/debian/libssl3@3.0.13-1~deb12u1?arch=amd64&amp;upstream=openssl&amp;distro=debian-12&amp;package-id=4bd2ed1ba9ce2789">
          <publisher>Debian OpenSSL Team &lt;pkg-openssl-devel@alioth-lists.debian.net&gt;</publisher>
          <name>libssl3</name>
          <version>3.0.13-1~deb12u1</version>
          <licenses>
            <license>
              <id>Apache-2.0</id>
            </license>
          </licenses>
          <cpe>cpe:2.3:a:libssl3:libssl3:3.0.13-1\~deb12u1:*:*:*:*:*:*:*</cpe>
          <purl>pkg:deb/debian/libssl3@3.0.13-1~deb12u1?arch=amd64&amp;upstream=openssl&amp;distro=debian-12</purl>
          <properties>
            <property name="syft:package:foundBy">dpkgdb-cataloger</property>
            <property name="syft:package:metadataType">DpkgMetadata</property>
            <property name="syft:package:type">deb</property>
            <property name="syft:location:0:layerID">sha256:9c72aa2ec06c9f3c851381644e4ba739f6cc7bf201fdb8f064d8c3f64426e1dc</property>
            <property name="syft:location:0:path">/usr/share/doc/libssl3/copyright</property>
            <property name="syft:location:1:layerID">sha256:9c72aa2ec06c9f3c851381644e4ba739f6cc7bf201fdb8f064d8c3f64426e1dc</property>
            <property name="syft:location:1:path">/var/lib/dpkg/status.d/libssl3</property>
            <property name="syft:metadata:installedSize">6008</property>
            <property name="syft:metadata:source">openssl</property>
          </properties>
        </component>
        <component type="library" bom-ref="omnect/omnect-portal-windfarm-monitoring:0.9.0@sha256:c32f717524b63e69e5d7a90990b4b61034b53d44b173c8d80735daae59d7d5f1:pkg:deb/debian/libstdc++6@12.2.0-14?arch=amd64&amp;upstream=gcc-12&amp;distro=debian-12&amp;package-id=a3d4bd4a5482ae">
          <publisher>Debian GCC Maintainers &lt;debian-gcc@lists.debian.org&gt;</publisher>
          <name>libstdc++6</name>
          <version>12.2.0-14</version>
          <cpe>cpe:2.3:a:libstdc\+\+6:libstdc\+\+6:12.2.0-14:*:*:*:*:*:*:*</cpe>
          <purl>pkg:deb/debian/libstdc++6@12.2.0-14?arch=amd64&amp;upstream=gcc-12&amp;distro=debian-12</purl>
          <properties>
            <property name="syft:package:foundBy">dpkgdb-cataloger</property>
            <property name="syft:package:metadataType">DpkgMetadata</property>
            <property name="syft:package:type">deb</property>
            <property name="syft:location:0:layerID">sha256:8b54e36e698a411476f9489fd0abef8be1d32d419c24fb49401f7bd74d1b8c42</property>
            <property name="syft:location:0:path">/var/lib/dpkg/status.d/libstdc++6</property>
            <property name="syft:metadata:installedSize">2686</property>
            <property name="syft:metadata:source">gcc-12</property>
          </properties>
        </component>
        <component type="library" bom-ref="omnect/omnect-portal-windfarm-monitoring:0.9.0@sha256:c32f717524b63e69e5d7a90990b4b61034b53d44b173c8d80735daae59d7d5f1:pkg:deb/debian/libtasn1-6@4.19.0-2?arch=amd64&amp;distro=debian-12&amp;package-id=c832f77b375d3619">
          <publisher>Debian GnuTLS Maintainers &lt;pkg-gnutls-maint@lists.alioth.debian.org&gt;</publisher>
          <name>libtasn1-6</name>
          <version>4.19.0-2</version>
          <cpe>cpe:2.3:a:libtasn1-6:libtasn1-6:4.19.0-2:*:*:*:*:*:*:*</cpe>
          <purl>pkg:deb/debian/libtasn1-6@4.19.0-2?arch=amd64&amp;distro=debian-12</purl>
          <properties>
            <property name="syft:package:foundBy">dpkgdb-cataloger</property>
            <property name="syft:package:metadataType">DpkgMetadata</property>
            <property name="syft:package:type">deb</property>
            <property name="syft:cpe23">cpe:2.3:a:libtasn1-6:libtasn1_6:4.19.0-2:*:*:*:*:*:*:*</property>
            <property name="syft:cpe23">cpe:2.3:a:libtasn1_6:libtasn1-6:4.19.0-2:*:*:*:*:*:*:*</property>
            <property name="syft:cpe23">cpe:2.3:a:libtasn1_6:libtasn1_6:4.19.0-2:*:*:*:*:*:*:*</property>
            <property name="syft:cpe23">cpe:2.3:a:libtasn1:libtasn1-6:4.19.0-2:*:*:*:*:*:*:*</property>
            <property name="syft:cpe23">cpe:2.3:a:libtasn1:libtasn1_6:4.19.0-2:*:*:*:*:*:*:*</property>
            <property name="syft:location:0:layerID">sha256:fc2b159037d52a7e91b536606174fd69e8e39be1e374d6e2146fb958d95e264b</property>
            <property name="syft:location:0:path">/var/lib/dpkg/status.d/libtasn1-6</property>
            <property name="syft:metadata:installedSize">124</property>
          </properties>
        </component>
        <component type="library" bom-ref="omnect/omnect-portal-windfarm-monitoring:0.9.0@sha256:c32f717524b63e69e5d7a90990b4b61034b53d44b173c8d80735daae59d7d5f1:pkg:deb/debian/libunistring2@1.0-2?arch=amd64&amp;upstream=libunistring&amp;distro=debian-12&amp;package-id=863188dbe3ccedd5">
          <publisher>Jörg Frings-Fürst &lt;debian@jff.email&gt;</publisher>
          <name>libunistring2</name>
          <version>1.0-2</version>
          <cpe>cpe:2.3:a:libunistring2:libunistring2:1.0-2:*:*:*:*:*:*:*</cpe>
          <purl>pkg:deb/debian/libunistring2@1.0-2?arch=amd64&amp;upstream=libunistring&amp;distro=debian-12</purl>
          <properties>
            <property name="syft:package:foundBy">dpkgdb-cataloger</property>
            <property name="syft:package:metadataType">DpkgMetadata</property>
            <property name="syft:package:type">deb</property>
            <property name="syft:location:0:layerID">sha256:fc2b159037d52a7e91b536606174fd69e8e39be1e374d6e2146fb958d95e264b</property>
            <property name="syft:location:0:path">/var/lib/dpkg/status.d/libunistring2</property>
            <property name="syft:metadata:installedSize">1807</property>
            <property name="syft:metadata:source">libunistring</property>
          </properties>
        </component>
        <component type="library" bom-ref="omnect/omnect-portal-windfarm-monitoring:0.9.0@sha256:c32f717524b63e69e5d7a90990b4b61034b53d44b173c8d80735daae59d7d5f1:pkg:deb/debian/libuuid1@2.38.1-5+deb12u1?arch=amd64&amp;upstream=util-linux&amp;distro=debian-12&amp;package-id=6a74a9df7f0baa25">
          <publisher>util-linux packagers &lt;util-linux@packages.debian.org&gt;</publisher>
          <name>libuuid1</name>
          <version>2.38.1-5+deb12u1</version>
          <cpe>cpe:2.3:a:libuuid1:libuuid1:2.38.1-5\+deb12u1:*:*:*:*:*:*:*</cpe>
          <purl>pkg:deb/debian/libuuid1@2.38.1-5+deb12u1?arch=amd64&amp;upstream=util-linux&amp;distro=debian-12</purl>
          <properties>
            <property name="syft:package:foundBy">dpkgdb-cataloger</property>
            <property name="syft:package:metadataType">DpkgMetadata</property>
            <property name="syft:package:type">deb</property>
            <property name="syft:location:0:layerID">sha256:fc2b159037d52a7e91b536606174fd69e8e39be1e374d6e2146fb958d95e264b</property>
            <property name="syft:location:0:path">/var/lib/dpkg/status.d/libuuid1</property>
            <property name="syft:metadata:installedSize">79</property>
            <property name="syft:metadata:source">util-linux</property>
          </properties>
        </component>
        <component type="library" bom-ref="omnect/omnect-portal-windfarm-monitoring:0.9.0@sha256:c32f717524b63e69e5d7a90990b4b61034b53d44b173c8d80735daae59d7d5f1:pkg:deb/debian/libzstd1@1.5.4+dfsg2-5?arch=amd64&amp;upstream=libzstd&amp;distro=debian-12&amp;package-id=472d33f3cd42c7b4">
          <publisher>RPM packaging team &lt;team+pkg-rpm@tracker.debian.org&gt;</publisher>
          <name>libzstd1</name>
          <version>1.5.4+dfsg2-5</version>
          <cpe>cpe:2.3:a:libzstd1:libzstd1:1.5.4\+dfsg2-5:*:*:*:*:*:*:*</cpe>
          <purl>pkg:deb/debian/libzstd1@1.5.4+dfsg2-5?arch=amd64&amp;upstream=libzstd&amp;distro=debian-12</purl>
          <properties>
            <property name="syft:package:foundBy">dpkgdb-cataloger</property>
            <property name="syft:package:metadataType">DpkgMetadata</property>
            <property name="syft:package:type">deb</property>
            <property name="syft:location:0:layerID">sha256:fc2b159037d52a7e91b536606174fd69e8e39be1e374d6e2146fb958d95e264b</property>
            <property name="syft:location:0:path">/var/lib/dpkg/status.d/libzstd1</property>
            <property name="syft:metadata:installedSize">785</property>
            <property name="syft:metadata:source">libzstd</property>
          </properties>
        </component>
        <component type="library" bom-ref="omnect/omnect-portal-windfarm-monitoring:0.9.0@sha256:c32f717524b63e69e5d7a90990b4b61034b53d44b173c8d80735daae59d7d5f1:pkg:deb/debian/netbase@6.4?arch=all&amp;distro=debian-12&amp;package-id=e2bf1e22c187c6fc">
          <publisher>Marco d'Itri &lt;md@linux.it&gt;</publisher>
          <name>netbase</name>
          <version>6.4</version>
          <licenses>
            <license>
              <id>GPL-2.0-only</id>
            </license>
          </licenses>
          <cpe>cpe:2.3:a:netbase:netbase:6.4:*:*:*:*:*:*:*</cpe>
          <purl>pkg:deb/debian/netbase@6.4?arch=all&amp;distro=debian-12</purl>
          <properties>
            <property name="syft:package:foundBy">dpkgdb-cataloger</property>
            <property name="syft:package:metadataType">DpkgMetadata</property>
            <property name="syft:package:type">deb</property>
            <property name="syft:location:0:layerID">sha256:49626df344c912cfe9f8d8fcd635d301bd41127cd326914212cf2443a96cf421</property>
            <property name="syft:location:0:path">/usr/share/doc/netbase/copyright</property>
            <property name="syft:location:1:layerID">sha256:49626df344c912cfe9f8d8fcd635d301bd41127cd326914212cf2443a96cf421</property>
            <property name="syft:location:1:path">/var/lib/dpkg/status.d/netbase</property>
            <property name="syft:metadata:installedSize">36</property>
          </properties>
        </component>
        <component type="library" bom-ref="omnect/omnect-portal-windfarm-monitoring:0.9.0@sha256:c32f717524b63e69e5d7a90990b4b61034b53d44b173c8d80735daae59d7d5f1:pkg:deb/debian/tzdata@2024a-0+deb12u1?arch=all&amp;distro=debian-12&amp;package-id=6dcfef58e5877aa7">
          <publisher>GNU Libc Maintainers &lt;debian-glibc@lists.debian.org&gt;</publisher>
          <name>tzdata</name>
          <version>2024a-0+deb12u1</version>
          <cpe>cpe:2.3:a:tzdata:tzdata:2024a-0\+deb12u1:*:*:*:*:*:*:*</cpe>
          <purl>pkg:deb/debian/tzdata@2024a-0+deb12u1?arch=all&amp;distro=debian-12</purl>
          <properties>
            <property name="syft:package:foundBy">dpkgdb-cataloger</property>
            <property name="syft:package:metadataType">DpkgMetadata</property>
            <property name="syft:package:type">deb</property>
            <property name="syft:location:0:layerID">sha256:945d17be9a3e27af5ca1c671792bf1a8f2c3f4d13d3994665d95f084ed4f8a60</property>
            <property name="syft:location:0:path">/usr/share/doc/tzdata/copyright</property>
            <property name="syft:location:1:layerID">sha256:945d17be9a3e27af5ca1c671792bf1a8f2c3f4d13d3994665d95f084ed4f8a60</property>
            <property name="syft:location:1:path">/var/lib/dpkg/status.d/tzdata</property>
            <property name="syft:metadata:installedSize">2554</property>
          </properties>
        </component>
        <component type="library" bom-ref="omnect/omnect-portal-windfarm-monitoring:0.9.0@sha256:c32f717524b63e69e5d7a90990b4b61034b53d44b173c8d80735daae59d7d5f1:pkg:deb/debian/zlib1g@1:1.2.13.dfsg-1?arch=amd64&amp;upstream=zlib&amp;distro=debian-12&amp;package-id=5ab9368e61eebf9b">
          <publisher>Mark Brown &lt;broonie@debian.org&gt;</publisher>
          <name>zlib1g</name>
          <version>1:1.2.13.dfsg-1</version>
          <cpe>cpe:2.3:a:zlib1g:zlib1g:1\:1.2.13.dfsg-1:*:*:*:*:*:*:*</cpe>
          <purl>pkg:deb/debian/zlib1g@1:1.2.13.dfsg-1?arch=amd64&amp;upstream=zlib&amp;distro=debian-12</purl>
          <properties>
            <property name="syft:package:foundBy">dpkgdb-cataloger</property>
            <property name="syft:package:metadataType">DpkgMetadata</property>
            <property name="syft:package:type">deb</property>
            <property name="syft:location:0:layerID">sha256:fc2b159037d52a7e91b536606174fd69e8e39be1e374d6e2146fb958d95e264b</property>
            <property name="syft:location:0:path">/var/lib/dpkg/status.d/zlib1g</property>
            <property name="syft:metadata:installedSize">168</property>
            <property name="syft:metadata:source">zlib</property>
          </properties>
        </component>
        <component type="library" bom-ref="omnect/omnect-portal-windfarm-monitoring:0.9.0@sha256:c32f717524b63e69e5d7a90990b4b61034b53d44b173c8d80735daae59d7d5f1:pkg:deb/debian/zlib1g-dev@1:1.2.13.dfsg-1?arch=amd64&amp;upstream=zlib&amp;distro=debian-12&amp;package-id=150c8e5c52f3ef19">
          <publisher>Mark Brown &lt;broonie@debian.org&gt;</publisher>
          <name>zlib1g-dev</name>
          <version>1:1.2.13.dfsg-1</version>
          <cpe>cpe:2.3:a:zlib1g-dev:zlib1g-dev:1\:1.2.13.dfsg-1:*:*:*:*:*:*:*</cpe>
          <purl>pkg:deb/debian/zlib1g-dev@1:1.2.13.dfsg-1?arch=amd64&amp;upstream=zlib&amp;distro=debian-12</purl>
          <properties>
            <property name="syft:package:foundBy">dpkgdb-cataloger</property>
            <property name="syft:package:metadataType">DpkgMetadata</property>
            <property name="syft:package:type">deb</property>
            <property name="syft:cpe23">cpe:2.3:a:zlib1g-dev:zlib1g_dev:1\:1.2.13.dfsg-1:*:*:*:*:*:*:*</property>
            <property name="syft:cpe23">cpe:2.3:a:zlib1g_dev:zlib1g-dev:1\:1.2.13.dfsg-1:*:*:*:*:*:*:*</property>
            <property name="syft:cpe23">cpe:2.3:a:zlib1g_dev:zlib1g_dev:1\:1.2.13.dfsg-1:*:*:*:*:*:*:*</property>
            <property name="syft:cpe23">cpe:2.3:a:zlib1g:zlib1g-dev:1\:1.2.13.dfsg-1:*:*:*:*:*:*:*</property>
            <property name="syft:cpe23">cpe:2.3:a:zlib1g:zlib1g_dev:1\:1.2.13.dfsg-1:*:*:*:*:*:*:*</property>
            <property name="syft:location:0:layerID">sha256:fc2b159037d52a7e91b536606174fd69e8e39be1e374d6e2146fb958d95e264b</property>
            <property name="syft:location:0:path">/var/lib/dpkg/status.d/zlib1g</property>
            <property name="syft:metadata:installedSize">1310</property>
            <property name="syft:metadata:source">zlib</property>
          </properties>
        </component>
        <component type="operating-system">
          <name>debian</name>
          <version>12</version>
          <description>Debian GNU/Linux 12 (bookworm)</description>
          <swid tagId="debian" name="debian" version="12" tagVersion="0" patch="false" />
          <externalReferences>
            <reference type="issue-tracker">
              <url>https://bugs.debian.org/</url>
            </reference>
            <reference type="website">
              <url>https://www.debian.org/</url>
            </reference>
            <reference type="other">
              <url>https://www.debian.org/support</url>
              <comment>support</comment>
            </reference>
          </externalReferences>
          <properties>
            <property name="syft:distro:id">debian</property>
            <property name="syft:distro:prettyName">Debian GNU/Linux 12 (bookworm)</property>
            <property name="syft:distro:versionCodename">bookworm</property>
            <property name="syft:distro:versionID">12</property>
          </properties>
        </component>
      </components>
    </component>
  </components>
  <dependencies>
    <dependency ref="test-merge@1.2.3">
      <dependency ref="windfarm-monitoring@0.3.7:pkg:cargo/windfarm-monitoring@0.3.7" />
      <dependency ref="omnect/omnect-portal-windfarm-monitoring:0.9.0@sha256:c32f717524b63e69e5d7a90990b4b61034b53d44b173c8d80735daae59d7d5f1:dfc15bac4446567d" />
    </dependency>
  </dependencies>
</bom>